{"/Users/apple/code/node/node-training-project/app.js": {"path":"/Users/apple/code/node/node-training-project/app.js","statementMap":{"0":{"start":{"line":1,"column":16},"end":{"line":1,"column":34}},"1":{"start":{"line":2,"column":13},"end":{"line":2,"column":28}},"2":{"start":{"line":3,"column":15},"end":{"line":3,"column":32}},"3":{"start":{"line":4,"column":20},"end":{"line":4,"column":42}},"4":{"start":{"line":5,"column":15},"end":{"line":5,"column":34}},"5":{"start":{"line":6,"column":31},"end":{"line":6,"column":70}},"6":{"start":{"line":7,"column":31},"end":{"line":7,"column":63}},"7":{"start":{"line":9,"column":12},"end":{"line":9,"column":21}},"8":{"start":{"line":10,"column":0},"end":{"line":10,"column":24}},"9":{"start":{"line":13,"column":0},"end":{"line":13,"column":58}},"10":{"start":{"line":16,"column":0},"end":{"line":16,"column":18}},"11":{"start":{"line":19,"column":0},"end":{"line":19,"column":23}},"12":{"start":{"line":22,"column":0},"end":{"line":22,"column":28}},"13":{"start":{"line":25,"column":0},"end":{"line":25,"column":32}},"14":{"start":{"line":27,"column":0},"end":{"line":29,"column":3}},"15":{"start":{"line":28,"column":2},"end":{"line":28,"column":60}},"16":{"start":{"line":32,"column":0},"end":{"line":32,"column":27}},"17":{"start":{"line":35,"column":0},"end":{"line":39,"column":3}},"18":{"start":{"line":36,"column":20},"end":{"line":36,"column":38}},"19":{"start":{"line":37,"column":4},"end":{"line":37,"column":47}},"20":{"start":{"line":41,"column":0},"end":{"line":41,"column":21}}},"fnMap":{"0":{"name":"(anonymous_0)","decl":{"start":{"line":27,"column":19},"end":{"line":27,"column":20}},"loc":{"start":{"line":27,"column":34},"end":{"line":29,"column":1}},"line":27},"1":{"name":"(anonymous_1)","decl":{"start":{"line":35,"column":8},"end":{"line":35,"column":9}},"loc":{"start":{"line":35,"column":22},"end":{"line":39,"column":1}},"line":35}},"branchMap":{},"s":{"0":3,"1":3,"2":3,"3":3,"4":3,"5":3,"6":3,"7":3,"8":3,"9":3,"10":3,"11":3,"12":3,"13":3,"14":3,"15":0,"16":3,"17":3,"18":1,"19":1,"20":3},"f":{"0":0,"1":1},"b":{},"_coverageSchema":"1a1c01bbd47fc00a2c39e90264f33305004495a9","hash":"c7ea1aa4c353caa72749cae39839f11d796a7db1"}
,"/Users/apple/code/node/node-training-project/config/config.js": {"path":"/Users/apple/code/node/node-training-project/config/config.js","statementMap":{"0":{"start":{"line":1,"column":0},"end":{"line":1,"column":59}},"1":{"start":{"line":2,"column":0},"end":{"line":36,"column":2}}},"fnMap":{},"branchMap":{},"s":{"0":3,"1":3},"f":{},"b":{},"_coverageSchema":"1a1c01bbd47fc00a2c39e90264f33305004495a9","hash":"567522c2601f56765f9a2f13fa537e568116a9aa"}
,"/Users/apple/code/node/node-training-project/controllers/designation.controller.js": {"path":"/Users/apple/code/node/node-training-project/controllers/designation.controller.js","statementMap":{"0":{"start":{"line":2,"column":31},"end":{"line":2,"column":64}},"1":{"start":{"line":3,"column":27},"end":{"line":3,"column":69}},"2":{"start":{"line":5,"column":26},"end":{"line":14,"column":1}},"3":{"start":{"line":6,"column":4},"end":{"line":13,"column":5}},"4":{"start":{"line":7,"column":34},"end":{"line":7,"column":37}},"5":{"start":{"line":8,"column":21},"end":{"line":8,"column":72}},"6":{"start":{"line":9,"column":8},"end":{"line":9,"column":24}},"7":{"start":{"line":10,"column":8},"end":{"line":10,"column":15}},"8":{"start":{"line":12,"column":8},"end":{"line":12,"column":64}},"9":{"start":{"line":16,"column":30},"end":{"line":25,"column":1}},"10":{"start":{"line":17,"column":4},"end":{"line":24,"column":5}},"11":{"start":{"line":18,"column":34},"end":{"line":18,"column":37}},"12":{"start":{"line":19,"column":21},"end":{"line":19,"column":76}},"13":{"start":{"line":20,"column":8},"end":{"line":20,"column":24}},"14":{"start":{"line":21,"column":8},"end":{"line":21,"column":15}},"15":{"start":{"line":23,"column":8},"end":{"line":23,"column":64}},"16":{"start":{"line":27,"column":0},"end":{"line":30,"column":1}}},"fnMap":{"0":{"name":"(anonymous_0)","decl":{"start":{"line":5,"column":26},"end":{"line":5,"column":27}},"loc":{"start":{"line":5,"column":52},"end":{"line":14,"column":1}},"line":5},"1":{"name":"(anonymous_1)","decl":{"start":{"line":16,"column":30},"end":{"line":16,"column":31}},"loc":{"start":{"line":16,"column":56},"end":{"line":25,"column":1}},"line":16}},"branchMap":{},"s":{"0":3,"1":3,"2":3,"3":4,"4":4,"5":4,"6":1,"7":1,"8":3,"9":3,"10":4,"11":4,"12":4,"13":1,"14":1,"15":3,"16":3},"f":{"0":4,"1":4},"b":{},"_coverageSchema":"1a1c01bbd47fc00a2c39e90264f33305004495a9","hash":"155be1ef05489270285080eb3800440173fa2c5f"}
,"/Users/apple/code/node/node-training-project/controllers/index.js": {"path":"/Users/apple/code/node/node-training-project/controllers/index.js","statementMap":{"0":{"start":{"line":1,"column":13},"end":{"line":1,"column":41}},"1":{"start":{"line":2,"column":21},"end":{"line":2,"column":57}},"2":{"start":{"line":3,"column":20},"end":{"line":3,"column":55}},"3":{"start":{"line":4,"column":0},"end":{"line":8,"column":1}}},"fnMap":{},"branchMap":{},"s":{"0":3,"1":3,"2":3,"3":3},"f":{},"b":{},"_coverageSchema":"1a1c01bbd47fc00a2c39e90264f33305004495a9","hash":"1101fee980915ee04963217a3c5fe416e5eefd78"}
,"/Users/apple/code/node/node-training-project/controllers/user.controller.js": {"path":"/Users/apple/code/node/node-training-project/controllers/user.controller.js","statementMap":{"0":{"start":{"line":1,"column":31},"end":{"line":1,"column":64}},"1":{"start":{"line":2,"column":20},"end":{"line":2,"column":55}},"2":{"start":{"line":5,"column":18},"end":{"line":15,"column":1}},"3":{"start":{"line":6,"column":4},"end":{"line":14,"column":5}},"4":{"start":{"line":7,"column":34},"end":{"line":7,"column":37}},"5":{"start":{"line":8,"column":8},"end":{"line":8,"column":112}},"6":{"start":{"line":9,"column":21},"end":{"line":9,"column":57}},"7":{"start":{"line":10,"column":8},"end":{"line":10,"column":24}},"8":{"start":{"line":11,"column":8},"end":{"line":11,"column":15}},"9":{"start":{"line":13,"column":8},"end":{"line":13,"column":64}},"10":{"start":{"line":17,"column":21},"end":{"line":27,"column":1}},"11":{"start":{"line":18,"column":4},"end":{"line":26,"column":5}},"12":{"start":{"line":19,"column":35},"end":{"line":19,"column":43}},"13":{"start":{"line":20,"column":29},"end":{"line":20,"column":45}},"14":{"start":{"line":21,"column":21},"end":{"line":21,"column":73}},"15":{"start":{"line":22,"column":8},"end":{"line":22,"column":24}},"16":{"start":{"line":23,"column":8},"end":{"line":23,"column":15}},"17":{"start":{"line":25,"column":8},"end":{"line":25,"column":64}},"18":{"start":{"line":29,"column":20},"end":{"line":39,"column":1}},"19":{"start":{"line":30,"column":4},"end":{"line":38,"column":5}},"20":{"start":{"line":31,"column":26},"end":{"line":31,"column":29}},"21":{"start":{"line":32,"column":21},"end":{"line":32,"column":57}},"22":{"start":{"line":33,"column":8},"end":{"line":33,"column":24}},"23":{"start":{"line":34,"column":8},"end":{"line":34,"column":15}},"24":{"start":{"line":37,"column":8},"end":{"line":37,"column":64}},"25":{"start":{"line":41,"column":19},"end":{"line":51,"column":1}},"26":{"start":{"line":42,"column":4},"end":{"line":50,"column":5}},"27":{"start":{"line":43,"column":27},"end":{"line":43,"column":55}},"28":{"start":{"line":44,"column":8},"end":{"line":44,"column":74}},"29":{"start":{"line":45,"column":21},"end":{"line":45,"column":63}},"30":{"start":{"line":46,"column":8},"end":{"line":46,"column":24}},"31":{"start":{"line":47,"column":8},"end":{"line":47,"column":15}},"32":{"start":{"line":49,"column":8},"end":{"line":49,"column":36}},"33":{"start":{"line":52,"column":22},"end":{"line":61,"column":1}},"34":{"start":{"line":53,"column":4},"end":{"line":60,"column":5}},"35":{"start":{"line":54,"column":40},"end":{"line":54,"column":43}},"36":{"start":{"line":55,"column":21},"end":{"line":55,"column":70}},"37":{"start":{"line":56,"column":8},"end":{"line":56,"column":24}},"38":{"start":{"line":57,"column":8},"end":{"line":57,"column":15}},"39":{"start":{"line":59,"column":8},"end":{"line":59,"column":64}},"40":{"start":{"line":64,"column":28},"end":{"line":74,"column":1}},"41":{"start":{"line":65,"column":4},"end":{"line":72,"column":5}},"42":{"start":{"line":66,"column":41},"end":{"line":66,"column":44}},"43":{"start":{"line":67,"column":21},"end":{"line":67,"column":76}},"44":{"start":{"line":68,"column":8},"end":{"line":68,"column":24}},"45":{"start":{"line":69,"column":8},"end":{"line":69,"column":15}},"46":{"start":{"line":71,"column":8},"end":{"line":71,"column":64}},"47":{"start":{"line":77,"column":27},"end":{"line":86,"column":1}},"48":{"start":{"line":78,"column":4},"end":{"line":85,"column":5}},"49":{"start":{"line":79,"column":37},"end":{"line":79,"column":40}},"50":{"start":{"line":80,"column":21},"end":{"line":80,"column":70}},"51":{"start":{"line":81,"column":8},"end":{"line":81,"column":24}},"52":{"start":{"line":82,"column":8},"end":{"line":82,"column":15}},"53":{"start":{"line":84,"column":8},"end":{"line":84,"column":64}},"54":{"start":{"line":88,"column":19},"end":{"line":99,"column":1}},"55":{"start":{"line":89,"column":4},"end":{"line":98,"column":5}},"56":{"start":{"line":90,"column":24},"end":{"line":92,"column":9}},"57":{"start":{"line":93,"column":22},"end":{"line":93,"column":59}},"58":{"start":{"line":94,"column":8},"end":{"line":94,"column":24}},"59":{"start":{"line":95,"column":8},"end":{"line":95,"column":15}},"60":{"start":{"line":97,"column":8},"end":{"line":97,"column":64}},"61":{"start":{"line":102,"column":24},"end":{"line":115,"column":1}},"62":{"start":{"line":103,"column":4},"end":{"line":114,"column":5}},"63":{"start":{"line":104,"column":27},"end":{"line":104,"column":30}},"64":{"start":{"line":105,"column":24},"end":{"line":107,"column":9}},"65":{"start":{"line":109,"column":21},"end":{"line":109,"column":58}},"66":{"start":{"line":110,"column":8},"end":{"line":110,"column":24}},"67":{"start":{"line":111,"column":8},"end":{"line":111,"column":15}},"68":{"start":{"line":113,"column":8},"end":{"line":113,"column":64}},"69":{"start":{"line":117,"column":23},"end":{"line":127,"column":1}},"70":{"start":{"line":118,"column":4},"end":{"line":126,"column":5}},"71":{"start":{"line":119,"column":34},"end":{"line":119,"column":37}},"72":{"start":{"line":120,"column":21},"end":{"line":120,"column":62}},"73":{"start":{"line":121,"column":8},"end":{"line":121,"column":24}},"74":{"start":{"line":122,"column":8},"end":{"line":122,"column":15}},"75":{"start":{"line":125,"column":8},"end":{"line":125,"column":64}},"76":{"start":{"line":128,"column":23},"end":{"line":139,"column":1}},"77":{"start":{"line":129,"column":4},"end":{"line":138,"column":5}},"78":{"start":{"line":131,"column":34},"end":{"line":131,"column":37}},"79":{"start":{"line":132,"column":21},"end":{"line":132,"column":62}},"80":{"start":{"line":133,"column":8},"end":{"line":133,"column":24}},"81":{"start":{"line":134,"column":8},"end":{"line":134,"column":14}},"82":{"start":{"line":137,"column":8},"end":{"line":137,"column":64}},"83":{"start":{"line":141,"column":19},"end":{"line":152,"column":1}},"84":{"start":{"line":142,"column":4},"end":{"line":151,"column":5}},"85":{"start":{"line":144,"column":34},"end":{"line":144,"column":37}},"86":{"start":{"line":145,"column":21},"end":{"line":145,"column":58}},"87":{"start":{"line":146,"column":8},"end":{"line":146,"column":24}},"88":{"start":{"line":147,"column":8},"end":{"line":147,"column":14}},"89":{"start":{"line":150,"column":8},"end":{"line":150,"column":64}},"90":{"start":{"line":154,"column":19},"end":{"line":166,"column":1}},"91":{"start":{"line":155,"column":4},"end":{"line":165,"column":5}},"92":{"start":{"line":156,"column":34},"end":{"line":156,"column":37}},"93":{"start":{"line":157,"column":25},"end":{"line":157,"column":62}},"94":{"start":{"line":158,"column":8},"end":{"line":160,"column":9}},"95":{"start":{"line":159,"column":12},"end":{"line":159,"column":52}},"96":{"start":{"line":161,"column":8},"end":{"line":161,"column":33}},"97":{"start":{"line":162,"column":8},"end":{"line":162,"column":15}},"98":{"start":{"line":164,"column":8},"end":{"line":164,"column":64}},"99":{"start":{"line":168,"column":21},"end":{"line":177,"column":1}},"100":{"start":{"line":169,"column":4},"end":{"line":176,"column":5}},"101":{"start":{"line":170,"column":34},"end":{"line":170,"column":37}},"102":{"start":{"line":171,"column":21},"end":{"line":171,"column":60}},"103":{"start":{"line":172,"column":8},"end":{"line":172,"column":24}},"104":{"start":{"line":173,"column":8},"end":{"line":173,"column":15}},"105":{"start":{"line":175,"column":8},"end":{"line":175,"column":64}},"106":{"start":{"line":179,"column":0},"end":{"line":194,"column":2}}},"fnMap":{"0":{"name":"(anonymous_0)","decl":{"start":{"line":5,"column":18},"end":{"line":5,"column":19}},"loc":{"start":{"line":5,"column":44},"end":{"line":15,"column":1}},"line":5},"1":{"name":"(anonymous_1)","decl":{"start":{"line":17,"column":21},"end":{"line":17,"column":22}},"loc":{"start":{"line":17,"column":47},"end":{"line":27,"column":1}},"line":17},"2":{"name":"(anonymous_2)","decl":{"start":{"line":29,"column":20},"end":{"line":29,"column":21}},"loc":{"start":{"line":29,"column":46},"end":{"line":39,"column":1}},"line":29},"3":{"name":"(anonymous_3)","decl":{"start":{"line":41,"column":19},"end":{"line":41,"column":20}},"loc":{"start":{"line":41,"column":45},"end":{"line":51,"column":1}},"line":41},"4":{"name":"(anonymous_4)","decl":{"start":{"line":52,"column":22},"end":{"line":52,"column":23}},"loc":{"start":{"line":52,"column":48},"end":{"line":61,"column":1}},"line":52},"5":{"name":"(anonymous_5)","decl":{"start":{"line":64,"column":28},"end":{"line":64,"column":29}},"loc":{"start":{"line":64,"column":54},"end":{"line":74,"column":1}},"line":64},"6":{"name":"(anonymous_6)","decl":{"start":{"line":77,"column":27},"end":{"line":77,"column":28}},"loc":{"start":{"line":77,"column":53},"end":{"line":86,"column":1}},"line":77},"7":{"name":"(anonymous_7)","decl":{"start":{"line":88,"column":19},"end":{"line":88,"column":20}},"loc":{"start":{"line":88,"column":45},"end":{"line":99,"column":1}},"line":88},"8":{"name":"(anonymous_8)","decl":{"start":{"line":102,"column":24},"end":{"line":102,"column":25}},"loc":{"start":{"line":102,"column":50},"end":{"line":115,"column":1}},"line":102},"9":{"name":"(anonymous_9)","decl":{"start":{"line":117,"column":23},"end":{"line":117,"column":24}},"loc":{"start":{"line":117,"column":49},"end":{"line":127,"column":1}},"line":117},"10":{"name":"(anonymous_10)","decl":{"start":{"line":128,"column":23},"end":{"line":128,"column":24}},"loc":{"start":{"line":128,"column":49},"end":{"line":139,"column":1}},"line":128},"11":{"name":"(anonymous_11)","decl":{"start":{"line":141,"column":19},"end":{"line":141,"column":20}},"loc":{"start":{"line":141,"column":45},"end":{"line":152,"column":1}},"line":141},"12":{"name":"(anonymous_12)","decl":{"start":{"line":154,"column":19},"end":{"line":154,"column":20}},"loc":{"start":{"line":154,"column":45},"end":{"line":166,"column":1}},"line":154},"13":{"name":"(anonymous_13)","decl":{"start":{"line":168,"column":21},"end":{"line":168,"column":22}},"loc":{"start":{"line":168,"column":47},"end":{"line":177,"column":1}},"line":168}},"branchMap":{"0":{"loc":{"start":{"line":44,"column":24},"end":{"line":44,"column":72}},"type":"cond-expr","locations":[{"start":{"line":44,"column":39},"end":{"line":44,"column":65}},{"start":{"line":44,"column":68},"end":{"line":44,"column":72}}],"line":44},"1":{"loc":{"start":{"line":158,"column":8},"end":{"line":160,"column":9}},"type":"if","locations":[{"start":{"line":158,"column":8},"end":{"line":160,"column":9}},{"start":{},"end":{}}],"line":158}},"s":{"0":3,"1":3,"2":3,"3":3,"4":3,"5":3,"6":3,"7":1,"8":1,"9":2,"10":3,"11":1,"12":1,"13":1,"14":1,"15":1,"16":1,"17":0,"18":3,"19":2,"20":2,"21":2,"22":1,"23":1,"24":1,"25":3,"26":0,"27":0,"28":0,"29":0,"30":0,"31":0,"32":0,"33":3,"34":1,"35":1,"36":1,"37":1,"38":1,"39":0,"40":3,"41":2,"42":2,"43":2,"44":1,"45":1,"46":1,"47":3,"48":2,"49":2,"50":2,"51":1,"52":1,"53":1,"54":3,"55":1,"56":1,"57":1,"58":1,"59":1,"60":0,"61":3,"62":2,"63":2,"64":2,"65":2,"66":1,"67":1,"68":1,"69":3,"70":2,"71":2,"72":2,"73":1,"74":1,"75":1,"76":3,"77":3,"78":3,"79":3,"80":1,"81":1,"82":2,"83":3,"84":2,"85":2,"86":2,"87":1,"88":1,"89":1,"90":3,"91":4,"92":4,"93":4,"94":4,"95":3,"96":1,"97":1,"98":3,"99":3,"100":2,"101":2,"102":2,"103":1,"104":1,"105":1,"106":3},"f":{"0":3,"1":1,"2":2,"3":0,"4":1,"5":2,"6":2,"7":1,"8":2,"9":2,"10":3,"11":2,"12":4,"13":2},"b":{"0":[0,0],"1":[3,1]},"_coverageSchema":"1a1c01bbd47fc00a2c39e90264f33305004495a9","hash":"2411a727a076ecf94095507d7412ba81fc470692"}
,"/Users/apple/code/node/node-training-project/controllers/userReportee.controller.js": {"path":"/Users/apple/code/node/node-training-project/controllers/userReportee.controller.js","statementMap":{"0":{"start":{"line":1,"column":31},"end":{"line":1,"column":64}},"1":{"start":{"line":2,"column":28},"end":{"line":2,"column":71}},"2":{"start":{"line":5,"column":24},"end":{"line":15,"column":1}},"3":{"start":{"line":6,"column":4},"end":{"line":14,"column":5}},"4":{"start":{"line":7,"column":34},"end":{"line":7,"column":37}},"5":{"start":{"line":8,"column":31},"end":{"line":8,"column":34}},"6":{"start":{"line":9,"column":21},"end":{"line":9,"column":77}},"7":{"start":{"line":10,"column":8},"end":{"line":10,"column":24}},"8":{"start":{"line":11,"column":8},"end":{"line":11,"column":15}},"9":{"start":{"line":13,"column":8},"end":{"line":13,"column":64}},"10":{"start":{"line":17,"column":25},"end":{"line":26,"column":1}},"11":{"start":{"line":18,"column":4},"end":{"line":25,"column":5}},"12":{"start":{"line":19,"column":34},"end":{"line":19,"column":37}},"13":{"start":{"line":20,"column":21},"end":{"line":20,"column":72}},"14":{"start":{"line":21,"column":8},"end":{"line":21,"column":24}},"15":{"start":{"line":22,"column":8},"end":{"line":22,"column":15}},"16":{"start":{"line":24,"column":8},"end":{"line":24,"column":64}},"17":{"start":{"line":28,"column":27},"end":{"line":37,"column":1}},"18":{"start":{"line":29,"column":4},"end":{"line":36,"column":5}},"19":{"start":{"line":30,"column":46},"end":{"line":30,"column":49}},"20":{"start":{"line":31,"column":21},"end":{"line":31,"column":80}},"21":{"start":{"line":32,"column":8},"end":{"line":32,"column":24}},"22":{"start":{"line":33,"column":8},"end":{"line":33,"column":15}},"23":{"start":{"line":35,"column":8},"end":{"line":35,"column":64}},"24":{"start":{"line":39,"column":28},"end":{"line":48,"column":1}},"25":{"start":{"line":40,"column":4},"end":{"line":47,"column":5}},"26":{"start":{"line":41,"column":34},"end":{"line":41,"column":37}},"27":{"start":{"line":42,"column":21},"end":{"line":42,"column":75}},"28":{"start":{"line":43,"column":8},"end":{"line":43,"column":24}},"29":{"start":{"line":44,"column":8},"end":{"line":44,"column":15}},"30":{"start":{"line":46,"column":8},"end":{"line":46,"column":64}},"31":{"start":{"line":50,"column":0},"end":{"line":55,"column":1}}},"fnMap":{"0":{"name":"(anonymous_0)","decl":{"start":{"line":5,"column":24},"end":{"line":5,"column":25}},"loc":{"start":{"line":5,"column":50},"end":{"line":15,"column":1}},"line":5},"1":{"name":"(anonymous_1)","decl":{"start":{"line":17,"column":25},"end":{"line":17,"column":26}},"loc":{"start":{"line":17,"column":51},"end":{"line":26,"column":1}},"line":17},"2":{"name":"(anonymous_2)","decl":{"start":{"line":28,"column":27},"end":{"line":28,"column":28}},"loc":{"start":{"line":28,"column":53},"end":{"line":37,"column":1}},"line":28},"3":{"name":"(anonymous_3)","decl":{"start":{"line":39,"column":28},"end":{"line":39,"column":29}},"loc":{"start":{"line":39,"column":54},"end":{"line":48,"column":1}},"line":39}},"branchMap":{},"s":{"0":3,"1":3,"2":3,"3":2,"4":2,"5":2,"6":2,"7":1,"8":1,"9":1,"10":3,"11":5,"12":5,"13":5,"14":1,"15":1,"16":4,"17":3,"18":2,"19":2,"20":2,"21":1,"22":1,"23":1,"24":3,"25":5,"26":5,"27":5,"28":1,"29":1,"30":4,"31":3},"f":{"0":2,"1":5,"2":2,"3":5},"b":{},"_coverageSchema":"1a1c01bbd47fc00a2c39e90264f33305004495a9","hash":"a8c4c662a283ab54e61bce5650ef1836759f24c2"}
,"/Users/apple/code/node/node-training-project/helper/commonFunctions.helper.js": {"path":"/Users/apple/code/node/node-training-project/helper/commonFunctions.helper.js","statementMap":{"0":{"start":{"line":1,"column":31},"end":{"line":1,"column":56}},"1":{"start":{"line":4,"column":24},"end":{"line":32,"column":1}},"2":{"start":{"line":6,"column":20},"end":{"line":6,"column":22}},"3":{"start":{"line":7,"column":2},"end":{"line":13,"column":3}},"4":{"start":{"line":8,"column":4},"end":{"line":8,"column":27}},"5":{"start":{"line":9,"column":9},"end":{"line":13,"column":3}},"6":{"start":{"line":10,"column":4},"end":{"line":10,"column":28}},"7":{"start":{"line":12,"column":4},"end":{"line":12,"column":29}},"8":{"start":{"line":15,"column":27},"end":{"line":15,"column":55}},"9":{"start":{"line":17,"column":2},"end":{"line":27,"column":3}},"10":{"start":{"line":18,"column":4},"end":{"line":24,"column":5}},"11":{"start":{"line":19,"column":6},"end":{"line":19,"column":23}},"12":{"start":{"line":20,"column":11},"end":{"line":24,"column":5}},"13":{"start":{"line":21,"column":6},"end":{"line":21,"column":24}},"14":{"start":{"line":23,"column":6},"end":{"line":23,"column":25}},"15":{"start":{"line":25,"column":4},"end":{"line":25,"column":23}},"16":{"start":{"line":26,"column":4},"end":{"line":26,"column":18}},"17":{"start":{"line":29,"column":22},"end":{"line":29,"column":27}},"18":{"start":{"line":30,"column":18},"end":{"line":30,"column":55}},"19":{"start":{"line":30,"column":35},"end":{"line":30,"column":44}},"20":{"start":{"line":31,"column":2},"end":{"line":31,"column":52}},"21":{"start":{"line":34,"column":24},"end":{"line":99,"column":1}},"22":{"start":{"line":35,"column":35},"end":{"line":92,"column":3}},"23":{"start":{"line":94,"column":17},"end":{"line":94,"column":53}},"24":{"start":{"line":95,"column":2},"end":{"line":97,"column":3}},"25":{"start":{"line":96,"column":4},"end":{"line":96,"column":55}},"26":{"start":{"line":98,"column":2},"end":{"line":98,"column":16}},"27":{"start":{"line":102,"column":0},"end":{"line":105,"column":2}}},"fnMap":{"0":{"name":"(anonymous_0)","decl":{"start":{"line":4,"column":24},"end":{"line":4,"column":25}},"loc":{"start":{"line":4,"column":73},"end":{"line":32,"column":1}},"line":4},"1":{"name":"(anonymous_1)","decl":{"start":{"line":30,"column":30},"end":{"line":30,"column":31}},"loc":{"start":{"line":30,"column":35},"end":{"line":30,"column":44}},"line":30},"2":{"name":"(anonymous_2)","decl":{"start":{"line":34,"column":24},"end":{"line":34,"column":25}},"loc":{"start":{"line":34,"column":46},"end":{"line":99,"column":1}},"line":34}},"branchMap":{"0":{"loc":{"start":{"line":7,"column":2},"end":{"line":13,"column":3}},"type":"if","locations":[{"start":{"line":7,"column":2},"end":{"line":13,"column":3}},{"start":{"line":9,"column":9},"end":{"line":13,"column":3}}],"line":7},"1":{"loc":{"start":{"line":9,"column":9},"end":{"line":13,"column":3}},"type":"if","locations":[{"start":{"line":9,"column":9},"end":{"line":13,"column":3}},{"start":{"line":11,"column":9},"end":{"line":13,"column":3}}],"line":9},"2":{"loc":{"start":{"line":17,"column":2},"end":{"line":27,"column":3}},"type":"if","locations":[{"start":{"line":17,"column":2},"end":{"line":27,"column":3}},{"start":{},"end":{}}],"line":17},"3":{"loc":{"start":{"line":18,"column":4},"end":{"line":24,"column":5}},"type":"if","locations":[{"start":{"line":18,"column":4},"end":{"line":24,"column":5}},{"start":{"line":20,"column":11},"end":{"line":24,"column":5}}],"line":18},"4":{"loc":{"start":{"line":20,"column":11},"end":{"line":24,"column":5}},"type":"if","locations":[{"start":{"line":20,"column":11},"end":{"line":24,"column":5}},{"start":{"line":22,"column":11},"end":{"line":24,"column":5}}],"line":20},"5":{"loc":{"start":{"line":95,"column":2},"end":{"line":97,"column":3}},"type":"if","locations":[{"start":{"line":95,"column":2},"end":{"line":97,"column":3}},{"start":{},"end":{}}],"line":95}},"s":{"0":3,"1":3,"2":123,"3":123,"4":116,"5":7,"6":0,"7":7,"8":123,"9":123,"10":49,"11":43,"12":6,"13":0,"14":6,"15":49,"16":49,"17":74,"18":74,"19":74,"20":74,"21":3,"22":148,"23":148,"24":148,"25":0,"26":148,"27":3},"f":{"0":123,"1":74,"2":148},"b":{"0":[116,7],"1":[0,7],"2":[49,74],"3":[43,6],"4":[0,6],"5":[0,148]},"_coverageSchema":"1a1c01bbd47fc00a2c39e90264f33305004495a9","hash":"a35b371b936799bc22cd9b67cbbabcf7795728f7"}
,"/Users/apple/code/node/node-training-project/helper/errorHandler.js": {"path":"/Users/apple/code/node/node-training-project/helper/errorHandler.js","statementMap":{"0":{"start":{"line":1,"column":11},"end":{"line":1,"column":24}},"1":{"start":{"line":3,"column":27},"end":{"line":21,"column":1}},"2":{"start":{"line":4,"column":21},"end":{"line":4,"column":61}},"3":{"start":{"line":5,"column":2},"end":{"line":7,"column":3}},"4":{"start":{"line":6,"column":4},"end":{"line":6,"column":27}},"5":{"start":{"line":9,"column":2},"end":{"line":11,"column":3}},"6":{"start":{"line":10,"column":4},"end":{"line":10,"column":33}},"7":{"start":{"line":12,"column":2},"end":{"line":12,"column":20}},"8":{"start":{"line":14,"column":19},"end":{"line":18,"column":3}},"9":{"start":{"line":20,"column":2},"end":{"line":20,"column":40}},"10":{"start":{"line":24,"column":0},"end":{"line":26,"column":2}}},"fnMap":{"0":{"name":"(anonymous_0)","decl":{"start":{"line":3,"column":27},"end":{"line":3,"column":28}},"loc":{"start":{"line":3,"column":88},"end":{"line":21,"column":1}},"line":3}},"branchMap":{"0":{"loc":{"start":{"line":3,"column":53},"end":{"line":3,"column":69}},"type":"default-arg","locations":[{"start":{"line":3,"column":66},"end":{"line":3,"column":69}}],"line":3},"1":{"loc":{"start":{"line":3,"column":71},"end":{"line":3,"column":83}},"type":"default-arg","locations":[{"start":{"line":3,"column":79},"end":{"line":3,"column":83}}],"line":3},"2":{"loc":{"start":{"line":5,"column":2},"end":{"line":7,"column":3}},"type":"if","locations":[{"start":{"line":5,"column":2},"end":{"line":7,"column":3}},{"start":{},"end":{}}],"line":5},"3":{"loc":{"start":{"line":9,"column":2},"end":{"line":11,"column":3}},"type":"if","locations":[{"start":{"line":9,"column":2},"end":{"line":11,"column":3}},{"start":{},"end":{}}],"line":9},"4":{"loc":{"start":{"line":9,"column":6},"end":{"line":9,"column":28}},"type":"binary-expr","locations":[{"start":{"line":9,"column":6},"end":{"line":9,"column":11}},{"start":{"line":9,"column":15},"end":{"line":9,"column":28}}],"line":9}},"s":{"0":3,"1":3,"2":105,"3":105,"4":105,"5":105,"6":30,"7":105,"8":105,"9":105,"10":3},"f":{"0":105},"b":{"0":[0],"1":[75],"2":[105,0],"3":[30,75],"4":[105,30]},"_coverageSchema":"1a1c01bbd47fc00a2c39e90264f33305004495a9","hash":"a86b82d83ef5c4e297da9984333a346abdaa56ec"}
,"/Users/apple/code/node/node-training-project/helper/generic-response.js": {"path":"/Users/apple/code/node/node-training-project/helper/generic-response.js","statementMap":{"0":{"start":{"line":1,"column":0},"end":{"line":10,"column":2}},"1":{"start":{"line":3,"column":21},"end":{"line":7,"column":5}},"2":{"start":{"line":8,"column":4},"end":{"line":8,"column":42}}},"fnMap":{"0":{"name":"(anonymous_0)","decl":{"start":{"line":2,"column":16},"end":{"line":2,"column":17}},"loc":{"start":{"line":2,"column":36},"end":{"line":9,"column":3}},"line":2}},"branchMap":{"0":{"loc":{"start":{"line":5,"column":12},"end":{"line":5,"column":26}},"type":"binary-expr","locations":[{"start":{"line":5,"column":12},"end":{"line":5,"column":20}},{"start":{"line":5,"column":24},"end":{"line":5,"column":26}}],"line":5}},"s":{"0":3,"1":19,"2":19},"f":{"0":19},"b":{"0":[19,0]},"_coverageSchema":"1a1c01bbd47fc00a2c39e90264f33305004495a9","hash":"56aabfc0f9410ebd84d8783bed543b0b19ed016c"}
,"/Users/apple/code/node/node-training-project/helper/sendmail.js": {"path":"/Users/apple/code/node/node-training-project/helper/sendmail.js","statementMap":{"0":{"start":{"line":1,"column":19},"end":{"line":1,"column":40}},"1":{"start":{"line":2,"column":19},"end":{"line":2,"column":40}},"2":{"start":{"line":3,"column":15},"end":{"line":3,"column":41}},"3":{"start":{"line":6,"column":18},"end":{"line":6,"column":39}},"4":{"start":{"line":7,"column":22},"end":{"line":7,"column":47}},"5":{"start":{"line":8,"column":21},"end":{"line":8,"column":45}},"6":{"start":{"line":9,"column":22},"end":{"line":9,"column":47}},"7":{"start":{"line":11,"column":21},"end":{"line":15,"column":1}},"8":{"start":{"line":16,"column":0},"end":{"line":16,"column":62}},"9":{"start":{"line":19,"column":2},"end":{"line":46,"column":3}},"10":{"start":{"line":20,"column":24},"end":{"line":20,"column":59}},"11":{"start":{"line":22,"column":22},"end":{"line":32,"column":6}},"12":{"start":{"line":34,"column":24},"end":{"line":39,"column":5}},"13":{"start":{"line":41,"column":19},"end":{"line":41,"column":56}},"14":{"start":{"line":43,"column":4},"end":{"line":43,"column":18}},"15":{"start":{"line":45,"column":4},"end":{"line":45,"column":17}},"16":{"start":{"line":50,"column":0},"end":{"line":50,"column":29}}},"fnMap":{"0":{"name":"sendMail","decl":{"start":{"line":18,"column":15},"end":{"line":18,"column":23}},"loc":{"start":{"line":18,"column":50},"end":{"line":47,"column":1}},"line":18}},"branchMap":{},"s":{"0":3,"1":3,"2":3,"3":3,"4":3,"5":3,"6":3,"7":3,"8":3,"9":5,"10":5,"11":5,"12":5,"13":5,"14":5,"15":0,"16":3},"f":{"0":5},"b":{},"_coverageSchema":"1a1c01bbd47fc00a2c39e90264f33305004495a9","hash":"15b11063c203d704ef0a13226c66617e1d4d4dc8"}
,"/Users/apple/code/node/node-training-project/middlewares/auth.js": {"path":"/Users/apple/code/node/node-training-project/middlewares/auth.js","statementMap":{"0":{"start":{"line":1,"column":12},"end":{"line":1,"column":35}},"1":{"start":{"line":2,"column":15},"end":{"line":2,"column":35}},"2":{"start":{"line":3,"column":20},"end":{"line":3,"column":47}},"3":{"start":{"line":4,"column":25},"end":{"line":28,"column":1}},"4":{"start":{"line":5,"column":4},"end":{"line":27,"column":3}},"5":{"start":{"line":6,"column":21},"end":{"line":6,"column":49}},"6":{"start":{"line":7,"column":21},"end":{"line":7,"column":57}},"7":{"start":{"line":8,"column":6},"end":{"line":10,"column":7}},"8":{"start":{"line":9,"column":8},"end":{"line":9,"column":41}},"9":{"start":{"line":12,"column":24},"end":{"line":12,"column":72}},"10":{"start":{"line":13,"column":19},"end":{"line":18,"column":8}},"11":{"start":{"line":19,"column":6},"end":{"line":21,"column":7}},"12":{"start":{"line":20,"column":8},"end":{"line":20,"column":42}},"13":{"start":{"line":22,"column":6},"end":{"line":22,"column":22}},"14":{"start":{"line":24,"column":6},"end":{"line":24,"column":13}},"15":{"start":{"line":26,"column":6},"end":{"line":26,"column":60}},"16":{"start":{"line":30,"column":26},"end":{"line":47,"column":1}},"17":{"start":{"line":31,"column":2},"end":{"line":46,"column":3}},"18":{"start":{"line":32,"column":19},"end":{"line":32,"column":47}},"19":{"start":{"line":33,"column":26},"end":{"line":33,"column":62}},"20":{"start":{"line":34,"column":4},"end":{"line":36,"column":5}},"21":{"start":{"line":35,"column":6},"end":{"line":35,"column":39}},"22":{"start":{"line":37,"column":32},"end":{"line":37,"column":67}},"23":{"start":{"line":38,"column":4},"end":{"line":38,"column":66}},"24":{"start":{"line":38,"column":32},"end":{"line":38,"column":66}},"25":{"start":{"line":39,"column":24},"end":{"line":39,"column":80}},"26":{"start":{"line":41,"column":4},"end":{"line":41,"column":37}},"27":{"start":{"line":42,"column":4},"end":{"line":42,"column":36}},"28":{"start":{"line":43,"column":4},"end":{"line":43,"column":11}},"29":{"start":{"line":45,"column":4},"end":{"line":45,"column":58}},"30":{"start":{"line":49,"column":0},"end":{"line":52,"column":2}}},"fnMap":{"0":{"name":"(anonymous_0)","decl":{"start":{"line":4,"column":25},"end":{"line":4,"column":26}},"loc":{"start":{"line":4,"column":51},"end":{"line":28,"column":1}},"line":4},"1":{"name":"(anonymous_1)","decl":{"start":{"line":30,"column":26},"end":{"line":30,"column":27}},"loc":{"start":{"line":30,"column":52},"end":{"line":47,"column":1}},"line":30}},"branchMap":{"0":{"loc":{"start":{"line":7,"column":21},"end":{"line":7,"column":57}},"type":"cond-expr","locations":[{"start":{"line":7,"column":30},"end":{"line":7,"column":50}},{"start":{"line":7,"column":53},"end":{"line":7,"column":57}}],"line":7},"1":{"loc":{"start":{"line":8,"column":6},"end":{"line":10,"column":7}},"type":"if","locations":[{"start":{"line":8,"column":6},"end":{"line":10,"column":7}},{"start":{},"end":{}}],"line":8},"2":{"loc":{"start":{"line":19,"column":6},"end":{"line":21,"column":7}},"type":"if","locations":[{"start":{"line":19,"column":6},"end":{"line":21,"column":7}},{"start":{},"end":{}}],"line":19},"3":{"loc":{"start":{"line":33,"column":26},"end":{"line":33,"column":62}},"type":"cond-expr","locations":[{"start":{"line":33,"column":35},"end":{"line":33,"column":55}},{"start":{"line":33,"column":58},"end":{"line":33,"column":62}}],"line":33},"4":{"loc":{"start":{"line":34,"column":4},"end":{"line":36,"column":5}},"type":"if","locations":[{"start":{"line":34,"column":4},"end":{"line":36,"column":5}},{"start":{},"end":{}}],"line":34},"5":{"loc":{"start":{"line":38,"column":4},"end":{"line":38,"column":66}},"type":"if","locations":[{"start":{"line":38,"column":4},"end":{"line":38,"column":66}},{"start":{},"end":{}}],"line":38}},"s":{"0":3,"1":3,"2":3,"3":3,"4":104,"5":104,"6":104,"7":104,"8":14,"9":90,"10":89,"11":89,"12":0,"13":89,"14":89,"15":15,"16":3,"17":3,"18":3,"19":3,"20":3,"21":1,"22":2,"23":2,"24":1,"25":1,"26":1,"27":1,"28":1,"29":2,"30":3},"f":{"0":104,"1":3},"b":{"0":[95,9],"1":[14,90],"2":[0,89],"3":[2,1],"4":[1,2],"5":[1,1]},"_coverageSchema":"1a1c01bbd47fc00a2c39e90264f33305004495a9","hash":"791a1b8ffbe4815357edfadd1c8765b2f195e3b8"}
,"/Users/apple/code/node/node-training-project/middlewares/req-res-logger.js": {"path":"/Users/apple/code/node/node-training-project/middlewares/req-res-logger.js","statementMap":{"0":{"start":{"line":1,"column":15},"end":{"line":1,"column":43}},"1":{"start":{"line":2,"column":28},"end":{"line":2,"column":71}},"2":{"start":{"line":5,"column":13},"end":{"line":8,"column":3}},"3":{"start":{"line":11,"column":2},"end":{"line":11,"column":77}},"4":{"start":{"line":12,"column":2},"end":{"line":14,"column":3}},"5":{"start":{"line":13,"column":4},"end":{"line":13,"column":22}},"6":{"start":{"line":18,"column":2},"end":{"line":18,"column":44}},"7":{"start":{"line":19,"column":2},"end":{"line":19,"column":43}},"8":{"start":{"line":21,"column":16},"end":{"line":21,"column":59}},"9":{"start":{"line":22,"column":21},"end":{"line":22,"column":41}},"10":{"start":{"line":24,"column":15},"end":{"line":29,"column":3}},"11":{"start":{"line":31,"column":2},"end":{"line":33,"column":3}},"12":{"start":{"line":32,"column":4},"end":{"line":32,"column":43}},"13":{"start":{"line":35,"column":2},"end":{"line":40,"column":3}},"14":{"start":{"line":36,"column":4},"end":{"line":36,"column":32}},"15":{"start":{"line":37,"column":4},"end":{"line":39,"column":5}},"16":{"start":{"line":38,"column":6},"end":{"line":38,"column":24}},"17":{"start":{"line":42,"column":16},"end":{"line":42,"column":91}},"18":{"start":{"line":43,"column":2},"end":{"line":43,"column":50}},"19":{"start":{"line":44,"column":2},"end":{"line":46,"column":3}},"20":{"start":{"line":45,"column":4},"end":{"line":45,"column":22}},"21":{"start":{"line":49,"column":0},"end":{"line":72,"column":2}},"22":{"start":{"line":50,"column":16},"end":{"line":53,"column":3}},"23":{"start":{"line":55,"column":2},"end":{"line":57,"column":3}},"24":{"start":{"line":56,"column":4},"end":{"line":56,"column":56}},"25":{"start":{"line":59,"column":2},"end":{"line":59,"column":41}},"26":{"start":{"line":62,"column":2},"end":{"line":64,"column":3}},"27":{"start":{"line":63,"column":4},"end":{"line":63,"column":18}},"28":{"start":{"line":67,"column":2},"end":{"line":67,"column":18}},"29":{"start":{"line":69,"column":2},"end":{"line":69,"column":53}},"30":{"start":{"line":71,"column":2},"end":{"line":71,"column":16}}},"fnMap":{"0":{"name":"logRequest","decl":{"start":{"line":4,"column":9},"end":{"line":4,"column":19}},"loc":{"start":{"line":4,"column":25},"end":{"line":15,"column":1}},"line":4},"1":{"name":"logResponse","decl":{"start":{"line":17,"column":9},"end":{"line":17,"column":20}},"loc":{"start":{"line":17,"column":31},"end":{"line":47,"column":1}},"line":17},"2":{"name":"(anonymous_2)","decl":{"start":{"line":49,"column":17},"end":{"line":49,"column":18}},"loc":{"start":{"line":49,"column":37},"end":{"line":72,"column":1}},"line":49}},"branchMap":{"0":{"loc":{"start":{"line":12,"column":2},"end":{"line":14,"column":3}},"type":"if","locations":[{"start":{"line":12,"column":2},"end":{"line":14,"column":3}},{"start":{},"end":{}}],"line":12},"1":{"loc":{"start":{"line":31,"column":2},"end":{"line":33,"column":3}},"type":"if","locations":[{"start":{"line":31,"column":2},"end":{"line":33,"column":3}},{"start":{},"end":{}}],"line":31},"2":{"loc":{"start":{"line":35,"column":2},"end":{"line":40,"column":3}},"type":"if","locations":[{"start":{"line":35,"column":2},"end":{"line":40,"column":3}},{"start":{},"end":{}}],"line":35},"3":{"loc":{"start":{"line":37,"column":4},"end":{"line":39,"column":5}},"type":"if","locations":[{"start":{"line":37,"column":4},"end":{"line":39,"column":5}},{"start":{},"end":{}}],"line":37},"4":{"loc":{"start":{"line":44,"column":2},"end":{"line":46,"column":3}},"type":"if","locations":[{"start":{"line":44,"column":2},"end":{"line":46,"column":3}},{"start":{},"end":{}}],"line":44},"5":{"loc":{"start":{"line":55,"column":2},"end":{"line":57,"column":3}},"type":"if","locations":[{"start":{"line":55,"column":2},"end":{"line":57,"column":3}},{"start":{},"end":{}}],"line":55},"6":{"loc":{"start":{"line":62,"column":2},"end":{"line":64,"column":3}},"type":"if","locations":[{"start":{"line":62,"column":2},"end":{"line":64,"column":3}},{"start":{},"end":{}}],"line":62}},"s":{"0":3,"1":3,"2":148,"3":148,"4":148,"5":148,"6":148,"7":148,"8":148,"9":148,"10":148,"11":148,"12":89,"13":148,"14":30,"15":30,"16":30,"17":148,"18":148,"19":148,"20":148,"21":3,"22":148,"23":148,"24":0,"25":148,"26":148,"27":0,"28":148,"29":148,"30":148},"f":{"0":148,"1":148,"2":148},"b":{"0":[148,0],"1":[89,59],"2":[30,118],"3":[30,0],"4":[148,0],"5":[0,148],"6":[0,148]},"_coverageSchema":"1a1c01bbd47fc00a2c39e90264f33305004495a9","hash":"aabd5255510bc05a955d7d18fce556e178f1ac22"}
,"/Users/apple/code/node/node-training-project/middlewares/user-verification.js": {"path":"/Users/apple/code/node/node-training-project/middlewares/user-verification.js","statementMap":{"0":{"start":{"line":1,"column":19},"end":{"line":11,"column":5}},"1":{"start":{"line":2,"column":8},"end":{"line":10,"column":9}},"2":{"start":{"line":3,"column":12},"end":{"line":7,"column":13}},"3":{"start":{"line":4,"column":16},"end":{"line":4,"column":23}},"4":{"start":{"line":6,"column":16},"end":{"line":6,"column":74}},"5":{"start":{"line":9,"column":12},"end":{"line":9,"column":78}},"6":{"start":{"line":13,"column":0},"end":{"line":15,"column":1}}},"fnMap":{"0":{"name":"(anonymous_0)","decl":{"start":{"line":1,"column":19},"end":{"line":1,"column":20}},"loc":{"start":{"line":1,"column":39},"end":{"line":11,"column":5}},"line":1}},"branchMap":{"0":{"loc":{"start":{"line":3,"column":12},"end":{"line":7,"column":13}},"type":"if","locations":[{"start":{"line":3,"column":12},"end":{"line":7,"column":13}},{"start":{"line":5,"column":19},"end":{"line":7,"column":13}}],"line":3}},"s":{"0":3,"1":81,"2":81,"3":74,"4":7,"5":0,"6":3},"f":{"0":81},"b":{"0":[74,7]},"_coverageSchema":"1a1c01bbd47fc00a2c39e90264f33305004495a9","hash":"47be0114525fee7180b26735a2f75cb5ca7a6947"}
,"/Users/apple/code/node/node-training-project/models/designation.model.js": {"path":"/Users/apple/code/node/node-training-project/models/designation.model.js","statementMap":{"0":{"start":{"line":2,"column":18},"end":{"line":2,"column":38}},"1":{"start":{"line":3,"column":0},"end":{"line":31,"column":2}},"2":{"start":{"line":6,"column":6},"end":{"line":9,"column":9}},"3":{"start":{"line":12,"column":2},"end":{"line":29,"column":4}},"4":{"start":{"line":30,"column":2},"end":{"line":30,"column":21}}},"fnMap":{"0":{"name":"(anonymous_0)","decl":{"start":{"line":3,"column":17},"end":{"line":3,"column":18}},"loc":{"start":{"line":3,"column":43},"end":{"line":31,"column":1}},"line":3},"1":{"name":"(anonymous_1)","decl":{"start":{"line":5,"column":4},"end":{"line":5,"column":5}},"loc":{"start":{"line":5,"column":29},"end":{"line":10,"column":5}},"line":5}},"branchMap":{},"s":{"0":3,"1":3,"2":3,"3":3,"4":3},"f":{"0":3,"1":3},"b":{},"_coverageSchema":"1a1c01bbd47fc00a2c39e90264f33305004495a9","hash":"2efe43dfdfd71d76e0f75032e543fb5029e44133"}
,"/Users/apple/code/node/node-training-project/models/index.js": {"path":"/Users/apple/code/node/node-training-project/models/index.js","statementMap":{"0":{"start":{"line":3,"column":11},"end":{"line":3,"column":24}},"1":{"start":{"line":4,"column":13},"end":{"line":4,"column":28}},"2":{"start":{"line":5,"column":18},"end":{"line":5,"column":38}},"3":{"start":{"line":6,"column":16},"end":{"line":6,"column":34}},"4":{"start":{"line":7,"column":17},"end":{"line":7,"column":42}},"5":{"start":{"line":8,"column":12},"end":{"line":8,"column":49}},"6":{"start":{"line":9,"column":15},"end":{"line":9,"column":63}},"7":{"start":{"line":10,"column":11},"end":{"line":10,"column":13}},"8":{"start":{"line":13,"column":0},"end":{"line":17,"column":1}},"9":{"start":{"line":14,"column":2},"end":{"line":14,"column":74}},"10":{"start":{"line":16,"column":2},"end":{"line":16,"column":87}},"11":{"start":{"line":19,"column":0},"end":{"line":27,"column":5}},"12":{"start":{"line":22,"column":4},"end":{"line":22,"column":90}},"13":{"start":{"line":25,"column":18},"end":{"line":25,"column":85}},"14":{"start":{"line":26,"column":4},"end":{"line":26,"column":27}},"15":{"start":{"line":29,"column":0},"end":{"line":33,"column":3}},"16":{"start":{"line":30,"column":2},"end":{"line":32,"column":3}},"17":{"start":{"line":31,"column":4},"end":{"line":31,"column":32}},"18":{"start":{"line":35,"column":0},"end":{"line":35,"column":25}},"19":{"start":{"line":36,"column":0},"end":{"line":36,"column":25}},"20":{"start":{"line":38,"column":0},"end":{"line":38,"column":20}}},"fnMap":{"0":{"name":"(anonymous_0)","decl":{"start":{"line":21,"column":10},"end":{"line":21,"column":11}},"loc":{"start":{"line":21,"column":18},"end":{"line":23,"column":3}},"line":21},"1":{"name":"(anonymous_1)","decl":{"start":{"line":24,"column":11},"end":{"line":24,"column":12}},"loc":{"start":{"line":24,"column":19},"end":{"line":27,"column":3}},"line":24},"2":{"name":"(anonymous_2)","decl":{"start":{"line":29,"column":24},"end":{"line":29,"column":25}},"loc":{"start":{"line":29,"column":37},"end":{"line":33,"column":1}},"line":29}},"branchMap":{"0":{"loc":{"start":{"line":8,"column":12},"end":{"line":8,"column":49}},"type":"binary-expr","locations":[{"start":{"line":8,"column":12},"end":{"line":8,"column":32}},{"start":{"line":8,"column":36},"end":{"line":8,"column":49}}],"line":8},"1":{"loc":{"start":{"line":13,"column":0},"end":{"line":17,"column":1}},"type":"if","locations":[{"start":{"line":13,"column":0},"end":{"line":17,"column":1}},{"start":{"line":15,"column":7},"end":{"line":17,"column":1}}],"line":13},"2":{"loc":{"start":{"line":22,"column":11},"end":{"line":22,"column":89}},"type":"binary-expr","locations":[{"start":{"line":22,"column":12},"end":{"line":22,"column":35}},{"start":{"line":22,"column":41},"end":{"line":22,"column":58}},{"start":{"line":22,"column":64},"end":{"line":22,"column":88}}],"line":22},"3":{"loc":{"start":{"line":30,"column":2},"end":{"line":32,"column":3}},"type":"if","locations":[{"start":{"line":30,"column":2},"end":{"line":32,"column":3}},{"start":{},"end":{}}],"line":30}},"s":{"0":3,"1":3,"2":3,"3":3,"4":3,"5":3,"6":3,"7":3,"8":3,"9":0,"10":3,"11":3,"12":21,"13":18,"14":18,"15":3,"16":18,"17":18,"18":3,"19":3,"20":3},"f":{"0":21,"1":18,"2":18},"b":{"0":[3,0],"1":[0,3],"2":[21,21,18],"3":[18,0]},"_coverageSchema":"1a1c01bbd47fc00a2c39e90264f33305004495a9","hash":"cc412dc5f02418716387b360f75648591db1f68a"}
,"/Users/apple/code/node/node-training-project/models/role.model.js": {"path":"/Users/apple/code/node/node-training-project/models/role.model.js","statementMap":{"0":{"start":{"line":2,"column":18},"end":{"line":2,"column":38}},"1":{"start":{"line":3,"column":0},"end":{"line":35,"column":2}},"2":{"start":{"line":6,"column":6},"end":{"line":9,"column":8}},"3":{"start":{"line":12,"column":2},"end":{"line":33,"column":5}},"4":{"start":{"line":34,"column":2},"end":{"line":34,"column":14}}},"fnMap":{"0":{"name":"(anonymous_0)","decl":{"start":{"line":3,"column":17},"end":{"line":3,"column":18}},"loc":{"start":{"line":3,"column":43},"end":{"line":35,"column":1}},"line":3},"1":{"name":"(anonymous_1)","decl":{"start":{"line":5,"column":4},"end":{"line":5,"column":5}},"loc":{"start":{"line":5,"column":29},"end":{"line":10,"column":5}},"line":5}},"branchMap":{},"s":{"0":3,"1":3,"2":3,"3":3,"4":3},"f":{"0":3,"1":3},"b":{},"_coverageSchema":"1a1c01bbd47fc00a2c39e90264f33305004495a9","hash":"ac8cdb39c9945c90143db804098d070234db68b8"}
,"/Users/apple/code/node/node-training-project/models/user.model.js": {"path":"/Users/apple/code/node/node-training-project/models/user.model.js","statementMap":{"0":{"start":{"line":2,"column":18},"end":{"line":2,"column":38}},"1":{"start":{"line":3,"column":0},"end":{"line":90,"column":2}},"2":{"start":{"line":6,"column":6},"end":{"line":9,"column":9}},"3":{"start":{"line":11,"column":6},"end":{"line":14,"column":9}},"4":{"start":{"line":16,"column":6},"end":{"line":20,"column":9}},"5":{"start":{"line":22,"column":6},"end":{"line":26,"column":9}},"6":{"start":{"line":30,"column":2},"end":{"line":88,"column":4}},"7":{"start":{"line":89,"column":2},"end":{"line":89,"column":14}}},"fnMap":{"0":{"name":"(anonymous_0)","decl":{"start":{"line":3,"column":17},"end":{"line":3,"column":18}},"loc":{"start":{"line":3,"column":43},"end":{"line":90,"column":1}},"line":3},"1":{"name":"(anonymous_1)","decl":{"start":{"line":5,"column":4},"end":{"line":5,"column":5}},"loc":{"start":{"line":5,"column":29},"end":{"line":27,"column":5}},"line":5}},"branchMap":{},"s":{"0":3,"1":3,"2":3,"3":3,"4":3,"5":3,"6":3,"7":3},"f":{"0":3,"1":3},"b":{},"_coverageSchema":"1a1c01bbd47fc00a2c39e90264f33305004495a9","hash":"bcc7ce2dfe719e3266cfe66a7855c0b65e0f6118"}
,"/Users/apple/code/node/node-training-project/models/userDesignationMapping.model.js": {"path":"/Users/apple/code/node/node-training-project/models/userDesignationMapping.model.js","statementMap":{"0":{"start":{"line":2,"column":28},"end":{"line":2,"column":48}},"1":{"start":{"line":3,"column":0},"end":{"line":40,"column":2}},"2":{"start":{"line":6,"column":6},"end":{"line":8,"column":9}},"3":{"start":{"line":9,"column":6},"end":{"line":11,"column":9}},"4":{"start":{"line":14,"column":2},"end":{"line":38,"column":4}},"5":{"start":{"line":39,"column":2},"end":{"line":39,"column":32}}},"fnMap":{"0":{"name":"(anonymous_0)","decl":{"start":{"line":3,"column":17},"end":{"line":3,"column":18}},"loc":{"start":{"line":3,"column":43},"end":{"line":40,"column":1}},"line":3},"1":{"name":"(anonymous_1)","decl":{"start":{"line":5,"column":4},"end":{"line":5,"column":5}},"loc":{"start":{"line":5,"column":29},"end":{"line":12,"column":5}},"line":5}},"branchMap":{},"s":{"0":3,"1":3,"2":3,"3":3,"4":3,"5":3},"f":{"0":3,"1":3},"b":{},"_coverageSchema":"1a1c01bbd47fc00a2c39e90264f33305004495a9","hash":"3cbe054bc5305d50a8dda8cb8bf6a3f80a008388"}
,"/Users/apple/code/node/node-training-project/models/userReporteeMapping.model.js": {"path":"/Users/apple/code/node/node-training-project/models/userReporteeMapping.model.js","statementMap":{"0":{"start":{"line":2,"column":18},"end":{"line":2,"column":38}},"1":{"start":{"line":3,"column":0},"end":{"line":42,"column":2}},"2":{"start":{"line":6,"column":6},"end":{"line":9,"column":9}},"3":{"start":{"line":10,"column":6},"end":{"line":13,"column":9}},"4":{"start":{"line":16,"column":2},"end":{"line":40,"column":4}},"5":{"start":{"line":41,"column":2},"end":{"line":41,"column":29}}},"fnMap":{"0":{"name":"(anonymous_0)","decl":{"start":{"line":3,"column":17},"end":{"line":3,"column":18}},"loc":{"start":{"line":3,"column":43},"end":{"line":42,"column":1}},"line":3},"1":{"name":"(anonymous_1)","decl":{"start":{"line":5,"column":4},"end":{"line":5,"column":5}},"loc":{"start":{"line":5,"column":29},"end":{"line":14,"column":5}},"line":5}},"branchMap":{},"s":{"0":3,"1":3,"2":3,"3":3,"4":3,"5":3},"f":{"0":3,"1":3},"b":{},"_coverageSchema":"1a1c01bbd47fc00a2c39e90264f33305004495a9","hash":"dcb40157baf52ff2333df8fc478eecc989ff9142"}
,"/Users/apple/code/node/node-training-project/models/userRoleMapping.model.js": {"path":"/Users/apple/code/node/node-training-project/models/userRoleMapping.model.js","statementMap":{"0":{"start":{"line":2,"column":18},"end":{"line":2,"column":38}},"1":{"start":{"line":3,"column":0},"end":{"line":41,"column":2}},"2":{"start":{"line":6,"column":6},"end":{"line":8,"column":9}},"3":{"start":{"line":9,"column":6},"end":{"line":11,"column":9}},"4":{"start":{"line":14,"column":2},"end":{"line":39,"column":4}},"5":{"start":{"line":40,"column":2},"end":{"line":40,"column":25}}},"fnMap":{"0":{"name":"(anonymous_0)","decl":{"start":{"line":3,"column":17},"end":{"line":3,"column":18}},"loc":{"start":{"line":3,"column":43},"end":{"line":41,"column":1}},"line":3},"1":{"name":"(anonymous_1)","decl":{"start":{"line":5,"column":4},"end":{"line":5,"column":5}},"loc":{"start":{"line":5,"column":29},"end":{"line":12,"column":5}},"line":5}},"branchMap":{},"s":{"0":3,"1":3,"2":3,"3":3,"4":3,"5":3},"f":{"0":3,"1":3},"b":{},"_coverageSchema":"1a1c01bbd47fc00a2c39e90264f33305004495a9","hash":"bc15690739171f616c9864e53e9f9720743bfab8"}
,"/Users/apple/code/node/node-training-project/routes/admin.route.js": {"path":"/Users/apple/code/node/node-training-project/routes/admin.route.js","statementMap":{"0":{"start":{"line":1,"column":19},"end":{"line":1,"column":37}},"1":{"start":{"line":3,"column":20},"end":{"line":3,"column":45}},"2":{"start":{"line":4,"column":29},"end":{"line":4,"column":59}},"3":{"start":{"line":5,"column":23},"end":{"line":5,"column":66}},"4":{"start":{"line":6,"column":18},"end":{"line":6,"column":42}},"5":{"start":{"line":7,"column":24},"end":{"line":7,"column":61}},"6":{"start":{"line":9,"column":15},"end":{"line":9,"column":23}},"7":{"start":{"line":11,"column":0},"end":{"line":18,"column":2}},"8":{"start":{"line":20,"column":0},"end":{"line":27,"column":2}},"9":{"start":{"line":28,"column":0},"end":{"line":35,"column":2}},"10":{"start":{"line":37,"column":0},"end":{"line":44,"column":2}},"11":{"start":{"line":46,"column":0},"end":{"line":53,"column":2}},"12":{"start":{"line":56,"column":0},"end":{"line":62,"column":2}},"13":{"start":{"line":63,"column":0},"end":{"line":70,"column":2}},"14":{"start":{"line":71,"column":0},"end":{"line":78,"column":2}},"15":{"start":{"line":80,"column":0},"end":{"line":87,"column":2}},"16":{"start":{"line":88,"column":0},"end":{"line":95,"column":2}},"17":{"start":{"line":96,"column":0},"end":{"line":96,"column":24}}},"fnMap":{},"branchMap":{},"s":{"0":3,"1":3,"2":3,"3":3,"4":3,"5":3,"6":3,"7":3,"8":3,"9":3,"10":3,"11":3,"12":3,"13":3,"14":3,"15":3,"16":3,"17":3},"f":{},"b":{},"_coverageSchema":"1a1c01bbd47fc00a2c39e90264f33305004495a9","hash":"6286f9417255c21aefb185be0dcc912f7443bd17"}
,"/Users/apple/code/node/node-training-project/routes/index.js": {"path":"/Users/apple/code/node/node-training-project/routes/index.js","statementMap":{"0":{"start":{"line":1,"column":11},"end":{"line":1,"column":24}},"1":{"start":{"line":2,"column":20},"end":{"line":2,"column":35}},"2":{"start":{"line":3,"column":21},"end":{"line":3,"column":40}},"3":{"start":{"line":6,"column":4},"end":{"line":6,"column":67}},"4":{"start":{"line":10,"column":25},"end":{"line":23,"column":1}},"5":{"start":{"line":11,"column":26},"end":{"line":11,"column":28}},"6":{"start":{"line":13,"column":4},"end":{"line":21,"column":7}},"7":{"start":{"line":14,"column":25},"end":{"line":14,"column":50}},"8":{"start":{"line":15,"column":8},"end":{"line":20,"column":9}},"9":{"start":{"line":16,"column":12},"end":{"line":19,"column":15}},"10":{"start":{"line":22,"column":4},"end":{"line":22,"column":25}},"11":{"start":{"line":26,"column":23},"end":{"line":33,"column":1}},"12":{"start":{"line":27,"column":26},"end":{"line":27,"column":44}},"13":{"start":{"line":29,"column":4},"end":{"line":32,"column":5}},"14":{"start":{"line":30,"column":23},"end":{"line":30,"column":50}},"15":{"start":{"line":31,"column":8},"end":{"line":31,"column":83}},"16":{"start":{"line":35,"column":0},"end":{"line":37,"column":2}}},"fnMap":{"0":{"name":"camelCaseToDash","decl":{"start":{"line":5,"column":9},"end":{"line":5,"column":24}},"loc":{"start":{"line":5,"column":32},"end":{"line":7,"column":1}},"line":5},"1":{"name":"(anonymous_1)","decl":{"start":{"line":10,"column":25},"end":{"line":10,"column":26}},"loc":{"start":{"line":10,"column":37},"end":{"line":23,"column":1}},"line":10},"2":{"name":"(anonymous_2)","decl":{"start":{"line":13,"column":41},"end":{"line":13,"column":42}},"loc":{"start":{"line":13,"column":49},"end":{"line":21,"column":5}},"line":13},"3":{"name":"(anonymous_3)","decl":{"start":{"line":26,"column":23},"end":{"line":26,"column":24}},"loc":{"start":{"line":26,"column":50},"end":{"line":33,"column":1}},"line":26}},"branchMap":{"0":{"loc":{"start":{"line":15,"column":8},"end":{"line":20,"column":9}},"type":"if","locations":[{"start":{"line":15,"column":8},"end":{"line":20,"column":9}},{"start":{},"end":{}}],"line":15},"1":{"loc":{"start":{"line":15,"column":12},"end":{"line":15,"column":69}},"type":"binary-expr","locations":[{"start":{"line":15,"column":12},"end":{"line":15,"column":35}},{"start":{"line":15,"column":39},"end":{"line":15,"column":69}}],"line":15}},"s":{"0":3,"1":3,"2":3,"3":6,"4":3,"5":3,"6":3,"7":9,"8":9,"9":6,"10":3,"11":3,"12":3,"13":3,"14":6,"15":6,"16":3},"f":{"0":6,"1":3,"2":9,"3":3},"b":{"0":[6,3],"1":[9,9]},"_coverageSchema":"1a1c01bbd47fc00a2c39e90264f33305004495a9","hash":"860ea989b609b6b288b0f13f477da4549084a3ab"}
,"/Users/apple/code/node/node-training-project/routes/user.route.js": {"path":"/Users/apple/code/node/node-training-project/routes/user.route.js","statementMap":{"0":{"start":{"line":1,"column":19},"end":{"line":1,"column":37}},"1":{"start":{"line":3,"column":20},"end":{"line":3,"column":45}},"2":{"start":{"line":4,"column":48},"end":{"line":4,"column":78}},"3":{"start":{"line":5,"column":18},"end":{"line":5,"column":42}},"4":{"start":{"line":6,"column":24},"end":{"line":6,"column":61}},"5":{"start":{"line":8,"column":15},"end":{"line":8,"column":23}},"6":{"start":{"line":11,"column":0},"end":{"line":16,"column":2}},"7":{"start":{"line":17,"column":0},"end":{"line":22,"column":2}},"8":{"start":{"line":23,"column":0},"end":{"line":27,"column":2}},"9":{"start":{"line":29,"column":0},"end":{"line":34,"column":2}},"10":{"start":{"line":36,"column":0},"end":{"line":41,"column":2}},"11":{"start":{"line":43,"column":0},"end":{"line":48,"column":2}},"12":{"start":{"line":50,"column":0},"end":{"line":56,"column":2}},"13":{"start":{"line":58,"column":0},"end":{"line":64,"column":2}},"14":{"start":{"line":66,"column":0},"end":{"line":72,"column":2}},"15":{"start":{"line":73,"column":0},"end":{"line":79,"column":2}},"16":{"start":{"line":82,"column":0},"end":{"line":82,"column":24}}},"fnMap":{},"branchMap":{},"s":{"0":3,"1":3,"2":3,"3":3,"4":3,"5":3,"6":3,"7":3,"8":3,"9":3,"10":3,"11":3,"12":3,"13":3,"14":3,"15":3,"16":3},"f":{},"b":{},"_coverageSchema":"1a1c01bbd47fc00a2c39e90264f33305004495a9","hash":"e03a12c31c9251c21e18aaa5539db26b57255959"}
,"/Users/apple/code/node/node-training-project/services/designation.service.js": {"path":"/Users/apple/code/node/node-training-project/services/designation.service.js","statementMap":{"0":{"start":{"line":1,"column":15},"end":{"line":1,"column":35}},"1":{"start":{"line":3,"column":26},"end":{"line":40,"column":1}},"2":{"start":{"line":4,"column":4},"end":{"line":4,"column":41}},"3":{"start":{"line":5,"column":40},"end":{"line":5,"column":47}},"4":{"start":{"line":7,"column":24},"end":{"line":11,"column":6}},"5":{"start":{"line":13,"column":4},"end":{"line":15,"column":5}},"6":{"start":{"line":14,"column":8},"end":{"line":14,"column":48}},"7":{"start":{"line":17,"column":4},"end":{"line":17,"column":44}},"8":{"start":{"line":19,"column":17},"end":{"line":27,"column":6}},"9":{"start":{"line":28,"column":4},"end":{"line":30,"column":5}},"10":{"start":{"line":29,"column":8},"end":{"line":29,"column":43}},"11":{"start":{"line":31,"column":4},"end":{"line":33,"column":5}},"12":{"start":{"line":32,"column":8},"end":{"line":32,"column":41}},"13":{"start":{"line":35,"column":35},"end":{"line":38,"column":6}},"14":{"start":{"line":39,"column":4},"end":{"line":39,"column":34}},"15":{"start":{"line":42,"column":30},"end":{"line":90,"column":1}},"16":{"start":{"line":43,"column":40},"end":{"line":43,"column":47}},"17":{"start":{"line":44,"column":24},"end":{"line":48,"column":6}},"18":{"start":{"line":50,"column":4},"end":{"line":52,"column":5}},"19":{"start":{"line":51,"column":8},"end":{"line":51,"column":48}},"20":{"start":{"line":54,"column":17},"end":{"line":62,"column":6}},"21":{"start":{"line":63,"column":4},"end":{"line":65,"column":5}},"22":{"start":{"line":64,"column":8},"end":{"line":64,"column":43}},"23":{"start":{"line":67,"column":4},"end":{"line":67,"column":51}},"24":{"start":{"line":69,"column":4},"end":{"line":71,"column":5}},"25":{"start":{"line":70,"column":8},"end":{"line":70,"column":41}},"26":{"start":{"line":73,"column":32},"end":{"line":78,"column":6}},"27":{"start":{"line":80,"column":4},"end":{"line":80,"column":60}},"28":{"start":{"line":80,"column":30},"end":{"line":80,"column":60}},"29":{"start":{"line":82,"column":35},"end":{"line":87,"column":6}},"30":{"start":{"line":89,"column":4},"end":{"line":89,"column":34}},"31":{"start":{"line":92,"column":0},"end":{"line":95,"column":1}}},"fnMap":{"0":{"name":"(anonymous_0)","decl":{"start":{"line":3,"column":26},"end":{"line":3,"column":27}},"loc":{"start":{"line":3,"column":45},"end":{"line":40,"column":1}},"line":3},"1":{"name":"(anonymous_1)","decl":{"start":{"line":42,"column":30},"end":{"line":42,"column":31}},"loc":{"start":{"line":42,"column":49},"end":{"line":90,"column":1}},"line":42}},"branchMap":{"0":{"loc":{"start":{"line":13,"column":4},"end":{"line":15,"column":5}},"type":"if","locations":[{"start":{"line":13,"column":4},"end":{"line":15,"column":5}},{"start":{},"end":{}}],"line":13},"1":{"loc":{"start":{"line":28,"column":4},"end":{"line":30,"column":5}},"type":"if","locations":[{"start":{"line":28,"column":4},"end":{"line":30,"column":5}},{"start":{},"end":{}}],"line":28},"2":{"loc":{"start":{"line":31,"column":4},"end":{"line":33,"column":5}},"type":"if","locations":[{"start":{"line":31,"column":4},"end":{"line":33,"column":5}},{"start":{},"end":{}}],"line":31},"3":{"loc":{"start":{"line":50,"column":4},"end":{"line":52,"column":5}},"type":"if","locations":[{"start":{"line":50,"column":4},"end":{"line":52,"column":5}},{"start":{},"end":{}}],"line":50},"4":{"loc":{"start":{"line":63,"column":4},"end":{"line":65,"column":5}},"type":"if","locations":[{"start":{"line":63,"column":4},"end":{"line":65,"column":5}},{"start":{},"end":{}}],"line":63},"5":{"loc":{"start":{"line":69,"column":4},"end":{"line":71,"column":5}},"type":"if","locations":[{"start":{"line":69,"column":4},"end":{"line":71,"column":5}},{"start":{},"end":{}}],"line":69},"6":{"loc":{"start":{"line":80,"column":4},"end":{"line":80,"column":60}},"type":"if","locations":[{"start":{"line":80,"column":4},"end":{"line":80,"column":60}},{"start":{},"end":{}}],"line":80}},"s":{"0":3,"1":3,"2":4,"3":4,"4":4,"5":4,"6":1,"7":3,"8":3,"9":3,"10":1,"11":2,"12":1,"13":1,"14":1,"15":3,"16":4,"17":4,"18":4,"19":1,"20":3,"21":3,"22":1,"23":2,"24":2,"25":1,"26":1,"27":1,"28":0,"29":1,"30":1,"31":3},"f":{"0":4,"1":4},"b":{"0":[1,3],"1":[1,2],"2":[1,1],"3":[1,3],"4":[1,2],"5":[1,1],"6":[0,1]},"_coverageSchema":"1a1c01bbd47fc00a2c39e90264f33305004495a9","hash":"7a634664a2dfabc4f617a3f028a884650999fbbe"}
,"/Users/apple/code/node/node-training-project/services/user.service.js": {"path":"/Users/apple/code/node/node-training-project/services/user.service.js","statementMap":{"0":{"start":{"line":1,"column":15},"end":{"line":1,"column":32}},"1":{"start":{"line":2,"column":12},"end":{"line":2,"column":35}},"2":{"start":{"line":3,"column":15},"end":{"line":3,"column":35}},"3":{"start":{"line":4,"column":15},"end":{"line":4,"column":35}},"4":{"start":{"line":5,"column":22},"end":{"line":5,"column":42}},"5":{"start":{"line":6,"column":15},"end":{"line":6,"column":44}},"6":{"start":{"line":7,"column":29},"end":{"line":7,"column":62}},"7":{"start":{"line":8,"column":20},"end":{"line":8,"column":47}},"8":{"start":{"line":9,"column":30},"end":{"line":9,"column":64}},"9":{"start":{"line":10,"column":16},"end":{"line":10,"column":49}},"10":{"start":{"line":12,"column":22},"end":{"line":18,"column":1}},"11":{"start":{"line":13,"column":2},"end":{"line":13,"column":110}},"12":{"start":{"line":14,"column":21},"end":{"line":14,"column":49}},"13":{"start":{"line":15,"column":24},"end":{"line":15,"column":40}},"14":{"start":{"line":16,"column":2},"end":{"line":16,"column":62}},"15":{"start":{"line":17,"column":2},"end":{"line":17,"column":39}},"16":{"start":{"line":22,"column":18},"end":{"line":77,"column":1}},"17":{"start":{"line":23,"column":30},"end":{"line":23,"column":37}},"18":{"start":{"line":25,"column":2},"end":{"line":25,"column":23}},"19":{"start":{"line":27,"column":15},"end":{"line":45,"column":4}},"20":{"start":{"line":47,"column":2},"end":{"line":49,"column":3}},"21":{"start":{"line":48,"column":4},"end":{"line":48,"column":39}},"22":{"start":{"line":51,"column":16},"end":{"line":51,"column":76}},"23":{"start":{"line":52,"column":2},"end":{"line":54,"column":3}},"24":{"start":{"line":53,"column":4},"end":{"line":53,"column":47}},"25":{"start":{"line":56,"column":22},"end":{"line":60,"column":3}},"26":{"start":{"line":61,"column":23},"end":{"line":65,"column":3}},"27":{"start":{"line":67,"column":2},"end":{"line":67,"column":34}},"28":{"start":{"line":68,"column":2},"end":{"line":68,"column":55}},"29":{"start":{"line":69,"column":2},"end":{"line":69,"column":71}},"30":{"start":{"line":71,"column":2},"end":{"line":76,"column":3}},"31":{"start":{"line":78,"column":21},"end":{"line":87,"column":1}},"32":{"start":{"line":79,"column":23},"end":{"line":81,"column":4}},"33":{"start":{"line":83,"column":2},"end":{"line":86,"column":3}},"34":{"start":{"line":89,"column":20},"end":{"line":99,"column":1}},"35":{"start":{"line":90,"column":14},"end":{"line":90,"column":40}},"36":{"start":{"line":91,"column":13},"end":{"line":91,"column":44}},"37":{"start":{"line":93,"column":16},"end":{"line":97,"column":4}},"38":{"start":{"line":98,"column":2},"end":{"line":98,"column":15}},"39":{"start":{"line":102,"column":19},"end":{"line":105,"column":1}},"40":{"start":{"line":103,"column":2},"end":{"line":103,"column":38}},"41":{"start":{"line":104,"column":2},"end":{"line":104,"column":9}},"42":{"start":{"line":107,"column":26},"end":{"line":156,"column":1}},"43":{"start":{"line":108,"column":21},"end":{"line":108,"column":41}},"44":{"start":{"line":109,"column":19},"end":{"line":109,"column":43}},"45":{"start":{"line":110,"column":18},"end":{"line":110,"column":36}},"46":{"start":{"line":111,"column":21},"end":{"line":111,"column":42}},"47":{"start":{"line":113,"column":2},"end":{"line":155,"column":3}},"48":{"start":{"line":114,"column":22},"end":{"line":119,"column":6}},"49":{"start":{"line":120,"column":4},"end":{"line":120,"column":46}},"50":{"start":{"line":122,"column":7},"end":{"line":155,"column":3}},"51":{"start":{"line":123,"column":22},"end":{"line":128,"column":6}},"52":{"start":{"line":130,"column":4},"end":{"line":132,"column":5}},"53":{"start":{"line":131,"column":6},"end":{"line":131,"column":40}},"54":{"start":{"line":134,"column":22},"end":{"line":134,"column":65}},"55":{"start":{"line":134,"column":50},"end":{"line":134,"column":64}},"56":{"start":{"line":135,"column":21},"end":{"line":135,"column":78}},"57":{"start":{"line":136,"column":26},"end":{"line":136,"column":44}},"58":{"start":{"line":137,"column":4},"end":{"line":139,"column":5}},"59":{"start":{"line":138,"column":6},"end":{"line":138,"column":53}},"60":{"start":{"line":141,"column":4},"end":{"line":141,"column":49}},"61":{"start":{"line":144,"column":7},"end":{"line":155,"column":3}},"62":{"start":{"line":145,"column":25},"end":{"line":145,"column":58}},"63":{"start":{"line":146,"column":4},"end":{"line":148,"column":5}},"64":{"start":{"line":147,"column":6},"end":{"line":147,"column":44}},"65":{"start":{"line":149,"column":22},"end":{"line":149,"column":80}},"66":{"start":{"line":150,"column":4},"end":{"line":152,"column":5}},"67":{"start":{"line":151,"column":6},"end":{"line":151,"column":40}},"68":{"start":{"line":153,"column":4},"end":{"line":153,"column":38}},"69":{"start":{"line":154,"column":4},"end":{"line":154,"column":52}},"70":{"start":{"line":158,"column":19},"end":{"line":193,"column":1}},"71":{"start":{"line":159,"column":16},"end":{"line":159,"column":30}},"72":{"start":{"line":160,"column":17},"end":{"line":160,"column":47}},"73":{"start":{"line":162,"column":2},"end":{"line":192,"column":3}},"74":{"start":{"line":163,"column":4},"end":{"line":163,"column":30}},"75":{"start":{"line":166,"column":21},"end":{"line":184,"column":6}},"76":{"start":{"line":186,"column":4},"end":{"line":188,"column":5}},"77":{"start":{"line":187,"column":6},"end":{"line":187,"column":40}},"78":{"start":{"line":190,"column":4},"end":{"line":190,"column":61}},"79":{"start":{"line":191,"column":4},"end":{"line":191,"column":20}},"80":{"start":{"line":195,"column":23},"end":{"line":223,"column":1}},"81":{"start":{"line":197,"column":20},"end":{"line":197,"column":27}},"82":{"start":{"line":198,"column":15},"end":{"line":202,"column":4}},"83":{"start":{"line":204,"column":2},"end":{"line":206,"column":3}},"84":{"start":{"line":205,"column":4},"end":{"line":205,"column":39}},"85":{"start":{"line":207,"column":20},"end":{"line":207,"column":56}},"86":{"start":{"line":208,"column":15},"end":{"line":208,"column":33}},"87":{"start":{"line":209,"column":16},"end":{"line":209,"column":36}},"88":{"start":{"line":210,"column":27},"end":{"line":210,"column":78}},"89":{"start":{"line":212,"column":2},"end":{"line":212,"column":49}},"90":{"start":{"line":214,"column":18},"end":{"line":214,"column":23}},"91":{"start":{"line":215,"column":16},"end":{"line":215,"column":37}},"92":{"start":{"line":216,"column":13},"end":{"line":216,"column":58}},"93":{"start":{"line":218,"column":2},"end":{"line":218,"column":50}},"94":{"start":{"line":220,"column":2},"end":{"line":220,"column":57}},"95":{"start":{"line":220,"column":38},"end":{"line":220,"column":57}},"96":{"start":{"line":221,"column":2},"end":{"line":221,"column":49}},"97":{"start":{"line":225,"column":23},"end":{"line":256,"column":1}},"98":{"start":{"line":227,"column":19},"end":{"line":227,"column":26}},"99":{"start":{"line":228,"column":16},"end":{"line":228,"column":22}},"100":{"start":{"line":229,"column":15},"end":{"line":238,"column":4}},"101":{"start":{"line":240,"column":2},"end":{"line":242,"column":3}},"102":{"start":{"line":241,"column":4},"end":{"line":241,"column":37}},"103":{"start":{"line":244,"column":2},"end":{"line":246,"column":3}},"104":{"start":{"line":245,"column":4},"end":{"line":245,"column":36}},"105":{"start":{"line":248,"column":2},"end":{"line":252,"column":5}},"106":{"start":{"line":254,"column":2},"end":{"line":254,"column":33}},"107":{"start":{"line":255,"column":2},"end":{"line":255,"column":27}},"108":{"start":{"line":258,"column":19},"end":{"line":273,"column":1}},"109":{"start":{"line":259,"column":19},"end":{"line":259,"column":26}},"110":{"start":{"line":261,"column":20},"end":{"line":265,"column":4}},"111":{"start":{"line":267,"column":2},"end":{"line":271,"column":3}},"112":{"start":{"line":268,"column":4},"end":{"line":268,"column":27}},"113":{"start":{"line":270,"column":4},"end":{"line":270,"column":38}},"114":{"start":{"line":275,"column":19},"end":{"line":337,"column":1}},"115":{"start":{"line":276,"column":22},"end":{"line":276,"column":57}},"116":{"start":{"line":277,"column":2},"end":{"line":277,"column":34}},"117":{"start":{"line":278,"column":2},"end":{"line":278,"column":68}},"118":{"start":{"line":279,"column":16},"end":{"line":279,"column":45}},"119":{"start":{"line":280,"column":2},"end":{"line":336,"column":3}},"120":{"start":{"line":281,"column":25},"end":{"line":283,"column":6}},"121":{"start":{"line":284,"column":4},"end":{"line":286,"column":5}},"122":{"start":{"line":285,"column":6},"end":{"line":285,"column":45}},"123":{"start":{"line":287,"column":17},"end":{"line":289,"column":5}},"124":{"start":{"line":291,"column":19},"end":{"line":291,"column":37}},"125":{"start":{"line":292,"column":4},"end":{"line":311,"column":5}},"126":{"start":{"line":293,"column":26},"end":{"line":299,"column":7}},"127":{"start":{"line":300,"column":6},"end":{"line":302,"column":7}},"128":{"start":{"line":301,"column":8},"end":{"line":301,"column":47}},"129":{"start":{"line":304,"column":8},"end":{"line":309,"column":9}},"130":{"start":{"line":312,"column":4},"end":{"line":330,"column":5}},"131":{"start":{"line":313,"column":19},"end":{"line":319,"column":7}},"132":{"start":{"line":321,"column":6},"end":{"line":323,"column":7}},"133":{"start":{"line":322,"column":8},"end":{"line":322,"column":40}},"134":{"start":{"line":324,"column":32},"end":{"line":329,"column":7}},"135":{"start":{"line":331,"column":4},"end":{"line":331,"column":25}},"136":{"start":{"line":332,"column":4},"end":{"line":332,"column":39}},"137":{"start":{"line":334,"column":4},"end":{"line":334,"column":27}},"138":{"start":{"line":335,"column":4},"end":{"line":335,"column":40}},"139":{"start":{"line":339,"column":21},"end":{"line":366,"column":1}},"140":{"start":{"line":340,"column":2},"end":{"line":340,"column":31}},"141":{"start":{"line":341,"column":2},"end":{"line":341,"column":27}},"142":{"start":{"line":342,"column":2},"end":{"line":342,"column":61}},"143":{"start":{"line":343,"column":23},"end":{"line":345,"column":4}},"144":{"start":{"line":346,"column":2},"end":{"line":348,"column":3}},"145":{"start":{"line":347,"column":4},"end":{"line":347,"column":43}},"146":{"start":{"line":349,"column":15},"end":{"line":349,"column":48}},"147":{"start":{"line":350,"column":17},"end":{"line":350,"column":35}},"148":{"start":{"line":351,"column":15},"end":{"line":355,"column":4}},"149":{"start":{"line":356,"column":2},"end":{"line":359,"column":5}},"150":{"start":{"line":361,"column":2},"end":{"line":361,"column":34}},"151":{"start":{"line":362,"column":2},"end":{"line":362,"column":36}},"152":{"start":{"line":363,"column":2},"end":{"line":363,"column":36}},"153":{"start":{"line":364,"column":2},"end":{"line":364,"column":36}},"154":{"start":{"line":365,"column":2},"end":{"line":365,"column":14}},"155":{"start":{"line":369,"column":0},"end":{"line":381,"column":2}}},"fnMap":{"0":{"name":"(anonymous_0)","decl":{"start":{"line":12,"column":22},"end":{"line":12,"column":23}},"loc":{"start":{"line":12,"column":56},"end":{"line":18,"column":1}},"line":12},"1":{"name":"(anonymous_1)","decl":{"start":{"line":22,"column":18},"end":{"line":22,"column":19}},"loc":{"start":{"line":22,"column":37},"end":{"line":77,"column":1}},"line":22},"2":{"name":"(anonymous_2)","decl":{"start":{"line":78,"column":21},"end":{"line":78,"column":22}},"loc":{"start":{"line":78,"column":53},"end":{"line":87,"column":1}},"line":78},"3":{"name":"(anonymous_3)","decl":{"start":{"line":89,"column":20},"end":{"line":89,"column":21}},"loc":{"start":{"line":89,"column":37},"end":{"line":99,"column":1}},"line":89},"4":{"name":"(anonymous_4)","decl":{"start":{"line":102,"column":19},"end":{"line":102,"column":20}},"loc":{"start":{"line":102,"column":43},"end":{"line":105,"column":1}},"line":102},"5":{"name":"(anonymous_5)","decl":{"start":{"line":107,"column":26},"end":{"line":107,"column":27}},"loc":{"start":{"line":107,"column":69},"end":{"line":156,"column":1}},"line":107},"6":{"name":"(anonymous_6)","decl":{"start":{"line":134,"column":42},"end":{"line":134,"column":43}},"loc":{"start":{"line":134,"column":50},"end":{"line":134,"column":64}},"line":134},"7":{"name":"(anonymous_7)","decl":{"start":{"line":158,"column":19},"end":{"line":158,"column":20}},"loc":{"start":{"line":158,"column":38},"end":{"line":193,"column":1}},"line":158},"8":{"name":"(anonymous_8)","decl":{"start":{"line":195,"column":23},"end":{"line":195,"column":24}},"loc":{"start":{"line":195,"column":42},"end":{"line":223,"column":1}},"line":195},"9":{"name":"(anonymous_9)","decl":{"start":{"line":225,"column":23},"end":{"line":225,"column":24}},"loc":{"start":{"line":225,"column":42},"end":{"line":256,"column":1}},"line":225},"10":{"name":"(anonymous_10)","decl":{"start":{"line":258,"column":19},"end":{"line":258,"column":20}},"loc":{"start":{"line":258,"column":38},"end":{"line":273,"column":1}},"line":258},"11":{"name":"(anonymous_11)","decl":{"start":{"line":275,"column":19},"end":{"line":275,"column":20}},"loc":{"start":{"line":275,"column":38},"end":{"line":337,"column":1}},"line":275},"12":{"name":"(anonymous_12)","decl":{"start":{"line":339,"column":21},"end":{"line":339,"column":22}},"loc":{"start":{"line":339,"column":40},"end":{"line":366,"column":1}},"line":339}},"branchMap":{"0":{"loc":{"start":{"line":47,"column":2},"end":{"line":49,"column":3}},"type":"if","locations":[{"start":{"line":47,"column":2},"end":{"line":49,"column":3}},{"start":{},"end":{}}],"line":47},"1":{"loc":{"start":{"line":52,"column":2},"end":{"line":54,"column":3}},"type":"if","locations":[{"start":{"line":52,"column":2},"end":{"line":54,"column":3}},{"start":{},"end":{}}],"line":52},"2":{"loc":{"start":{"line":90,"column":14},"end":{"line":90,"column":40}},"type":"cond-expr","locations":[{"start":{"line":90,"column":32},"end":{"line":90,"column":36}},{"start":{"line":90,"column":39},"end":{"line":90,"column":40}}],"line":90},"3":{"loc":{"start":{"line":91,"column":13},"end":{"line":91,"column":44}},"type":"cond-expr","locations":[{"start":{"line":91,"column":30},"end":{"line":91,"column":31}},{"start":{"line":91,"column":34},"end":{"line":91,"column":44}}],"line":91},"4":{"loc":{"start":{"line":107,"column":42},"end":{"line":107,"column":51}},"type":"default-arg","locations":[{"start":{"line":107,"column":49},"end":{"line":107,"column":51}}],"line":107},"5":{"loc":{"start":{"line":107,"column":53},"end":{"line":107,"column":64}},"type":"default-arg","locations":[{"start":{"line":107,"column":62},"end":{"line":107,"column":64}}],"line":107},"6":{"loc":{"start":{"line":108,"column":21},"end":{"line":108,"column":41}},"type":"binary-expr","locations":[{"start":{"line":108,"column":21},"end":{"line":108,"column":33}},{"start":{"line":108,"column":37},"end":{"line":108,"column":41}}],"line":108},"7":{"loc":{"start":{"line":109,"column":19},"end":{"line":109,"column":43}},"type":"binary-expr","locations":[{"start":{"line":109,"column":19},"end":{"line":109,"column":35}},{"start":{"line":109,"column":39},"end":{"line":109,"column":43}}],"line":109},"8":{"loc":{"start":{"line":110,"column":18},"end":{"line":110,"column":36}},"type":"binary-expr","locations":[{"start":{"line":110,"column":18},"end":{"line":110,"column":28}},{"start":{"line":110,"column":32},"end":{"line":110,"column":36}}],"line":110},"9":{"loc":{"start":{"line":111,"column":21},"end":{"line":111,"column":42}},"type":"binary-expr","locations":[{"start":{"line":111,"column":21},"end":{"line":111,"column":34}},{"start":{"line":111,"column":38},"end":{"line":111,"column":42}}],"line":111},"10":{"loc":{"start":{"line":113,"column":2},"end":{"line":155,"column":3}},"type":"if","locations":[{"start":{"line":113,"column":2},"end":{"line":155,"column":3}},{"start":{"line":122,"column":7},"end":{"line":155,"column":3}}],"line":113},"11":{"loc":{"start":{"line":113,"column":6},"end":{"line":113,"column":32}},"type":"binary-expr","locations":[{"start":{"line":113,"column":6},"end":{"line":113,"column":15}},{"start":{"line":113,"column":19},"end":{"line":113,"column":32}}],"line":113},"12":{"loc":{"start":{"line":122,"column":7},"end":{"line":155,"column":3}},"type":"if","locations":[{"start":{"line":122,"column":7},"end":{"line":155,"column":3}},{"start":{"line":144,"column":7},"end":{"line":155,"column":3}}],"line":122},"13":{"loc":{"start":{"line":122,"column":11},"end":{"line":122,"column":36}},"type":"binary-expr","locations":[{"start":{"line":122,"column":11},"end":{"line":122,"column":23}},{"start":{"line":122,"column":27},"end":{"line":122,"column":36}}],"line":122},"14":{"loc":{"start":{"line":130,"column":4},"end":{"line":132,"column":5}},"type":"if","locations":[{"start":{"line":130,"column":4},"end":{"line":132,"column":5}},{"start":{},"end":{}}],"line":130},"15":{"loc":{"start":{"line":137,"column":4},"end":{"line":139,"column":5}},"type":"if","locations":[{"start":{"line":137,"column":4},"end":{"line":139,"column":5}},{"start":{},"end":{}}],"line":137},"16":{"loc":{"start":{"line":144,"column":7},"end":{"line":155,"column":3}},"type":"if","locations":[{"start":{"line":144,"column":7},"end":{"line":155,"column":3}},{"start":{},"end":{}}],"line":144},"17":{"loc":{"start":{"line":146,"column":4},"end":{"line":148,"column":5}},"type":"if","locations":[{"start":{"line":146,"column":4},"end":{"line":148,"column":5}},{"start":{},"end":{}}],"line":146},"18":{"loc":{"start":{"line":150,"column":4},"end":{"line":152,"column":5}},"type":"if","locations":[{"start":{"line":150,"column":4},"end":{"line":152,"column":5}},{"start":{},"end":{}}],"line":150},"19":{"loc":{"start":{"line":162,"column":2},"end":{"line":192,"column":3}},"type":"if","locations":[{"start":{"line":162,"column":2},"end":{"line":192,"column":3}},{"start":{"line":165,"column":7},"end":{"line":192,"column":3}}],"line":162},"20":{"loc":{"start":{"line":186,"column":4},"end":{"line":188,"column":5}},"type":"if","locations":[{"start":{"line":186,"column":4},"end":{"line":188,"column":5}},{"start":{},"end":{}}],"line":186},"21":{"loc":{"start":{"line":204,"column":2},"end":{"line":206,"column":3}},"type":"if","locations":[{"start":{"line":204,"column":2},"end":{"line":206,"column":3}},{"start":{},"end":{}}],"line":204},"22":{"loc":{"start":{"line":220,"column":2},"end":{"line":220,"column":57}},"type":"if","locations":[{"start":{"line":220,"column":2},"end":{"line":220,"column":57}},{"start":{},"end":{}}],"line":220},"23":{"loc":{"start":{"line":240,"column":2},"end":{"line":242,"column":3}},"type":"if","locations":[{"start":{"line":240,"column":2},"end":{"line":242,"column":3}},{"start":{},"end":{}}],"line":240},"24":{"loc":{"start":{"line":244,"column":2},"end":{"line":246,"column":3}},"type":"if","locations":[{"start":{"line":244,"column":2},"end":{"line":246,"column":3}},{"start":{},"end":{}}],"line":244},"25":{"loc":{"start":{"line":267,"column":2},"end":{"line":271,"column":3}},"type":"if","locations":[{"start":{"line":267,"column":2},"end":{"line":271,"column":3}},{"start":{"line":269,"column":9},"end":{"line":271,"column":3}}],"line":267},"26":{"loc":{"start":{"line":284,"column":4},"end":{"line":286,"column":5}},"type":"if","locations":[{"start":{"line":284,"column":4},"end":{"line":286,"co
[...]
,"/Users/apple/code/node/node-training-project/utility/faker.js": {"path":"/Users/apple/code/node/node-training-project/utility/faker.js","statementMap":{"0":{"start":{"line":1,"column":18},"end":{"line":1,"column":44}},"1":{"start":{"line":5,"column":19},"end":{"line":13,"column":3}},"2":{"start":{"line":14,"column":2},"end":{"line":14,"column":42}},"3":{"start":{"line":15,"column":2},"end":{"line":15,"column":38}},"4":{"start":{"line":16,"column":2},"end":{"line":16,"column":18}},"5":{"start":{"line":19,"column":0},"end":{"line":21,"column":1}}},"fnMap":{"0":{"name":"createRandomUser","decl":{"start":{"line":3,"column":9},"end":{"line":3,"column":25}},"loc":{"start":{"line":3,"column":44},"end":{"line":17,"column":1}},"line":3}},"branchMap":{"0":{"loc":{"start":{"line":11,"column":14},"end":{"line":11,"column":64}},"type":"binary-expr","locations":[{"start":{"line":11,"column":14},"end":{"line":11,"column":18}},{"start":{"line":11,"column":22},"end":{"line":11,"column":64}}],"line":11},"1":{"loc":{"start":{"line":12,"column":22},"end":{"line":12,"column":93}},"type":"binary-expr","locations":[{"start":{"line":12,"column":22},"end":{"line":12,"column":33}},{"start":{"line":12,"column":37},"end":{"line":12,"column":93}}],"line":12}},"s":{"0":3,"1":48,"2":48,"3":48,"4":48,"5":3},"f":{"0":48},"b":{"0":[48,1],"1":[48,18]},"_coverageSchema":"1a1c01bbd47fc00a2c39e90264f33305004495a9","hash":"feef26ef4359e5adbd7f26f8a82bcdc7cd88a6aa"}
,"/Users/apple/code/node/node-training-project/utility/logger.js": {"path":"/Users/apple/code/node/node-training-project/utility/logger.js","statementMap":{"0":{"start":{"line":1,"column":15},"end":{"line":1,"column":32}},"1":{"start":{"line":2,"column":15},"end":{"line":2,"column":30}},"2":{"start":{"line":3,"column":20},"end":{"line":3,"column":44}},"3":{"start":{"line":6,"column":13},"end":{"line":11,"column":1}},"4":{"start":{"line":7,"column":2},"end":{"line":10,"column":5}},"5":{"start":{"line":13,"column":20},"end":{"line":23,"column":1}},"6":{"start":{"line":14,"column":2},"end":{"line":16,"column":3}},"7":{"start":{"line":15,"column":4},"end":{"line":15,"column":30}},"8":{"start":{"line":17,"column":21},"end":{"line":20,"column":3}},"9":{"start":{"line":22,"column":2},"end":{"line":22,"column":34}},"10":{"start":{"line":25,"column":0},"end":{"line":28,"column":2}}},"fnMap":{"0":{"name":"(anonymous_0)","decl":{"start":{"line":6,"column":13},"end":{"line":6,"column":14}},"loc":{"start":{"line":6,"column":34},"end":{"line":11,"column":1}},"line":6},"1":{"name":"(anonymous_1)","decl":{"start":{"line":13,"column":20},"end":{"line":13,"column":21}},"loc":{"start":{"line":13,"column":36},"end":{"line":23,"column":1}},"line":13}},"branchMap":{"0":{"loc":{"start":{"line":6,"column":14},"end":{"line":6,"column":29}},"type":"default-arg","locations":[{"start":{"line":6,"column":21},"end":{"line":6,"column":29}}],"line":6},"1":{"loc":{"start":{"line":13,"column":21},"end":{"line":13,"column":31}},"type":"default-arg","locations":[{"start":{"line":13,"column":29},"end":{"line":13,"column":31}}],"line":13},"2":{"loc":{"start":{"line":14,"column":2},"end":{"line":16,"column":3}},"type":"if","locations":[{"start":{"line":14,"column":2},"end":{"line":16,"column":3}},{"start":{},"end":{}}],"line":14}},"s":{"0":3,"1":3,"2":3,"3":3,"4":3,"5":3,"6":148,"7":0,"8":148,"9":148,"10":3},"f":{"0":3,"1":148},"b":{"0":[3],"1":[0],"2":[0,148]},"_coverageSchema":"1a1c01bbd47fc00a2c39e90264f33305004495a9","hash":"ff3a89ee672a3d40f3fea6344e63481a6619ce73"}
,"/Users/apple/code/node/node-training-project/utility/redis.js": {"path":"/Users/apple/code/node/node-training-project/utility/redis.js","statementMap":{"0":{"start":{"line":1,"column":14},"end":{"line":1,"column":30}},"1":{"start":{"line":2,"column":0},"end":{"line":2,"column":27}},"2":{"start":{"line":4,"column":18},"end":{"line":6,"column":1}},"3":{"start":{"line":5,"column":4},"end":{"line":5,"column":78}},"4":{"start":{"line":8,"column":13},"end":{"line":8,"column":24}},"5":{"start":{"line":9,"column":16},"end":{"line":11,"column":1}},"6":{"start":{"line":10,"column":4},"end":{"line":10,"column":21}},"7":{"start":{"line":13,"column":12},"end":{"line":17,"column":1}},"8":{"start":{"line":14,"column":17},"end":{"line":14,"column":38}},"9":{"start":{"line":15,"column":4},"end":{"line":15,"column":22}},"10":{"start":{"line":16,"column":4},"end":{"line":16,"column":16}},"11":{"start":{"line":19,"column":12},"end":{"line":23,"column":1}},"12":{"start":{"line":20,"column":2},"end":{"line":21,"column":25}},"13":{"start":{"line":21,"column":4},"end":{"line":21,"column":25}},"14":{"start":{"line":22,"column":4},"end":{"line":22,"column":78}},"15":{"start":{"line":25,"column":14},"end":{"line":27,"column":1}},"16":{"start":{"line":26,"column":2},"end":{"line":26,"column":30}},"17":{"start":{"line":29,"column":12},"end":{"line":31,"column":1}},"18":{"start":{"line":30,"column":2},"end":{"line":30,"column":31}},"19":{"start":{"line":33,"column":0},"end":{"line":39,"column":2}}},"fnMap":{"0":{"name":"(anonymous_0)","decl":{"start":{"line":4,"column":18},"end":{"line":4,"column":19}},"loc":{"start":{"line":4,"column":24},"end":{"line":6,"column":1}},"line":4},"1":{"name":"(anonymous_1)","decl":{"start":{"line":9,"column":16},"end":{"line":9,"column":17}},"loc":{"start":{"line":9,"column":22},"end":{"line":11,"column":1}},"line":9},"2":{"name":"(anonymous_2)","decl":{"start":{"line":13,"column":12},"end":{"line":13,"column":13}},"loc":{"start":{"line":13,"column":27},"end":{"line":17,"column":1}},"line":13},"3":{"name":"(anonymous_3)","decl":{"start":{"line":19,"column":12},"end":{"line":19,"column":13}},"loc":{"start":{"line":19,"column":44},"end":{"line":23,"column":1}},"line":19},"4":{"name":"(anonymous_4)","decl":{"start":{"line":25,"column":14},"end":{"line":25,"column":15}},"loc":{"start":{"line":25,"column":26},"end":{"line":27,"column":1}},"line":25},"5":{"name":"(anonymous_5)","decl":{"start":{"line":29,"column":12},"end":{"line":29,"column":13}},"loc":{"start":{"line":29,"column":27},"end":{"line":31,"column":1}},"line":29}},"branchMap":{"0":{"loc":{"start":{"line":19,"column":31},"end":{"line":19,"column":39}},"type":"default-arg","locations":[{"start":{"line":19,"column":38},"end":{"line":19,"column":39}}],"line":19},"1":{"loc":{"start":{"line":20,"column":2},"end":{"line":21,"column":25}},"type":"if","locations":[{"start":{"line":20,"column":2},"end":{"line":21,"column":25}},{"start":{},"end":{}}],"line":20}},"s":{"0":3,"1":3,"2":3,"3":3,"4":3,"5":3,"6":3,"7":3,"8":7,"9":7,"10":7,"11":3,"12":9,"13":0,"14":9,"15":3,"16":0,"17":3,"18":3,"19":3},"f":{"0":3,"1":3,"2":7,"3":9,"4":0,"5":3},"b":{"0":[4],"1":[0,9]},"_coverageSchema":"1a1c01bbd47fc00a2c39e90264f33305004495a9","hash":"2b8ed668aa543eff70bf4e8b3ddd388e8dfa8cd1"}
,"/Users/apple/code/node/node-training-project/utility/serializers.js": {"path":"/Users/apple/code/node/node-training-project/utility/serializers.js","statementMap":{"0":{"start":{"line":1,"column":15},"end":{"line":1,"column":32}},"1":{"start":{"line":4,"column":27},"end":{"line":4,"column":57}},"2":{"start":{"line":5,"column":15},"end":{"line":5,"column":21}},"3":{"start":{"line":7,"column":2},"end":{"line":9,"column":3}},"4":{"start":{"line":8,"column":4},"end":{"line":8,"column":16}},"5":{"start":{"line":10,"column":2},"end":{"line":21,"column":3}},"6":{"start":{"line":11,"column":26},"end":{"line":11,"column":58}},"7":{"start":{"line":12,"column":4},"end":{"line":17,"column":7}},"8":{"start":{"line":13,"column":6},"end":{"line":15,"column":7}},"9":{"start":{"line":14,"column":8},"end":{"line":14,"column":15}},"10":{"start":{"line":16,"column":6},"end":{"line":16,"column":34}},"11":{"start":{"line":18,"column":4},"end":{"line":18,"column":25}},"12":{"start":{"line":20,"column":4},"end":{"line":20,"column":16}},"13":{"start":{"line":25,"column":2},"end":{"line":27,"column":3}},"14":{"start":{"line":26,"column":4},"end":{"line":26,"column":33}},"15":{"start":{"line":28,"column":2},"end":{"line":28,"column":23}},"16":{"start":{"line":31,"column":0},"end":{"line":62,"column":2}},"17":{"start":{"line":33,"column":4},"end":{"line":35,"column":5}},"18":{"start":{"line":34,"column":6},"end":{"line":34,"column":17}},"19":{"start":{"line":37,"column":15},"end":{"line":37,"column":42}},"20":{"start":{"line":38,"column":16},"end":{"line":38,"column":44}},"21":{"start":{"line":40,"column":4},"end":{"line":50,"column":6}},"22":{"start":{"line":53,"column":4},"end":{"line":55,"column":5}},"23":{"start":{"line":54,"column":6},"end":{"line":54,"column":17}},"24":{"start":{"line":57,"column":4},"end":{"line":59,"column":6}}},"fnMap":{"0":{"name":"maskSensitiveData","decl":{"start":{"line":3,"column":9},"end":{"line":3,"column":26}},"loc":{"start":{"line":3,"column":33},"end":{"line":22,"column":1}},"line":3},"1":{"name":"(anonymous_1)","decl":{"start":{"line":12,"column":29},"end":{"line":12,"column":30}},"loc":{"start":{"line":12,"column":38},"end":{"line":17,"column":5}},"line":12},"2":{"name":"stringify","decl":{"start":{"line":24,"column":9},"end":{"line":24,"column":18}},"loc":{"start":{"line":24,"column":26},"end":{"line":29,"column":1}},"line":24},"3":{"name":"reqSerializer","decl":{"start":{"line":32,"column":16},"end":{"line":32,"column":29}},"loc":{"start":{"line":32,"column":35},"end":{"line":51,"column":3}},"line":32},"4":{"name":"resSerializer","decl":{"start":{"line":52,"column":16},"end":{"line":52,"column":29}},"loc":{"start":{"line":52,"column":35},"end":{"line":60,"column":3}},"line":52}},"branchMap":{"0":{"loc":{"start":{"line":7,"column":2},"end":{"line":9,"column":3}},"type":"if","locations":[{"start":{"line":7,"column":2},"end":{"line":9,"column":3}},{"start":{},"end":{}}],"line":7},"1":{"loc":{"start":{"line":13,"column":6},"end":{"line":15,"column":7}},"type":"if","locations":[{"start":{"line":13,"column":6},"end":{"line":15,"column":7}},{"start":{},"end":{}}],"line":13},"2":{"loc":{"start":{"line":25,"column":2},"end":{"line":27,"column":3}},"type":"if","locations":[{"start":{"line":25,"column":2},"end":{"line":27,"column":3}},{"start":{},"end":{}}],"line":25},"3":{"loc":{"start":{"line":33,"column":4},"end":{"line":35,"column":5}},"type":"if","locations":[{"start":{"line":33,"column":4},"end":{"line":35,"column":5}},{"start":{},"end":{}}],"line":33},"4":{"loc":{"start":{"line":53,"column":4},"end":{"line":55,"column":5}},"type":"if","locations":[{"start":{"line":53,"column":4},"end":{"line":55,"column":5}},{"start":{},"end":{}}],"line":53}},"s":{"0":3,"1":592,"2":592,"3":592,"4":0,"5":592,"6":592,"7":592,"8":1776,"9":1504,"10":272,"11":592,"12":0,"13":592,"14":592,"15":0,"16":3,"17":296,"18":0,"19":296,"20":296,"21":296,"22":148,"23":0,"24":148},"f":{"0":592,"1":1776,"2":592,"3":296,"4":148},"b":{"0":[0,592],"1":[1504,272],"2":[592,0],"3":[0,296],"4":[0,148]},"_coverageSchema":"1a1c01bbd47fc00a2c39e90264f33305004495a9","hash":"ac0fb2d2058312e196aaf79d7941e1df65cc8b1c"}
,"/Users/apple/code/node/node-training-project/validators/designation.validator.js": {"path":"/Users/apple/code/node/node-training-project/validators/designation.validator.js","statementMap":{"0":{"start":{"line":1,"column":12},"end":{"line":1,"column":26}},"1":{"start":{"line":2,"column":28},"end":{"line":2,"column":71}},"2":{"start":{"line":4,"column":0},"end":{"line":13,"column":1}},"3":{"start":{"line":6,"column":23},"end":{"line":9,"column":10}},"4":{"start":{"line":11,"column":8},"end":{"line":11,"column":56}}},"fnMap":{"0":{"name":"(anonymous_0)","decl":{"start":{"line":5,"column":23},"end":{"line":5,"column":24}},"loc":{"start":{"line":5,"column":49},"end":{"line":12,"column":5}},"line":5}},"branchMap":{},"s":{"0":3,"1":3,"2":3,"3":12,"4":12},"f":{"0":12},"b":{},"_coverageSchema":"1a1c01bbd47fc00a2c39e90264f33305004495a9","hash":"1ddd13192a065316958ea26bc75f699c1d29369c"}
,"/Users/apple/code/node/node-training-project/validators/index.js": {"path":"/Users/apple/code/node/node-training-project/validators/index.js","statementMap":{"0":{"start":{"line":1,"column":22},"end":{"line":1,"column":49}},"1":{"start":{"line":2,"column":26},"end":{"line":2,"column":61}},"2":{"start":{"line":3,"column":29},"end":{"line":3,"column":63}},"3":{"start":{"line":4,"column":0},"end":{"line":8,"column":1}}},"fnMap":{},"branchMap":{},"s":{"0":3,"1":3,"2":3,"3":3},"f":{},"b":{},"_coverageSchema":"1a1c01bbd47fc00a2c39e90264f33305004495a9","hash":"ef637dcf11395e103faf58a2b931bcea4b7cf0c3"}
,"/Users/apple/code/node/node-training-project/validators/user.validator.js": {"path":"/Users/apple/code/node/node-training-project/validators/user.validator.js","statementMap":{"0":{"start":{"line":1,"column":12},"end":{"line":1,"column":26}},"1":{"start":{"line":2,"column":27},"end":{"line":2,"column":61}},"2":{"start":{"line":3,"column":26},"end":{"line":3,"column":69}},"3":{"start":{"line":5,"column":26},"end":{"line":12,"column":1}},"4":{"start":{"line":14,"column":0},"end":{"line":108,"column":2}},"5":{"start":{"line":17,"column":23},"end":{"line":20,"column":10}},"6":{"start":{"line":21,"column":8},"end":{"line":21,"column":56}},"7":{"start":{"line":25,"column":23},"end":{"line":35,"column":10}},"8":{"start":{"line":36,"column":8},"end":{"line":36,"column":56}},"9":{"start":{"line":40,"column":23},"end":{"line":48,"column":10}},"10":{"start":{"line":49,"column":8},"end":{"line":49,"column":56}},"11":{"start":{"line":53,"column":23},"end":{"line":55,"column":10}},"12":{"start":{"line":56,"column":8},"end":{"line":56,"column":56}},"13":{"start":{"line":60,"column":23},"end":{"line":62,"column":10}},"14":{"start":{"line":63,"column":8},"end":{"line":63,"column":56}},"15":{"start":{"line":67,"column":23},"end":{"line":69,"column":10}},"16":{"start":{"line":70,"column":8},"end":{"line":70,"column":58}},"17":{"start":{"line":74,"column":23},"end":{"line":77,"column":10}},"18":{"start":{"line":78,"column":8},"end":{"line":78,"column":56}},"19":{"start":{"line":82,"column":22},"end":{"line":84,"column":10}},"20":{"start":{"line":85,"column":8},"end":{"line":85,"column":56}},"21":{"start":{"line":89,"column":23},"end":{"line":91,"column":10}},"22":{"start":{"line":92,"column":8},"end":{"line":92,"column":56}},"23":{"start":{"line":96,"column":23},"end":{"line":98,"column":10}},"24":{"start":{"line":99,"column":8},"end":{"line":99,"column":56}},"25":{"start":{"line":103,"column":23},"end":{"line":105,"column":10}},"26":{"start":{"line":106,"column":8},"end":{"line":106,"column":58}}},"fnMap":{"0":{"name":"(anonymous_0)","decl":{"start":{"line":16,"column":17},"end":{"line":16,"column":18}},"loc":{"start":{"line":16,"column":43},"end":{"line":22,"column":5}},"line":16},"1":{"name":"(anonymous_1)","decl":{"start":{"line":24,"column":22},"end":{"line":24,"column":23}},"loc":{"start":{"line":24,"column":48},"end":{"line":37,"column":5}},"line":24},"2":{"name":"(anonymous_2)","decl":{"start":{"line":39,"column":24},"end":{"line":39,"column":25}},"loc":{"start":{"line":39,"column":50},"end":{"line":50,"column":5}},"line":39},"3":{"name":"(anonymous_3)","decl":{"start":{"line":52,"column":24},"end":{"line":52,"column":25}},"loc":{"start":{"line":52,"column":50},"end":{"line":57,"column":5}},"line":52},"4":{"name":"(anonymous_4)","decl":{"start":{"line":59,"column":25},"end":{"line":59,"column":26}},"loc":{"start":{"line":59,"column":51},"end":{"line":64,"column":5}},"line":59},"5":{"name":"(anonymous_5)","decl":{"start":{"line":66,"column":31},"end":{"line":66,"column":32}},"loc":{"start":{"line":66,"column":57},"end":{"line":71,"column":5}},"line":66},"6":{"name":"(anonymous_6)","decl":{"start":{"line":73,"column":30},"end":{"line":73,"column":31}},"loc":{"start":{"line":73,"column":56},"end":{"line":79,"column":5}},"line":73},"7":{"name":"(anonymous_7)","decl":{"start":{"line":81,"column":20},"end":{"line":81,"column":21}},"loc":{"start":{"line":81,"column":46},"end":{"line":86,"column":5}},"line":81},"8":{"name":"(anonymous_8)","decl":{"start":{"line":88,"column":22},"end":{"line":88,"column":23}},"loc":{"start":{"line":88,"column":48},"end":{"line":93,"column":5}},"line":88},"9":{"name":"(anonymous_9)","decl":{"start":{"line":95,"column":26},"end":{"line":95,"column":27}},"loc":{"start":{"line":95,"column":52},"end":{"line":100,"column":5}},"line":95},"10":{"name":"(anonymous_10)","decl":{"start":{"line":102,"column":23},"end":{"line":102,"column":24}},"loc":{"start":{"line":102,"column":49},"end":{"line":107,"column":5}},"line":102}},"branchMap":{},"s":{"0":3,"1":3,"2":3,"3":3,"4":3,"5":7,"6":7,"7":32,"8":32,"9":25,"10":25,"11":0,"12":0,"13":5,"14":5,"15":4,"16":4,"17":4,"18":4,"19":4,"20":4,"21":4,"22":4,"23":5,"24":5,"25":3,"26":3},"f":{"0":7,"1":32,"2":25,"3":0,"4":5,"5":4,"6":4,"7":4,"8":4,"9":5,"10":3},"b":{},"_coverageSchema":"1a1c01bbd47fc00a2c39e90264f33305004495a9","hash":"3d4609b5905b8ebf0463a717695b25ed5cc5cf0c"}
,"/Users/apple/code/node/node-training-project/validators/userReportee.validator.js": {"path":"/Users/apple/code/node/node-training-project/validators/userReportee.validator.js","statementMap":{"0":{"start":{"line":1,"column":12},"end":{"line":1,"column":26}},"1":{"start":{"line":2,"column":28},"end":{"line":2,"column":71}},"2":{"start":{"line":5,"column":0},"end":{"line":21,"column":2}},"3":{"start":{"line":7,"column":23},"end":{"line":9,"column":10}},"4":{"start":{"line":10,"column":8},"end":{"line":10,"column":56}},"5":{"start":{"line":14,"column":23},"end":{"line":17,"column":10}},"6":{"start":{"line":18,"column":8},"end":{"line":18,"column":56}}},"fnMap":{"0":{"name":"(anonymous_0)","decl":{"start":{"line":6,"column":24},"end":{"line":6,"column":25}},"loc":{"start":{"line":6,"column":50},"end":{"line":11,"column":5}},"line":6},"1":{"name":"(anonymous_1)","decl":{"start":{"line":13,"column":25},"end":{"line":13,"column":26}},"loc":{"start":{"line":13,"column":51},"end":{"line":19,"column":5}},"line":13}},"branchMap":{},"s":{"0":3,"1":3,"2":3,"3":6,"4":6,"5":12,"6":12},"f":{"0":6,"1":12},"b":{},"_coverageSchema":"1a1c01bbd47fc00a2c39e90264f33305004495a9","hash":"60b47b840e78efac0747a29967b3fe12da9796f0"}
}
