{"/Users/apple/code/node/node-training-project/app.js": {"path":"/Users/apple/code/node/node-training-project/app.js","statementMap":{"0":{"start":{"line":1,"column":16},"end":{"line":1,"column":34}},"1":{"start":{"line":2,"column":13},"end":{"line":2,"column":28}},"2":{"start":{"line":3,"column":15},"end":{"line":3,"column":32}},"3":{"start":{"line":4,"column":20},"end":{"line":4,"column":42}},"4":{"start":{"line":5,"column":15},"end":{"line":5,"column":34}},"5":{"start":{"line":6,"column":31},"end":{"line":6,"column":70}},"6":{"start":{"line":7,"column":31},"end":{"line":7,"column":63}},"7":{"start":{"line":9,"column":12},"end":{"line":9,"column":21}},"8":{"start":{"line":10,"column":0},"end":{"line":10,"column":24}},"9":{"start":{"line":13,"column":0},"end":{"line":13,"column":58}},"10":{"start":{"line":16,"column":0},"end":{"line":16,"column":18}},"11":{"start":{"line":19,"column":0},"end":{"line":19,"column":23}},"12":{"start":{"line":22,"column":0},"end":{"line":22,"column":28}},"13":{"start":{"line":25,"column":0},"end":{"line":25,"column":32}},"14":{"start":{"line":27,"column":0},"end":{"line":29,"column":3}},"15":{"start":{"line":28,"column":2},"end":{"line":28,"column":60}},"16":{"start":{"line":32,"column":0},"end":{"line":32,"column":27}},"17":{"start":{"line":35,"column":0},"end":{"line":39,"column":3}},"18":{"start":{"line":36,"column":20},"end":{"line":36,"column":38}},"19":{"start":{"line":37,"column":4},"end":{"line":37,"column":47}},"20":{"start":{"line":41,"column":0},"end":{"line":41,"column":21}}},"fnMap":{"0":{"name":"(anonymous_0)","decl":{"start":{"line":27,"column":19},"end":{"line":27,"column":20}},"loc":{"start":{"line":27,"column":34},"end":{"line":29,"column":1}},"line":27},"1":{"name":"(anonymous_1)","decl":{"start":{"line":35,"column":8},"end":{"line":35,"column":9}},"loc":{"start":{"line":35,"column":22},"end":{"line":39,"column":1}},"line":35}},"branchMap":{},"s":{"0":1,"1":1,"2":1,"3":1,"4":1,"5":1,"6":1,"7":1,"8":1,"9":1,"10":1,"11":1,"12":1,"13":1,"14":1,"15":0,"16":1,"17":1,"18":0,"19":0,"20":1},"f":{"0":0,"1":0},"b":{},"_coverageSchema":"1a1c01bbd47fc00a2c39e90264f33305004495a9","hash":"c7ea1aa4c353caa72749cae39839f11d796a7db1"}
,"/Users/apple/code/node/node-training-project/config/config.js": {"path":"/Users/apple/code/node/node-training-project/config/config.js","statementMap":{"0":{"start":{"line":1,"column":0},"end":{"line":1,"column":59}},"1":{"start":{"line":2,"column":0},"end":{"line":36,"column":2}}},"fnMap":{},"branchMap":{},"s":{"0":1,"1":1},"f":{},"b":{},"_coverageSchema":"1a1c01bbd47fc00a2c39e90264f33305004495a9","hash":"567522c2601f56765f9a2f13fa537e568116a9aa"}
,"/Users/apple/code/node/node-training-project/controllers/designation.controller.js": {"path":"/Users/apple/code/node/node-training-project/controllers/designation.controller.js","statementMap":{"0":{"start":{"line":2,"column":31},"end":{"line":2,"column":64}},"1":{"start":{"line":3,"column":27},"end":{"line":3,"column":69}},"2":{"start":{"line":5,"column":26},"end":{"line":15,"column":1}},"3":{"start":{"line":6,"column":4},"end":{"line":14,"column":5}},"4":{"start":{"line":7,"column":8},"end":{"line":7,"column":49}},"5":{"start":{"line":8,"column":34},"end":{"line":8,"column":37}},"6":{"start":{"line":9,"column":21},"end":{"line":9,"column":72}},"7":{"start":{"line":10,"column":8},"end":{"line":10,"column":24}},"8":{"start":{"line":11,"column":8},"end":{"line":11,"column":15}},"9":{"start":{"line":13,"column":8},"end":{"line":13,"column":64}},"10":{"start":{"line":17,"column":30},"end":{"line":26,"column":1}},"11":{"start":{"line":18,"column":4},"end":{"line":25,"column":5}},"12":{"start":{"line":19,"column":34},"end":{"line":19,"column":37}},"13":{"start":{"line":20,"column":21},"end":{"line":20,"column":76}},"14":{"start":{"line":21,"column":8},"end":{"line":21,"column":24}},"15":{"start":{"line":22,"column":8},"end":{"line":22,"column":15}},"16":{"start":{"line":24,"column":8},"end":{"line":24,"column":64}},"17":{"start":{"line":28,"column":0},"end":{"line":31,"column":1}}},"fnMap":{"0":{"name":"(anonymous_0)","decl":{"start":{"line":5,"column":26},"end":{"line":5,"column":27}},"loc":{"start":{"line":5,"column":52},"end":{"line":15,"column":1}},"line":5},"1":{"name":"(anonymous_1)","decl":{"start":{"line":17,"column":30},"end":{"line":17,"column":31}},"loc":{"start":{"line":17,"column":56},"end":{"line":26,"column":1}},"line":17}},"branchMap":{},"s":{"0":1,"1":1,"2":1,"3":0,"4":0,"5":0,"6":0,"7":0,"8":0,"9":0,"10":1,"11":0,"12":0,"13":0,"14":0,"15":0,"16":0,"17":1},"f":{"0":0,"1":0},"b":{},"_coverageSchema":"1a1c01bbd47fc00a2c39e90264f33305004495a9","hash":"70a0795423946dc4d7b26890c9e6a1829d857ed1"}
,"/Users/apple/code/node/node-training-project/controllers/index.js": {"path":"/Users/apple/code/node/node-training-project/controllers/index.js","statementMap":{"0":{"start":{"line":1,"column":13},"end":{"line":1,"column":41}},"1":{"start":{"line":2,"column":21},"end":{"line":2,"column":57}},"2":{"start":{"line":3,"column":20},"end":{"line":3,"column":55}},"3":{"start":{"line":4,"column":0},"end":{"line":8,"column":1}}},"fnMap":{},"branchMap":{},"s":{"0":1,"1":1,"2":1,"3":1},"f":{},"b":{},"_coverageSchema":"1a1c01bbd47fc00a2c39e90264f33305004495a9","hash":"1101fee980915ee04963217a3c5fe416e5eefd78"}
,"/Users/apple/code/node/node-training-project/controllers/user.controller.js": {"path":"/Users/apple/code/node/node-training-project/controllers/user.controller.js","statementMap":{"0":{"start":{"line":1,"column":31},"end":{"line":1,"column":64}},"1":{"start":{"line":2,"column":20},"end":{"line":2,"column":55}},"2":{"start":{"line":5,"column":18},"end":{"line":15,"column":1}},"3":{"start":{"line":6,"column":4},"end":{"line":14,"column":5}},"4":{"start":{"line":7,"column":34},"end":{"line":7,"column":37}},"5":{"start":{"line":8,"column":8},"end":{"line":8,"column":112}},"6":{"start":{"line":9,"column":21},"end":{"line":9,"column":57}},"7":{"start":{"line":10,"column":8},"end":{"line":10,"column":24}},"8":{"start":{"line":11,"column":8},"end":{"line":11,"column":15}},"9":{"start":{"line":13,"column":8},"end":{"line":13,"column":64}},"10":{"start":{"line":17,"column":21},"end":{"line":27,"column":1}},"11":{"start":{"line":18,"column":4},"end":{"line":26,"column":5}},"12":{"start":{"line":19,"column":35},"end":{"line":19,"column":43}},"13":{"start":{"line":20,"column":29},"end":{"line":20,"column":45}},"14":{"start":{"line":21,"column":21},"end":{"line":21,"column":73}},"15":{"start":{"line":22,"column":8},"end":{"line":22,"column":24}},"16":{"start":{"line":23,"column":8},"end":{"line":23,"column":15}},"17":{"start":{"line":25,"column":8},"end":{"line":25,"column":64}},"18":{"start":{"line":29,"column":20},"end":{"line":39,"column":1}},"19":{"start":{"line":30,"column":4},"end":{"line":38,"column":5}},"20":{"start":{"line":31,"column":26},"end":{"line":31,"column":29}},"21":{"start":{"line":32,"column":21},"end":{"line":32,"column":57}},"22":{"start":{"line":33,"column":8},"end":{"line":33,"column":24}},"23":{"start":{"line":34,"column":8},"end":{"line":34,"column":15}},"24":{"start":{"line":37,"column":8},"end":{"line":37,"column":64}},"25":{"start":{"line":41,"column":19},"end":{"line":51,"column":1}},"26":{"start":{"line":42,"column":4},"end":{"line":50,"column":5}},"27":{"start":{"line":43,"column":27},"end":{"line":43,"column":55}},"28":{"start":{"line":44,"column":8},"end":{"line":44,"column":74}},"29":{"start":{"line":45,"column":21},"end":{"line":45,"column":63}},"30":{"start":{"line":46,"column":8},"end":{"line":46,"column":24}},"31":{"start":{"line":47,"column":8},"end":{"line":47,"column":15}},"32":{"start":{"line":49,"column":8},"end":{"line":49,"column":36}},"33":{"start":{"line":52,"column":22},"end":{"line":61,"column":1}},"34":{"start":{"line":53,"column":4},"end":{"line":60,"column":5}},"35":{"start":{"line":54,"column":40},"end":{"line":54,"column":43}},"36":{"start":{"line":55,"column":21},"end":{"line":55,"column":70}},"37":{"start":{"line":56,"column":8},"end":{"line":56,"column":24}},"38":{"start":{"line":57,"column":8},"end":{"line":57,"column":15}},"39":{"start":{"line":59,"column":8},"end":{"line":59,"column":64}},"40":{"start":{"line":64,"column":28},"end":{"line":74,"column":1}},"41":{"start":{"line":65,"column":4},"end":{"line":72,"column":5}},"42":{"start":{"line":66,"column":41},"end":{"line":66,"column":44}},"43":{"start":{"line":67,"column":21},"end":{"line":67,"column":76}},"44":{"start":{"line":68,"column":8},"end":{"line":68,"column":24}},"45":{"start":{"line":69,"column":8},"end":{"line":69,"column":15}},"46":{"start":{"line":71,"column":8},"end":{"line":71,"column":64}},"47":{"start":{"line":77,"column":27},"end":{"line":86,"column":1}},"48":{"start":{"line":78,"column":4},"end":{"line":85,"column":5}},"49":{"start":{"line":79,"column":37},"end":{"line":79,"column":40}},"50":{"start":{"line":80,"column":21},"end":{"line":80,"column":70}},"51":{"start":{"line":81,"column":8},"end":{"line":81,"column":24}},"52":{"start":{"line":82,"column":8},"end":{"line":82,"column":15}},"53":{"start":{"line":84,"column":8},"end":{"line":84,"column":64}},"54":{"start":{"line":88,"column":19},"end":{"line":99,"column":1}},"55":{"start":{"line":89,"column":4},"end":{"line":98,"column":5}},"56":{"start":{"line":90,"column":24},"end":{"line":92,"column":9}},"57":{"start":{"line":93,"column":22},"end":{"line":93,"column":59}},"58":{"start":{"line":94,"column":8},"end":{"line":94,"column":24}},"59":{"start":{"line":95,"column":8},"end":{"line":95,"column":15}},"60":{"start":{"line":97,"column":8},"end":{"line":97,"column":64}},"61":{"start":{"line":102,"column":24},"end":{"line":115,"column":1}},"62":{"start":{"line":103,"column":4},"end":{"line":114,"column":5}},"63":{"start":{"line":104,"column":27},"end":{"line":104,"column":30}},"64":{"start":{"line":105,"column":24},"end":{"line":107,"column":9}},"65":{"start":{"line":109,"column":21},"end":{"line":109,"column":58}},"66":{"start":{"line":110,"column":8},"end":{"line":110,"column":24}},"67":{"start":{"line":111,"column":8},"end":{"line":111,"column":15}},"68":{"start":{"line":113,"column":8},"end":{"line":113,"column":64}},"69":{"start":{"line":117,"column":23},"end":{"line":127,"column":1}},"70":{"start":{"line":118,"column":4},"end":{"line":126,"column":5}},"71":{"start":{"line":119,"column":34},"end":{"line":119,"column":37}},"72":{"start":{"line":120,"column":21},"end":{"line":120,"column":62}},"73":{"start":{"line":121,"column":8},"end":{"line":121,"column":24}},"74":{"start":{"line":122,"column":8},"end":{"line":122,"column":15}},"75":{"start":{"line":125,"column":8},"end":{"line":125,"column":64}},"76":{"start":{"line":128,"column":23},"end":{"line":139,"column":1}},"77":{"start":{"line":129,"column":4},"end":{"line":138,"column":5}},"78":{"start":{"line":131,"column":34},"end":{"line":131,"column":37}},"79":{"start":{"line":132,"column":21},"end":{"line":132,"column":62}},"80":{"start":{"line":133,"column":8},"end":{"line":133,"column":24}},"81":{"start":{"line":134,"column":8},"end":{"line":134,"column":14}},"82":{"start":{"line":137,"column":8},"end":{"line":137,"column":64}},"83":{"start":{"line":141,"column":19},"end":{"line":152,"column":1}},"84":{"start":{"line":142,"column":4},"end":{"line":151,"column":5}},"85":{"start":{"line":144,"column":34},"end":{"line":144,"column":37}},"86":{"start":{"line":145,"column":21},"end":{"line":145,"column":58}},"87":{"start":{"line":146,"column":8},"end":{"line":146,"column":24}},"88":{"start":{"line":147,"column":8},"end":{"line":147,"column":14}},"89":{"start":{"line":150,"column":8},"end":{"line":150,"column":64}},"90":{"start":{"line":154,"column":19},"end":{"line":166,"column":1}},"91":{"start":{"line":155,"column":4},"end":{"line":165,"column":5}},"92":{"start":{"line":156,"column":34},"end":{"line":156,"column":37}},"93":{"start":{"line":157,"column":25},"end":{"line":157,"column":62}},"94":{"start":{"line":158,"column":8},"end":{"line":160,"column":9}},"95":{"start":{"line":159,"column":12},"end":{"line":159,"column":52}},"96":{"start":{"line":161,"column":8},"end":{"line":161,"column":33}},"97":{"start":{"line":162,"column":8},"end":{"line":162,"column":15}},"98":{"start":{"line":164,"column":8},"end":{"line":164,"column":64}},"99":{"start":{"line":168,"column":21},"end":{"line":177,"column":1}},"100":{"start":{"line":169,"column":4},"end":{"line":176,"column":5}},"101":{"start":{"line":170,"column":34},"end":{"line":170,"column":37}},"102":{"start":{"line":171,"column":21},"end":{"line":171,"column":60}},"103":{"start":{"line":172,"column":8},"end":{"line":172,"column":24}},"104":{"start":{"line":173,"column":8},"end":{"line":173,"column":15}},"105":{"start":{"line":175,"column":8},"end":{"line":175,"column":64}},"106":{"start":{"line":179,"column":0},"end":{"line":194,"column":2}}},"fnMap":{"0":{"name":"(anonymous_0)","decl":{"start":{"line":5,"column":18},"end":{"line":5,"column":19}},"loc":{"start":{"line":5,"column":44},"end":{"line":15,"column":1}},"line":5},"1":{"name":"(anonymous_1)","decl":{"start":{"line":17,"column":21},"end":{"line":17,"column":22}},"loc":{"start":{"line":17,"column":47},"end":{"line":27,"column":1}},"line":17},"2":{"name":"(anonymous_2)","decl":{"start":{"line":29,"column":20},"end":{"line":29,"column":21}},"loc":{"start":{"line":29,"column":46},"end":{"line":39,"column":1}},"line":29},"3":{"name":"(anonymous_3)","decl":{"start":{"line":41,"column":19},"end":{"line":41,"column":20}},"loc":{"start":{"line":41,"column":45},"end":{"line":51,"column":1}},"line":41},"4":{"name":"(anonymous_4)","decl":{"start":{"line":52,"column":22},"end":{"line":52,"column":23}},"loc":{"start":{"line":52,"column":48},"end":{"line":61,"column":1}},"line":52},"5":{"name":"(anonymous_5)","decl":{"start":{"line":64,"column":28},"end":{"line":64,"column":29}},"loc":{"start":{"line":64,"column":54},"end":{"line":74,"column":1}},"line":64},"6":{"name":"(anonymous_6)","decl":{"start":{"line":77,"column":27},"end":{"line":77,"column":28}},"loc":{"start":{"line":77,"column":53},"end":{"line":86,"column":1}},"line":77},"7":{"name":"(anonymous_7)","decl":{"start":{"line":88,"column":19},"end":{"line":88,"column":20}},"loc":{"start":{"line":88,"column":45},"end":{"line":99,"column":1}},"line":88},"8":{"name":"(anonymous_8)","decl":{"start":{"line":102,"column":24},"end":{"line":102,"column":25}},"loc":{"start":{"line":102,"column":50},"end":{"line":115,"column":1}},"line":102},"9":{"name":"(anonymous_9)","decl":{"start":{"line":117,"column":23},"end":{"line":117,"column":24}},"loc":{"start":{"line":117,"column":49},"end":{"line":127,"column":1}},"line":117},"10":{"name":"(anonymous_10)","decl":{"start":{"line":128,"column":23},"end":{"line":128,"column":24}},"loc":{"start":{"line":128,"column":49},"end":{"line":139,"column":1}},"line":128},"11":{"name":"(anonymous_11)","decl":{"start":{"line":141,"column":19},"end":{"line":141,"column":20}},"loc":{"start":{"line":141,"column":45},"end":{"line":152,"column":1}},"line":141},"12":{"name":"(anonymous_12)","decl":{"start":{"line":154,"column":19},"end":{"line":154,"column":20}},"loc":{"start":{"line":154,"column":45},"end":{"line":166,"column":1}},"line":154},"13":{"name":"(anonymous_13)","decl":{"start":{"line":168,"column":21},"end":{"line":168,"column":22}},"loc":{"start":{"line":168,"column":47},"end":{"line":177,"column":1}},"line":168}},"branchMap":{"0":{"loc":{"start":{"line":44,"column":24},"end":{"line":44,"column":72}},"type":"cond-expr","locations":[{"start":{"line":44,"column":39},"end":{"line":44,"column":65}},{"start":{"line":44,"column":68},"end":{"line":44,"column":72}}],"line":44},"1":{"loc":{"start":{"line":158,"column":8},"end":{"line":160,"column":9}},"type":"if","locations":[{"start":{"line":158,"column":8},"end":{"line":160,"column":9}},{"start":{},"end":{}}],"line":158}},"s":{"0":1,"1":1,"2":1,"3":3,"4":3,"5":3,"6":3,"7":1,"8":1,"9":2,"10":1,"11":1,"12":1,"13":1,"14":1,"15":1,"16":1,"17":0,"18":1,"19":0,"20":0,"21":0,"22":0,"23":0,"24":0,"25":1,"26":0,"27":0,"28":0,"29":0,"30":0,"31":0,"32":0,"33":1,"34":0,"35":0,"36":0,"37":0,"38":0,"39":0,"40":1,"41":0,"42":0,"43":0,"44":0,"45":0,"46":0,"47":1,"48":0,"49":0,"50":0,"51":0,"52":0,"53":0,"54":1,"55":1,"56":1,"57":1,"58":1,"59":1,"60":0,"61":1,"62":0,"63":0,"64":0,"65":0,"66":0,"67":0,"68":0,"69":1,"70":0,"71":0,"72":0,"73":0,"74":0,"75":0,"76":1,"77":0,"78":0,"79":0,"80":0,"81":0,"82":0,"83":1,"84":0,"85":0,"86":0,"87":0,"88":0,"89":0,"90":1,"91":4,"92":4,"93":4,"94":4,"95":3,"96":1,"97":1,"98":3,"99":1,"100":2,"101":2,"102":2,"103":1,"104":1,"105":1,"106":1},"f":{"0":3,"1":1,"2":0,"3":0,"4":0,"5":0,"6":0,"7":1,"8":0,"9":0,"10":0,"11":0,"12":4,"13":2},"b":{"0":[0,0],"1":[3,1]},"_coverageSchema":"1a1c01bbd47fc00a2c39e90264f33305004495a9","hash":"2411a727a076ecf94095507d7412ba81fc470692"}
,"/Users/apple/code/node/node-training-project/controllers/userReportee.controller.js": {"path":"/Users/apple/code/node/node-training-project/controllers/userReportee.controller.js","statementMap":{"0":{"start":{"line":1,"column":31},"end":{"line":1,"column":64}},"1":{"start":{"line":2,"column":28},"end":{"line":2,"column":71}},"2":{"start":{"line":5,"column":24},"end":{"line":15,"column":1}},"3":{"start":{"line":6,"column":4},"end":{"line":14,"column":5}},"4":{"start":{"line":7,"column":34},"end":{"line":7,"column":37}},"5":{"start":{"line":8,"column":31},"end":{"line":8,"column":34}},"6":{"start":{"line":9,"column":21},"end":{"line":9,"column":77}},"7":{"start":{"line":10,"column":8},"end":{"line":10,"column":24}},"8":{"start":{"line":11,"column":8},"end":{"line":11,"column":15}},"9":{"start":{"line":13,"column":8},"end":{"line":13,"column":64}},"10":{"start":{"line":17,"column":25},"end":{"line":26,"column":1}},"11":{"start":{"line":18,"column":4},"end":{"line":25,"column":5}},"12":{"start":{"line":19,"column":34},"end":{"line":19,"column":37}},"13":{"start":{"line":20,"column":21},"end":{"line":20,"column":72}},"14":{"start":{"line":21,"column":8},"end":{"line":21,"column":24}},"15":{"start":{"line":22,"column":8},"end":{"line":22,"column":15}},"16":{"start":{"line":24,"column":8},"end":{"line":24,"column":64}},"17":{"start":{"line":28,"column":27},"end":{"line":38,"column":1}},"18":{"start":{"line":29,"column":4},"end":{"line":37,"column":5}},"19":{"start":{"line":30,"column":34},"end":{"line":30,"column":37}},"20":{"start":{"line":31,"column":31},"end":{"line":31,"column":34}},"21":{"start":{"line":32,"column":21},"end":{"line":32,"column":80}},"22":{"start":{"line":33,"column":8},"end":{"line":33,"column":24}},"23":{"start":{"line":34,"column":8},"end":{"line":34,"column":15}},"24":{"start":{"line":36,"column":8},"end":{"line":36,"column":64}},"25":{"start":{"line":40,"column":28},"end":{"line":49,"column":1}},"26":{"start":{"line":41,"column":4},"end":{"line":48,"column":5}},"27":{"start":{"line":42,"column":34},"end":{"line":42,"column":37}},"28":{"start":{"line":43,"column":21},"end":{"line":43,"column":75}},"29":{"start":{"line":44,"column":8},"end":{"line":44,"column":24}},"30":{"start":{"line":45,"column":8},"end":{"line":45,"column":15}},"31":{"start":{"line":47,"column":8},"end":{"line":47,"column":64}},"32":{"start":{"line":51,"column":0},"end":{"line":56,"column":1}}},"fnMap":{"0":{"name":"(anonymous_0)","decl":{"start":{"line":5,"column":24},"end":{"line":5,"column":25}},"loc":{"start":{"line":5,"column":50},"end":{"line":15,"column":1}},"line":5},"1":{"name":"(anonymous_1)","decl":{"start":{"line":17,"column":25},"end":{"line":17,"column":26}},"loc":{"start":{"line":17,"column":51},"end":{"line":26,"column":1}},"line":17},"2":{"name":"(anonymous_2)","decl":{"start":{"line":28,"column":27},"end":{"line":28,"column":28}},"loc":{"start":{"line":28,"column":53},"end":{"line":38,"column":1}},"line":28},"3":{"name":"(anonymous_3)","decl":{"start":{"line":40,"column":28},"end":{"line":40,"column":29}},"loc":{"start":{"line":40,"column":54},"end":{"line":49,"column":1}},"line":40}},"branchMap":{},"s":{"0":1,"1":1,"2":1,"3":0,"4":0,"5":0,"6":0,"7":0,"8":0,"9":0,"10":1,"11":0,"12":0,"13":0,"14":0,"15":0,"16":0,"17":1,"18":0,"19":0,"20":0,"21":0,"22":0,"23":0,"24":0,"25":1,"26":0,"27":0,"28":0,"29":0,"30":0,"31":0,"32":1},"f":{"0":0,"1":0,"2":0,"3":0},"b":{},"_coverageSchema":"1a1c01bbd47fc00a2c39e90264f33305004495a9","hash":"976df810ab11bb5916b0cd84c4396ef7d04e364d"}
,"/Users/apple/code/node/node-training-project/helper/commonFunctions.helper.js": {"path":"/Users/apple/code/node/node-training-project/helper/commonFunctions.helper.js","statementMap":{"0":{"start":{"line":1,"column":31},"end":{"line":1,"column":56}},"1":{"start":{"line":4,"column":24},"end":{"line":32,"column":1}},"2":{"start":{"line":6,"column":20},"end":{"line":6,"column":22}},"3":{"start":{"line":7,"column":2},"end":{"line":13,"column":3}},"4":{"start":{"line":8,"column":4},"end":{"line":8,"column":27}},"5":{"start":{"line":9,"column":9},"end":{"line":13,"column":3}},"6":{"start":{"line":10,"column":4},"end":{"line":10,"column":28}},"7":{"start":{"line":12,"column":4},"end":{"line":12,"column":29}},"8":{"start":{"line":15,"column":27},"end":{"line":15,"column":55}},"9":{"start":{"line":17,"column":2},"end":{"line":27,"column":3}},"10":{"start":{"line":18,"column":4},"end":{"line":24,"column":5}},"11":{"start":{"line":19,"column":6},"end":{"line":19,"column":23}},"12":{"start":{"line":20,"column":11},"end":{"line":24,"column":5}},"13":{"start":{"line":21,"column":6},"end":{"line":21,"column":24}},"14":{"start":{"line":23,"column":6},"end":{"line":23,"column":25}},"15":{"start":{"line":25,"column":4},"end":{"line":25,"column":23}},"16":{"start":{"line":26,"column":4},"end":{"line":26,"column":18}},"17":{"start":{"line":29,"column":22},"end":{"line":29,"column":27}},"18":{"start":{"line":30,"column":18},"end":{"line":30,"column":55}},"19":{"start":{"line":30,"column":35},"end":{"line":30,"column":44}},"20":{"start":{"line":31,"column":2},"end":{"line":31,"column":52}},"21":{"start":{"line":34,"column":24},"end":{"line":99,"column":1}},"22":{"start":{"line":35,"column":35},"end":{"line":92,"column":3}},"23":{"start":{"line":94,"column":17},"end":{"line":94,"column":53}},"24":{"start":{"line":95,"column":2},"end":{"line":97,"column":3}},"25":{"start":{"line":96,"column":4},"end":{"line":96,"column":55}},"26":{"start":{"line":98,"column":2},"end":{"line":98,"column":16}},"27":{"start":{"line":102,"column":0},"end":{"line":105,"column":2}}},"fnMap":{"0":{"name":"(anonymous_0)","decl":{"start":{"line":4,"column":24},"end":{"line":4,"column":25}},"loc":{"start":{"line":4,"column":73},"end":{"line":32,"column":1}},"line":4},"1":{"name":"(anonymous_1)","decl":{"start":{"line":30,"column":30},"end":{"line":30,"column":31}},"loc":{"start":{"line":30,"column":35},"end":{"line":30,"column":44}},"line":30},"2":{"name":"(anonymous_2)","decl":{"start":{"line":34,"column":24},"end":{"line":34,"column":25}},"loc":{"start":{"line":34,"column":46},"end":{"line":99,"column":1}},"line":34}},"branchMap":{"0":{"loc":{"start":{"line":7,"column":2},"end":{"line":13,"column":3}},"type":"if","locations":[{"start":{"line":7,"column":2},"end":{"line":13,"column":3}},{"start":{"line":9,"column":9},"end":{"line":13,"column":3}}],"line":7},"1":{"loc":{"start":{"line":9,"column":9},"end":{"line":13,"column":3}},"type":"if","locations":[{"start":{"line":9,"column":9},"end":{"line":13,"column":3}},{"start":{"line":11,"column":9},"end":{"line":13,"column":3}}],"line":9},"2":{"loc":{"start":{"line":17,"column":2},"end":{"line":27,"column":3}},"type":"if","locations":[{"start":{"line":17,"column":2},"end":{"line":27,"column":3}},{"start":{},"end":{}}],"line":17},"3":{"loc":{"start":{"line":18,"column":4},"end":{"line":24,"column":5}},"type":"if","locations":[{"start":{"line":18,"column":4},"end":{"line":24,"column":5}},{"start":{"line":20,"column":11},"end":{"line":24,"column":5}}],"line":18},"4":{"loc":{"start":{"line":20,"column":11},"end":{"line":24,"column":5}},"type":"if","locations":[{"start":{"line":20,"column":11},"end":{"line":24,"column":5}},{"start":{"line":22,"column":11},"end":{"line":24,"column":5}}],"line":20},"5":{"loc":{"start":{"line":95,"column":2},"end":{"line":97,"column":3}},"type":"if","locations":[{"start":{"line":95,"column":2},"end":{"line":97,"column":3}},{"start":{},"end":{}}],"line":95}},"s":{"0":1,"1":1,"2":64,"3":64,"4":64,"5":0,"6":0,"7":0,"8":64,"9":64,"10":9,"11":9,"12":0,"13":0,"14":0,"15":9,"16":9,"17":55,"18":55,"19":55,"20":55,"21":1,"22":72,"23":72,"24":72,"25":0,"26":72,"27":1},"f":{"0":64,"1":55,"2":72},"b":{"0":[64,0],"1":[0,0],"2":[9,55],"3":[9,0],"4":[0,0],"5":[0,72]},"_coverageSchema":"1a1c01bbd47fc00a2c39e90264f33305004495a9","hash":"a35b371b936799bc22cd9b67cbbabcf7795728f7"}
,"/Users/apple/code/node/node-training-project/helper/errorHandler.js": {"path":"/Users/apple/code/node/node-training-project/helper/errorHandler.js","statementMap":{"0":{"start":{"line":1,"column":11},"end":{"line":1,"column":24}},"1":{"start":{"line":3,"column":27},"end":{"line":21,"column":1}},"2":{"start":{"line":4,"column":21},"end":{"line":4,"column":61}},"3":{"start":{"line":5,"column":2},"end":{"line":7,"column":3}},"4":{"start":{"line":6,"column":4},"end":{"line":6,"column":27}},"5":{"start":{"line":9,"column":2},"end":{"line":11,"column":3}},"6":{"start":{"line":10,"column":4},"end":{"line":10,"column":33}},"7":{"start":{"line":12,"column":2},"end":{"line":12,"column":20}},"8":{"start":{"line":14,"column":19},"end":{"line":18,"column":3}},"9":{"start":{"line":20,"column":2},"end":{"line":20,"column":40}},"10":{"start":{"line":24,"column":0},"end":{"line":26,"column":2}}},"fnMap":{"0":{"name":"(anonymous_0)","decl":{"start":{"line":3,"column":27},"end":{"line":3,"column":28}},"loc":{"start":{"line":3,"column":88},"end":{"line":21,"column":1}},"line":3}},"branchMap":{"0":{"loc":{"start":{"line":3,"column":53},"end":{"line":3,"column":69}},"type":"default-arg","locations":[{"start":{"line":3,"column":66},"end":{"line":3,"column":69}}],"line":3},"1":{"loc":{"start":{"line":3,"column":71},"end":{"line":3,"column":83}},"type":"default-arg","locations":[{"start":{"line":3,"column":79},"end":{"line":3,"column":83}}],"line":3},"2":{"loc":{"start":{"line":5,"column":2},"end":{"line":7,"column":3}},"type":"if","locations":[{"start":{"line":5,"column":2},"end":{"line":7,"column":3}},{"start":{},"end":{}}],"line":5},"3":{"loc":{"start":{"line":9,"column":2},"end":{"line":11,"column":3}},"type":"if","locations":[{"start":{"line":9,"column":2},"end":{"line":11,"column":3}},{"start":{},"end":{}}],"line":9},"4":{"loc":{"start":{"line":9,"column":6},"end":{"line":9,"column":28}},"type":"binary-expr","locations":[{"start":{"line":9,"column":6},"end":{"line":9,"column":11}},{"start":{"line":9,"column":15},"end":{"line":9,"column":28}}],"line":9}},"s":{"0":1,"1":1,"2":61,"3":61,"4":61,"5":61,"6":6,"7":61,"8":61,"9":61,"10":1},"f":{"0":61},"b":{"0":[0],"1":[55],"2":[61,0],"3":[6,55],"4":[61,6]},"_coverageSchema":"1a1c01bbd47fc00a2c39e90264f33305004495a9","hash":"a86b82d83ef5c4e297da9984333a346abdaa56ec"}
,"/Users/apple/code/node/node-training-project/helper/generic-response.js": {"path":"/Users/apple/code/node/node-training-project/helper/generic-response.js","statementMap":{"0":{"start":{"line":1,"column":0},"end":{"line":10,"column":2}},"1":{"start":{"line":3,"column":21},"end":{"line":7,"column":5}},"2":{"start":{"line":8,"column":4},"end":{"line":8,"column":42}}},"fnMap":{"0":{"name":"(anonymous_0)","decl":{"start":{"line":2,"column":16},"end":{"line":2,"column":17}},"loc":{"start":{"line":2,"column":36},"end":{"line":9,"column":3}},"line":2}},"branchMap":{"0":{"loc":{"start":{"line":5,"column":12},"end":{"line":5,"column":26}},"type":"binary-expr","locations":[{"start":{"line":5,"column":12},"end":{"line":5,"column":20}},{"start":{"line":5,"column":24},"end":{"line":5,"column":26}}],"line":5}},"s":{"0":1,"1":5,"2":5},"f":{"0":5},"b":{"0":[5,0]},"_coverageSchema":"1a1c01bbd47fc00a2c39e90264f33305004495a9","hash":"56aabfc0f9410ebd84d8783bed543b0b19ed016c"}
,"/Users/apple/code/node/node-training-project/helper/sendmail.js": {"path":"/Users/apple/code/node/node-training-project/helper/sendmail.js","statementMap":{"0":{"start":{"line":1,"column":19},"end":{"line":1,"column":40}},"1":{"start":{"line":2,"column":19},"end":{"line":2,"column":40}},"2":{"start":{"line":3,"column":15},"end":{"line":3,"column":41}},"3":{"start":{"line":6,"column":18},"end":{"line":6,"column":39}},"4":{"start":{"line":7,"column":22},"end":{"line":7,"column":47}},"5":{"start":{"line":8,"column":21},"end":{"line":8,"column":45}},"6":{"start":{"line":9,"column":22},"end":{"line":9,"column":47}},"7":{"start":{"line":11,"column":21},"end":{"line":15,"column":1}},"8":{"start":{"line":16,"column":0},"end":{"line":16,"column":62}},"9":{"start":{"line":19,"column":2},"end":{"line":46,"column":3}},"10":{"start":{"line":20,"column":24},"end":{"line":20,"column":59}},"11":{"start":{"line":22,"column":22},"end":{"line":32,"column":6}},"12":{"start":{"line":34,"column":24},"end":{"line":39,"column":5}},"13":{"start":{"line":41,"column":19},"end":{"line":41,"column":56}},"14":{"start":{"line":43,"column":4},"end":{"line":43,"column":18}},"15":{"start":{"line":45,"column":4},"end":{"line":45,"column":17}},"16":{"start":{"line":50,"column":0},"end":{"line":50,"column":29}}},"fnMap":{"0":{"name":"sendMail","decl":{"start":{"line":18,"column":15},"end":{"line":18,"column":23}},"loc":{"start":{"line":18,"column":50},"end":{"line":47,"column":1}},"line":18}},"branchMap":{},"s":{"0":1,"1":1,"2":1,"3":1,"4":1,"5":1,"6":1,"7":1,"8":1,"9":0,"10":0,"11":0,"12":0,"13":0,"14":0,"15":0,"16":1},"f":{"0":0},"b":{},"_coverageSchema":"1a1c01bbd47fc00a2c39e90264f33305004495a9","hash":"15b11063c203d704ef0a13226c66617e1d4d4dc8"}
,"/Users/apple/code/node/node-training-project/middlewares/auth.js": {"path":"/Users/apple/code/node/node-training-project/middlewares/auth.js","statementMap":{"0":{"start":{"line":1,"column":12},"end":{"line":1,"column":35}},"1":{"start":{"line":2,"column":15},"end":{"line":2,"column":35}},"2":{"start":{"line":3,"column":20},"end":{"line":3,"column":47}},"3":{"start":{"line":4,"column":25},"end":{"line":29,"column":1}},"4":{"start":{"line":5,"column":4},"end":{"line":28,"column":3}},"5":{"start":{"line":6,"column":21},"end":{"line":6,"column":49}},"6":{"start":{"line":7,"column":21},"end":{"line":7,"column":57}},"7":{"start":{"line":8,"column":6},"end":{"line":10,"column":7}},"8":{"start":{"line":9,"column":8},"end":{"line":9,"column":41}},"9":{"start":{"line":12,"column":24},"end":{"line":12,"column":72}},"10":{"start":{"line":13,"column":6},"end":{"line":13,"column":40}},"11":{"start":{"line":14,"column":19},"end":{"line":19,"column":8}},"12":{"start":{"line":20,"column":6},"end":{"line":22,"column":7}},"13":{"start":{"line":21,"column":8},"end":{"line":21,"column":42}},"14":{"start":{"line":23,"column":6},"end":{"line":23,"column":22}},"15":{"start":{"line":25,"column":6},"end":{"line":25,"column":13}},"16":{"start":{"line":27,"column":6},"end":{"line":27,"column":60}},"17":{"start":{"line":31,"column":26},"end":{"line":48,"column":1}},"18":{"start":{"line":32,"column":2},"end":{"line":47,"column":3}},"19":{"start":{"line":33,"column":19},"end":{"line":33,"column":47}},"20":{"start":{"line":34,"column":26},"end":{"line":34,"column":62}},"21":{"start":{"line":35,"column":4},"end":{"line":37,"column":5}},"22":{"start":{"line":36,"column":6},"end":{"line":36,"column":39}},"23":{"start":{"line":38,"column":32},"end":{"line":38,"column":67}},"24":{"start":{"line":39,"column":4},"end":{"line":39,"column":66}},"25":{"start":{"line":39,"column":32},"end":{"line":39,"column":66}},"26":{"start":{"line":40,"column":24},"end":{"line":40,"column":80}},"27":{"start":{"line":42,"column":4},"end":{"line":42,"column":37}},"28":{"start":{"line":43,"column":4},"end":{"line":43,"column":36}},"29":{"start":{"line":44,"column":4},"end":{"line":44,"column":11}},"30":{"start":{"line":46,"column":4},"end":{"line":46,"column":58}},"31":{"start":{"line":50,"column":0},"end":{"line":53,"column":2}}},"fnMap":{"0":{"name":"(anonymous_0)","decl":{"start":{"line":4,"column":25},"end":{"line":4,"column":26}},"loc":{"start":{"line":4,"column":51},"end":{"line":29,"column":1}},"line":4},"1":{"name":"(anonymous_1)","decl":{"start":{"line":31,"column":26},"end":{"line":31,"column":27}},"loc":{"start":{"line":31,"column":52},"end":{"line":48,"column":1}},"line":31}},"branchMap":{"0":{"loc":{"start":{"line":7,"column":21},"end":{"line":7,"column":57}},"type":"cond-expr","locations":[{"start":{"line":7,"column":30},"end":{"line":7,"column":50}},{"start":{"line":7,"column":53},"end":{"line":7,"column":57}}],"line":7},"1":{"loc":{"start":{"line":8,"column":6},"end":{"line":10,"column":7}},"type":"if","locations":[{"start":{"line":8,"column":6},"end":{"line":10,"column":7}},{"start":{},"end":{}}],"line":8},"2":{"loc":{"start":{"line":20,"column":6},"end":{"line":22,"column":7}},"type":"if","locations":[{"start":{"line":20,"column":6},"end":{"line":22,"column":7}},{"start":{},"end":{}}],"line":20},"3":{"loc":{"start":{"line":34,"column":26},"end":{"line":34,"column":62}},"type":"cond-expr","locations":[{"start":{"line":34,"column":35},"end":{"line":34,"column":55}},{"start":{"line":34,"column":58},"end":{"line":34,"column":62}}],"line":34},"4":{"loc":{"start":{"line":35,"column":4},"end":{"line":37,"column":5}},"type":"if","locations":[{"start":{"line":35,"column":4},"end":{"line":37,"column":5}},{"start":{},"end":{}}],"line":35},"5":{"loc":{"start":{"line":39,"column":4},"end":{"line":39,"column":66}},"type":"if","locations":[{"start":{"line":39,"column":4},"end":{"line":39,"column":66}},{"start":{},"end":{}}],"line":39}},"s":{"0":1,"1":1,"2":1,"3":1,"4":37,"5":37,"6":37,"7":37,"8":2,"9":35,"10":34,"11":34,"12":34,"13":0,"14":34,"15":34,"16":3,"17":1,"18":3,"19":3,"20":3,"21":3,"22":1,"23":2,"24":2,"25":1,"26":1,"27":1,"28":1,"29":1,"30":2,"31":1},"f":{"0":37,"1":3},"b":{"0":[35,2],"1":[2,35],"2":[0,34],"3":[2,1],"4":[1,2],"5":[1,1]},"_coverageSchema":"1a1c01bbd47fc00a2c39e90264f33305004495a9","hash":"72a3600f348fdd17be21b0e77f93ae02e87452f4"}
,"/Users/apple/code/node/node-training-project/middlewares/req-res-logger.js": {"path":"/Users/apple/code/node/node-training-project/middlewares/req-res-logger.js","statementMap":{"0":{"start":{"line":1,"column":15},"end":{"line":1,"column":43}},"1":{"start":{"line":2,"column":28},"end":{"line":2,"column":71}},"2":{"start":{"line":5,"column":13},"end":{"line":8,"column":3}},"3":{"start":{"line":11,"column":2},"end":{"line":11,"column":77}},"4":{"start":{"line":12,"column":2},"end":{"line":14,"column":3}},"5":{"start":{"line":13,"column":4},"end":{"line":13,"column":22}},"6":{"start":{"line":18,"column":2},"end":{"line":18,"column":44}},"7":{"start":{"line":19,"column":2},"end":{"line":19,"column":43}},"8":{"start":{"line":21,"column":16},"end":{"line":21,"column":59}},"9":{"start":{"line":22,"column":21},"end":{"line":22,"column":41}},"10":{"start":{"line":24,"column":15},"end":{"line":29,"column":3}},"11":{"start":{"line":31,"column":2},"end":{"line":33,"column":3}},"12":{"start":{"line":32,"column":4},"end":{"line":32,"column":43}},"13":{"start":{"line":35,"column":2},"end":{"line":40,"column":3}},"14":{"start":{"line":36,"column":4},"end":{"line":36,"column":32}},"15":{"start":{"line":37,"column":4},"end":{"line":39,"column":5}},"16":{"start":{"line":38,"column":6},"end":{"line":38,"column":24}},"17":{"start":{"line":42,"column":16},"end":{"line":42,"column":91}},"18":{"start":{"line":43,"column":2},"end":{"line":43,"column":50}},"19":{"start":{"line":44,"column":2},"end":{"line":46,"column":3}},"20":{"start":{"line":45,"column":4},"end":{"line":45,"column":22}},"21":{"start":{"line":49,"column":0},"end":{"line":72,"column":2}},"22":{"start":{"line":50,"column":16},"end":{"line":53,"column":3}},"23":{"start":{"line":55,"column":2},"end":{"line":57,"column":3}},"24":{"start":{"line":56,"column":4},"end":{"line":56,"column":56}},"25":{"start":{"line":59,"column":2},"end":{"line":59,"column":41}},"26":{"start":{"line":62,"column":2},"end":{"line":64,"column":3}},"27":{"start":{"line":63,"column":4},"end":{"line":63,"column":18}},"28":{"start":{"line":67,"column":2},"end":{"line":67,"column":18}},"29":{"start":{"line":69,"column":2},"end":{"line":69,"column":53}},"30":{"start":{"line":71,"column":2},"end":{"line":71,"column":16}}},"fnMap":{"0":{"name":"logRequest","decl":{"start":{"line":4,"column":9},"end":{"line":4,"column":19}},"loc":{"start":{"line":4,"column":25},"end":{"line":15,"column":1}},"line":4},"1":{"name":"logResponse","decl":{"start":{"line":17,"column":9},"end":{"line":17,"column":20}},"loc":{"start":{"line":17,"column":31},"end":{"line":47,"column":1}},"line":17},"2":{"name":"(anonymous_2)","decl":{"start":{"line":49,"column":17},"end":{"line":49,"column":18}},"loc":{"start":{"line":49,"column":37},"end":{"line":72,"column":1}},"line":49}},"branchMap":{"0":{"loc":{"start":{"line":12,"column":2},"end":{"line":14,"column":3}},"type":"if","locations":[{"start":{"line":12,"column":2},"end":{"line":14,"column":3}},{"start":{},"end":{}}],"line":12},"1":{"loc":{"start":{"line":31,"column":2},"end":{"line":33,"column":3}},"type":"if","locations":[{"start":{"line":31,"column":2},"end":{"line":33,"column":3}},{"start":{},"end":{}}],"line":31},"2":{"loc":{"start":{"line":35,"column":2},"end":{"line":40,"column":3}},"type":"if","locations":[{"start":{"line":35,"column":2},"end":{"line":40,"column":3}},{"start":{},"end":{}}],"line":35},"3":{"loc":{"start":{"line":37,"column":4},"end":{"line":39,"column":5}},"type":"if","locations":[{"start":{"line":37,"column":4},"end":{"line":39,"column":5}},{"start":{},"end":{}}],"line":37},"4":{"loc":{"start":{"line":44,"column":2},"end":{"line":46,"column":3}},"type":"if","locations":[{"start":{"line":44,"column":2},"end":{"line":46,"column":3}},{"start":{},"end":{}}],"line":44},"5":{"loc":{"start":{"line":55,"column":2},"end":{"line":57,"column":3}},"type":"if","locations":[{"start":{"line":55,"column":2},"end":{"line":57,"column":3}},{"start":{},"end":{}}],"line":55},"6":{"loc":{"start":{"line":62,"column":2},"end":{"line":64,"column":3}},"type":"if","locations":[{"start":{"line":62,"column":2},"end":{"line":64,"column":3}},{"start":{},"end":{}}],"line":62}},"s":{"0":1,"1":1,"2":72,"3":72,"4":72,"5":72,"6":72,"7":72,"8":72,"9":72,"10":72,"11":72,"12":34,"13":72,"14":6,"15":6,"16":6,"17":72,"18":72,"19":72,"20":72,"21":1,"22":72,"23":72,"24":0,"25":72,"26":72,"27":0,"28":72,"29":72,"30":72},"f":{"0":72,"1":72,"2":72},"b":{"0":[72,0],"1":[34,38],"2":[6,66],"3":[6,0],"4":[72,0],"5":[0,72],"6":[0,72]},"_coverageSchema":"1a1c01bbd47fc00a2c39e90264f33305004495a9","hash":"aabd5255510bc05a955d7d18fce556e178f1ac22"}
,"/Users/apple/code/node/node-training-project/middlewares/user-verification.js": {"path":"/Users/apple/code/node/node-training-project/middlewares/user-verification.js","statementMap":{"0":{"start":{"line":1,"column":19},"end":{"line":11,"column":5}},"1":{"start":{"line":2,"column":8},"end":{"line":10,"column":9}},"2":{"start":{"line":3,"column":12},"end":{"line":7,"column":13}},"3":{"start":{"line":4,"column":16},"end":{"line":4,"column":23}},"4":{"start":{"line":6,"column":16},"end":{"line":6,"column":74}},"5":{"start":{"line":9,"column":12},"end":{"line":9,"column":78}},"6":{"start":{"line":13,"column":0},"end":{"line":15,"column":1}}},"fnMap":{"0":{"name":"(anonymous_0)","decl":{"start":{"line":1,"column":19},"end":{"line":1,"column":20}},"loc":{"start":{"line":1,"column":39},"end":{"line":11,"column":5}},"line":1}},"branchMap":{"0":{"loc":{"start":{"line":3,"column":12},"end":{"line":7,"column":13}},"type":"if","locations":[{"start":{"line":3,"column":12},"end":{"line":7,"column":13}},{"start":{"line":5,"column":19},"end":{"line":7,"column":13}}],"line":3}},"s":{"0":1,"1":33,"2":33,"3":32,"4":1,"5":0,"6":1},"f":{"0":33},"b":{"0":[32,1]},"_coverageSchema":"1a1c01bbd47fc00a2c39e90264f33305004495a9","hash":"47be0114525fee7180b26735a2f75cb5ca7a6947"}
,"/Users/apple/code/node/node-training-project/models/designation.model.js": {"path":"/Users/apple/code/node/node-training-project/models/designation.model.js","statementMap":{"0":{"start":{"line":2,"column":18},"end":{"line":2,"column":38}},"1":{"start":{"line":3,"column":0},"end":{"line":31,"column":2}},"2":{"start":{"line":6,"column":6},"end":{"line":9,"column":9}},"3":{"start":{"line":12,"column":2},"end":{"line":29,"column":4}},"4":{"start":{"line":30,"column":2},"end":{"line":30,"column":21}}},"fnMap":{"0":{"name":"(anonymous_0)","decl":{"start":{"line":3,"column":17},"end":{"line":3,"column":18}},"loc":{"start":{"line":3,"column":43},"end":{"line":31,"column":1}},"line":3},"1":{"name":"(anonymous_1)","decl":{"start":{"line":5,"column":4},"end":{"line":5,"column":5}},"loc":{"start":{"line":5,"column":29},"end":{"line":10,"column":5}},"line":5}},"branchMap":{},"s":{"0":1,"1":1,"2":1,"3":1,"4":1},"f":{"0":1,"1":1},"b":{},"_coverageSchema":"1a1c01bbd47fc00a2c39e90264f33305004495a9","hash":"2efe43dfdfd71d76e0f75032e543fb5029e44133"}
,"/Users/apple/code/node/node-training-project/models/index.js": {"path":"/Users/apple/code/node/node-training-project/models/index.js","statementMap":{"0":{"start":{"line":3,"column":11},"end":{"line":3,"column":24}},"1":{"start":{"line":4,"column":13},"end":{"line":4,"column":28}},"2":{"start":{"line":5,"column":18},"end":{"line":5,"column":38}},"3":{"start":{"line":6,"column":16},"end":{"line":6,"column":34}},"4":{"start":{"line":7,"column":17},"end":{"line":7,"column":42}},"5":{"start":{"line":8,"column":12},"end":{"line":8,"column":49}},"6":{"start":{"line":9,"column":15},"end":{"line":9,"column":63}},"7":{"start":{"line":10,"column":11},"end":{"line":10,"column":13}},"8":{"start":{"line":13,"column":0},"end":{"line":17,"column":1}},"9":{"start":{"line":14,"column":2},"end":{"line":14,"column":74}},"10":{"start":{"line":16,"column":2},"end":{"line":16,"column":87}},"11":{"start":{"line":19,"column":0},"end":{"line":27,"column":5}},"12":{"start":{"line":22,"column":4},"end":{"line":22,"column":90}},"13":{"start":{"line":25,"column":18},"end":{"line":25,"column":85}},"14":{"start":{"line":26,"column":4},"end":{"line":26,"column":27}},"15":{"start":{"line":29,"column":0},"end":{"line":33,"column":3}},"16":{"start":{"line":30,"column":2},"end":{"line":32,"column":3}},"17":{"start":{"line":31,"column":4},"end":{"line":31,"column":32}},"18":{"start":{"line":35,"column":0},"end":{"line":35,"column":25}},"19":{"start":{"line":36,"column":0},"end":{"line":36,"column":25}},"20":{"start":{"line":38,"column":0},"end":{"line":38,"column":20}}},"fnMap":{"0":{"name":"(anonymous_0)","decl":{"start":{"line":21,"column":10},"end":{"line":21,"column":11}},"loc":{"start":{"line":21,"column":18},"end":{"line":23,"column":3}},"line":21},"1":{"name":"(anonymous_1)","decl":{"start":{"line":24,"column":11},"end":{"line":24,"column":12}},"loc":{"start":{"line":24,"column":19},"end":{"line":27,"column":3}},"line":24},"2":{"name":"(anonymous_2)","decl":{"start":{"line":29,"column":24},"end":{"line":29,"column":25}},"loc":{"start":{"line":29,"column":37},"end":{"line":33,"column":1}},"line":29}},"branchMap":{"0":{"loc":{"start":{"line":8,"column":12},"end":{"line":8,"column":49}},"type":"binary-expr","locations":[{"start":{"line":8,"column":12},"end":{"line":8,"column":32}},{"start":{"line":8,"column":36},"end":{"line":8,"column":49}}],"line":8},"1":{"loc":{"start":{"line":13,"column":0},"end":{"line":17,"column":1}},"type":"if","locations":[{"start":{"line":13,"column":0},"end":{"line":17,"column":1}},{"start":{"line":15,"column":7},"end":{"line":17,"column":1}}],"line":13},"2":{"loc":{"start":{"line":22,"column":11},"end":{"line":22,"column":89}},"type":"binary-expr","locations":[{"start":{"line":22,"column":12},"end":{"line":22,"column":35}},{"start":{"line":22,"column":41},"end":{"line":22,"column":58}},{"start":{"line":22,"column":64},"end":{"line":22,"column":88}}],"line":22},"3":{"loc":{"start":{"line":30,"column":2},"end":{"line":32,"column":3}},"type":"if","locations":[{"start":{"line":30,"column":2},"end":{"line":32,"column":3}},{"start":{},"end":{}}],"line":30}},"s":{"0":1,"1":1,"2":1,"3":1,"4":1,"5":1,"6":1,"7":1,"8":1,"9":0,"10":1,"11":1,"12":7,"13":6,"14":6,"15":1,"16":6,"17":6,"18":1,"19":1,"20":1},"f":{"0":7,"1":6,"2":6},"b":{"0":[1,0],"1":[0,1],"2":[7,7,6],"3":[6,0]},"_coverageSchema":"1a1c01bbd47fc00a2c39e90264f33305004495a9","hash":"cc412dc5f02418716387b360f75648591db1f68a"}
,"/Users/apple/code/node/node-training-project/models/role.model.js": {"path":"/Users/apple/code/node/node-training-project/models/role.model.js","statementMap":{"0":{"start":{"line":2,"column":18},"end":{"line":2,"column":38}},"1":{"start":{"line":3,"column":0},"end":{"line":35,"column":2}},"2":{"start":{"line":6,"column":6},"end":{"line":9,"column":8}},"3":{"start":{"line":12,"column":2},"end":{"line":33,"column":5}},"4":{"start":{"line":34,"column":2},"end":{"line":34,"column":14}}},"fnMap":{"0":{"name":"(anonymous_0)","decl":{"start":{"line":3,"column":17},"end":{"line":3,"column":18}},"loc":{"start":{"line":3,"column":43},"end":{"line":35,"column":1}},"line":3},"1":{"name":"(anonymous_1)","decl":{"start":{"line":5,"column":4},"end":{"line":5,"column":5}},"loc":{"start":{"line":5,"column":29},"end":{"line":10,"column":5}},"line":5}},"branchMap":{},"s":{"0":1,"1":1,"2":1,"3":1,"4":1},"f":{"0":1,"1":1},"b":{},"_coverageSchema":"1a1c01bbd47fc00a2c39e90264f33305004495a9","hash":"ac8cdb39c9945c90143db804098d070234db68b8"}
,"/Users/apple/code/node/node-training-project/models/user.model.js": {"path":"/Users/apple/code/node/node-training-project/models/user.model.js","statementMap":{"0":{"start":{"line":2,"column":18},"end":{"line":2,"column":38}},"1":{"start":{"line":3,"column":0},"end":{"line":90,"column":2}},"2":{"start":{"line":6,"column":6},"end":{"line":9,"column":9}},"3":{"start":{"line":11,"column":6},"end":{"line":14,"column":9}},"4":{"start":{"line":16,"column":6},"end":{"line":20,"column":9}},"5":{"start":{"line":22,"column":6},"end":{"line":26,"column":9}},"6":{"start":{"line":30,"column":2},"end":{"line":88,"column":4}},"7":{"start":{"line":89,"column":2},"end":{"line":89,"column":14}}},"fnMap":{"0":{"name":"(anonymous_0)","decl":{"start":{"line":3,"column":17},"end":{"line":3,"column":18}},"loc":{"start":{"line":3,"column":43},"end":{"line":90,"column":1}},"line":3},"1":{"name":"(anonymous_1)","decl":{"start":{"line":5,"column":4},"end":{"line":5,"column":5}},"loc":{"start":{"line":5,"column":29},"end":{"line":27,"column":5}},"line":5}},"branchMap":{},"s":{"0":1,"1":1,"2":1,"3":1,"4":1,"5":1,"6":1,"7":1},"f":{"0":1,"1":1},"b":{},"_coverageSchema":"1a1c01bbd47fc00a2c39e90264f33305004495a9","hash":"bcc7ce2dfe719e3266cfe66a7855c0b65e0f6118"}
,"/Users/apple/code/node/node-training-project/models/userDesignationMapping.model.js": {"path":"/Users/apple/code/node/node-training-project/models/userDesignationMapping.model.js","statementMap":{"0":{"start":{"line":2,"column":28},"end":{"line":2,"column":48}},"1":{"start":{"line":3,"column":0},"end":{"line":40,"column":2}},"2":{"start":{"line":6,"column":6},"end":{"line":8,"column":9}},"3":{"start":{"line":9,"column":6},"end":{"line":11,"column":9}},"4":{"start":{"line":14,"column":2},"end":{"line":38,"column":4}},"5":{"start":{"line":39,"column":2},"end":{"line":39,"column":32}}},"fnMap":{"0":{"name":"(anonymous_0)","decl":{"start":{"line":3,"column":17},"end":{"line":3,"column":18}},"loc":{"start":{"line":3,"column":43},"end":{"line":40,"column":1}},"line":3},"1":{"name":"(anonymous_1)","decl":{"start":{"line":5,"column":4},"end":{"line":5,"column":5}},"loc":{"start":{"line":5,"column":29},"end":{"line":12,"column":5}},"line":5}},"branchMap":{},"s":{"0":1,"1":1,"2":1,"3":1,"4":1,"5":1},"f":{"0":1,"1":1},"b":{},"_coverageSchema":"1a1c01bbd47fc00a2c39e90264f33305004495a9","hash":"3cbe054bc5305d50a8dda8cb8bf6a3f80a008388"}
,"/Users/apple/code/node/node-training-project/models/userReporteeMapping.model.js": {"path":"/Users/apple/code/node/node-training-project/models/userReporteeMapping.model.js","statementMap":{"0":{"start":{"line":2,"column":18},"end":{"line":2,"column":38}},"1":{"start":{"line":3,"column":0},"end":{"line":42,"column":2}},"2":{"start":{"line":6,"column":6},"end":{"line":9,"column":9}},"3":{"start":{"line":10,"column":6},"end":{"line":13,"column":9}},"4":{"start":{"line":16,"column":2},"end":{"line":40,"column":4}},"5":{"start":{"line":41,"column":2},"end":{"line":41,"column":29}}},"fnMap":{"0":{"name":"(anonymous_0)","decl":{"start":{"line":3,"column":17},"end":{"line":3,"column":18}},"loc":{"start":{"line":3,"column":43},"end":{"line":42,"column":1}},"line":3},"1":{"name":"(anonymous_1)","decl":{"start":{"line":5,"column":4},"end":{"line":5,"column":5}},"loc":{"start":{"line":5,"column":29},"end":{"line":14,"column":5}},"line":5}},"branchMap":{},"s":{"0":1,"1":1,"2":1,"3":1,"4":1,"5":1},"f":{"0":1,"1":1},"b":{},"_coverageSchema":"1a1c01bbd47fc00a2c39e90264f33305004495a9","hash":"dcb40157baf52ff2333df8fc478eecc989ff9142"}
,"/Users/apple/code/node/node-training-project/models/userRoleMapping.model.js": {"path":"/Users/apple/code/node/node-training-project/models/userRoleMapping.model.js","statementMap":{"0":{"start":{"line":2,"column":18},"end":{"line":2,"column":38}},"1":{"start":{"line":3,"column":0},"end":{"line":41,"column":2}},"2":{"start":{"line":6,"column":6},"end":{"line":8,"column":9}},"3":{"start":{"line":9,"column":6},"end":{"line":11,"column":9}},"4":{"start":{"line":14,"column":2},"end":{"line":39,"column":4}},"5":{"start":{"line":40,"column":2},"end":{"line":40,"column":25}}},"fnMap":{"0":{"name":"(anonymous_0)","decl":{"start":{"line":3,"column":17},"end":{"line":3,"column":18}},"loc":{"start":{"line":3,"column":43},"end":{"line":41,"column":1}},"line":3},"1":{"name":"(anonymous_1)","decl":{"start":{"line":5,"column":4},"end":{"line":5,"column":5}},"loc":{"start":{"line":5,"column":29},"end":{"line":12,"column":5}},"line":5}},"branchMap":{},"s":{"0":1,"1":1,"2":1,"3":1,"4":1,"5":1},"f":{"0":1,"1":1},"b":{},"_coverageSchema":"1a1c01bbd47fc00a2c39e90264f33305004495a9","hash":"bc15690739171f616c9864e53e9f9720743bfab8"}
,"/Users/apple/code/node/node-training-project/routes/admin.route.js": {"path":"/Users/apple/code/node/node-training-project/routes/admin.route.js","statementMap":{"0":{"start":{"line":1,"column":19},"end":{"line":1,"column":37}},"1":{"start":{"line":3,"column":20},"end":{"line":3,"column":45}},"2":{"start":{"line":4,"column":29},"end":{"line":4,"column":59}},"3":{"start":{"line":5,"column":23},"end":{"line":5,"column":66}},"4":{"start":{"line":6,"column":18},"end":{"line":6,"column":42}},"5":{"start":{"line":7,"column":24},"end":{"line":7,"column":61}},"6":{"start":{"line":9,"column":15},"end":{"line":9,"column":23}},"7":{"start":{"line":11,"column":0},"end":{"line":18,"column":2}},"8":{"start":{"line":20,"column":0},"end":{"line":27,"column":2}},"9":{"start":{"line":28,"column":0},"end":{"line":35,"column":2}},"10":{"start":{"line":37,"column":0},"end":{"line":44,"column":2}},"11":{"start":{"line":46,"column":0},"end":{"line":53,"column":2}},"12":{"start":{"line":56,"column":0},"end":{"line":62,"column":2}},"13":{"start":{"line":63,"column":0},"end":{"line":70,"column":2}},"14":{"start":{"line":71,"column":0},"end":{"line":78,"column":2}},"15":{"start":{"line":80,"column":0},"end":{"line":87,"column":2}},"16":{"start":{"line":88,"column":0},"end":{"line":95,"column":2}},"17":{"start":{"line":96,"column":0},"end":{"line":96,"column":24}}},"fnMap":{},"branchMap":{},"s":{"0":1,"1":1,"2":1,"3":1,"4":1,"5":1,"6":1,"7":1,"8":1,"9":1,"10":1,"11":1,"12":1,"13":1,"14":1,"15":1,"16":1,"17":1},"f":{},"b":{},"_coverageSchema":"1a1c01bbd47fc00a2c39e90264f33305004495a9","hash":"6286f9417255c21aefb185be0dcc912f7443bd17"}
,"/Users/apple/code/node/node-training-project/routes/index.js": {"path":"/Users/apple/code/node/node-training-project/routes/index.js","statementMap":{"0":{"start":{"line":1,"column":11},"end":{"line":1,"column":24}},"1":{"start":{"line":2,"column":20},"end":{"line":2,"column":35}},"2":{"start":{"line":3,"column":21},"end":{"line":3,"column":40}},"3":{"start":{"line":6,"column":4},"end":{"line":6,"column":67}},"4":{"start":{"line":10,"column":25},"end":{"line":23,"column":1}},"5":{"start":{"line":11,"column":26},"end":{"line":11,"column":28}},"6":{"start":{"line":13,"column":4},"end":{"line":21,"column":7}},"7":{"start":{"line":14,"column":25},"end":{"line":14,"column":50}},"8":{"start":{"line":15,"column":8},"end":{"line":20,"column":9}},"9":{"start":{"line":16,"column":12},"end":{"line":19,"column":15}},"10":{"start":{"line":22,"column":4},"end":{"line":22,"column":25}},"11":{"start":{"line":26,"column":23},"end":{"line":33,"column":1}},"12":{"start":{"line":27,"column":26},"end":{"line":27,"column":44}},"13":{"start":{"line":29,"column":4},"end":{"line":32,"column":5}},"14":{"start":{"line":30,"column":23},"end":{"line":30,"column":50}},"15":{"start":{"line":31,"column":8},"end":{"line":31,"column":83}},"16":{"start":{"line":35,"column":0},"end":{"line":37,"column":2}}},"fnMap":{"0":{"name":"camelCaseToDash","decl":{"start":{"line":5,"column":9},"end":{"line":5,"column":24}},"loc":{"start":{"line":5,"column":32},"end":{"line":7,"column":1}},"line":5},"1":{"name":"(anonymous_1)","decl":{"start":{"line":10,"column":25},"end":{"line":10,"column":26}},"loc":{"start":{"line":10,"column":37},"end":{"line":23,"column":1}},"line":10},"2":{"name":"(anonymous_2)","decl":{"start":{"line":13,"column":41},"end":{"line":13,"column":42}},"loc":{"start":{"line":13,"column":49},"end":{"line":21,"column":5}},"line":13},"3":{"name":"(anonymous_3)","decl":{"start":{"line":26,"column":23},"end":{"line":26,"column":24}},"loc":{"start":{"line":26,"column":50},"end":{"line":33,"column":1}},"line":26}},"branchMap":{"0":{"loc":{"start":{"line":15,"column":8},"end":{"line":20,"column":9}},"type":"if","locations":[{"start":{"line":15,"column":8},"end":{"line":20,"column":9}},{"start":{},"end":{}}],"line":15},"1":{"loc":{"start":{"line":15,"column":12},"end":{"line":15,"column":69}},"type":"binary-expr","locations":[{"start":{"line":15,"column":12},"end":{"line":15,"column":35}},{"start":{"line":15,"column":39},"end":{"line":15,"column":69}}],"line":15}},"s":{"0":1,"1":1,"2":1,"3":2,"4":1,"5":1,"6":1,"7":3,"8":3,"9":2,"10":1,"11":1,"12":1,"13":1,"14":2,"15":2,"16":1},"f":{"0":2,"1":1,"2":3,"3":1},"b":{"0":[2,1],"1":[3,3]},"_coverageSchema":"1a1c01bbd47fc00a2c39e90264f33305004495a9","hash":"860ea989b609b6b288b0f13f477da4549084a3ab"}
,"/Users/apple/code/node/node-training-project/routes/user.route.js": {"path":"/Users/apple/code/node/node-training-project/routes/user.route.js","statementMap":{"0":{"start":{"line":1,"column":19},"end":{"line":1,"column":37}},"1":{"start":{"line":3,"column":20},"end":{"line":3,"column":45}},"2":{"start":{"line":4,"column":48},"end":{"line":4,"column":78}},"3":{"start":{"line":5,"column":18},"end":{"line":5,"column":42}},"4":{"start":{"line":6,"column":24},"end":{"line":6,"column":61}},"5":{"start":{"line":8,"column":15},"end":{"line":8,"column":23}},"6":{"start":{"line":11,"column":0},"end":{"line":16,"column":2}},"7":{"start":{"line":17,"column":0},"end":{"line":22,"column":2}},"8":{"start":{"line":23,"column":0},"end":{"line":27,"column":2}},"9":{"start":{"line":29,"column":0},"end":{"line":34,"column":2}},"10":{"start":{"line":36,"column":0},"end":{"line":41,"column":2}},"11":{"start":{"line":43,"column":0},"end":{"line":48,"column":2}},"12":{"start":{"line":50,"column":0},"end":{"line":56,"column":2}},"13":{"start":{"line":58,"column":0},"end":{"line":64,"column":2}},"14":{"start":{"line":66,"column":0},"end":{"line":72,"column":2}},"15":{"start":{"line":73,"column":0},"end":{"line":79,"column":2}},"16":{"start":{"line":82,"column":0},"end":{"line":82,"column":24}}},"fnMap":{},"branchMap":{},"s":{"0":1,"1":1,"2":1,"3":1,"4":1,"5":1,"6":1,"7":1,"8":1,"9":1,"10":1,"11":1,"12":1,"13":1,"14":1,"15":1,"16":1},"f":{},"b":{},"_coverageSchema":"1a1c01bbd47fc00a2c39e90264f33305004495a9","hash":"e03a12c31c9251c21e18aaa5539db26b57255959"}
,"/Users/apple/code/node/node-training-project/services/designation.service.js": {"path":"/Users/apple/code/node/node-training-project/services/designation.service.js","statementMap":{"0":{"start":{"line":1,"column":15},"end":{"line":1,"column":35}},"1":{"start":{"line":3,"column":26},"end":{"line":32,"column":1}},"2":{"start":{"line":4,"column":40},"end":{"line":4,"column":47}},"3":{"start":{"line":6,"column":24},"end":{"line":10,"column":6}},"4":{"start":{"line":12,"column":4},"end":{"line":14,"column":5}},"5":{"start":{"line":13,"column":8},"end":{"line":13,"column":48}},"6":{"start":{"line":16,"column":4},"end":{"line":16,"column":44}},"7":{"start":{"line":18,"column":17},"end":{"line":22,"column":6}},"8":{"start":{"line":23,"column":4},"end":{"line":25,"column":5}},"9":{"start":{"line":24,"column":8},"end":{"line":24,"column":43}},"10":{"start":{"line":27,"column":35},"end":{"line":30,"column":6}},"11":{"start":{"line":31,"column":4},"end":{"line":31,"column":34}},"12":{"start":{"line":34,"column":30},"end":{"line":73,"column":1}},"13":{"start":{"line":35,"column":40},"end":{"line":35,"column":47}},"14":{"start":{"line":36,"column":4},"end":{"line":36,"column":33}},"15":{"start":{"line":37,"column":24},"end":{"line":41,"column":6}},"16":{"start":{"line":43,"column":4},"end":{"line":45,"column":5}},"17":{"start":{"line":44,"column":8},"end":{"line":44,"column":48}},"18":{"start":{"line":47,"column":17},"end":{"line":51,"column":6}},"19":{"start":{"line":52,"column":4},"end":{"line":54,"column":5}},"20":{"start":{"line":53,"column":8},"end":{"line":53,"column":43}},"21":{"start":{"line":56,"column":32},"end":{"line":61,"column":6}},"22":{"start":{"line":63,"column":4},"end":{"line":63,"column":60}},"23":{"start":{"line":63,"column":30},"end":{"line":63,"column":60}},"24":{"start":{"line":65,"column":35},"end":{"line":70,"column":6}},"25":{"start":{"line":72,"column":4},"end":{"line":72,"column":34}},"26":{"start":{"line":75,"column":0},"end":{"line":78,"column":1}}},"fnMap":{"0":{"name":"(anonymous_0)","decl":{"start":{"line":3,"column":26},"end":{"line":3,"column":27}},"loc":{"start":{"line":3,"column":45},"end":{"line":32,"column":1}},"line":3},"1":{"name":"(anonymous_1)","decl":{"start":{"line":34,"column":30},"end":{"line":34,"column":31}},"loc":{"start":{"line":34,"column":49},"end":{"line":73,"column":1}},"line":34}},"branchMap":{"0":{"loc":{"start":{"line":12,"column":4},"end":{"line":14,"column":5}},"type":"if","locations":[{"start":{"line":12,"column":4},"end":{"line":14,"column":5}},{"start":{},"end":{}}],"line":12},"1":{"loc":{"start":{"line":23,"column":4},"end":{"line":25,"column":5}},"type":"if","locations":[{"start":{"line":23,"column":4},"end":{"line":25,"column":5}},{"start":{},"end":{}}],"line":23},"2":{"loc":{"start":{"line":43,"column":4},"end":{"line":45,"column":5}},"type":"if","locations":[{"start":{"line":43,"column":4},"end":{"line":45,"column":5}},{"start":{},"end":{}}],"line":43},"3":{"loc":{"start":{"line":52,"column":4},"end":{"line":54,"column":5}},"type":"if","locations":[{"start":{"line":52,"column":4},"end":{"line":54,"column":5}},{"start":{},"end":{}}],"line":52},"4":{"loc":{"start":{"line":63,"column":4},"end":{"line":63,"column":60}},"type":"if","locations":[{"start":{"line":63,"column":4},"end":{"line":63,"column":60}},{"start":{},"end":{}}],"line":63}},"s":{"0":1,"1":1,"2":0,"3":0,"4":0,"5":0,"6":0,"7":0,"8":0,"9":0,"10":0,"11":0,"12":1,"13":0,"14":0,"15":0,"16":0,"17":0,"18":0,"19":0,"20":0,"21":0,"22":0,"23":0,"24":0,"25":0,"26":1},"f":{"0":0,"1":0},"b":{"0":[0,0],"1":[0,0],"2":[0,0],"3":[0,0],"4":[0,0]},"_coverageSchema":"1a1c01bbd47fc00a2c39e90264f33305004495a9","hash":"2ee255ee3b5c8c048eedf41864090eefc0cf4181"}
,"/Users/apple/code/node/node-training-project/services/user.service.js": {"path":"/Users/apple/code/node/node-training-project/services/user.service.js","statementMap":{"0":{"start":{"line":1,"column":15},"end":{"line":1,"column":32}},"1":{"start":{"line":2,"column":12},"end":{"line":2,"column":35}},"2":{"start":{"line":3,"column":15},"end":{"line":3,"column":35}},"3":{"start":{"line":4,"column":15},"end":{"line":4,"column":35}},"4":{"start":{"line":5,"column":22},"end":{"line":5,"column":42}},"5":{"start":{"line":6,"column":15},"end":{"line":6,"column":44}},"6":{"start":{"line":7,"column":29},"end":{"line":7,"column":62}},"7":{"start":{"line":8,"column":20},"end":{"line":8,"column":47}},"8":{"start":{"line":9,"column":30},"end":{"line":9,"column":64}},"9":{"start":{"line":10,"column":16},"end":{"line":10,"column":49}},"10":{"start":{"line":12,"column":22},"end":{"line":18,"column":1}},"11":{"start":{"line":13,"column":4},"end":{"line":13,"column":112}},"12":{"start":{"line":14,"column":23},"end":{"line":14,"column":51}},"13":{"start":{"line":15,"column":26},"end":{"line":15,"column":42}},"14":{"start":{"line":16,"column":4},"end":{"line":16,"column":64}},"15":{"start":{"line":17,"column":4},"end":{"line":17,"column":41}},"16":{"start":{"line":22,"column":18},"end":{"line":77,"column":1}},"17":{"start":{"line":23,"column":30},"end":{"line":23,"column":37}},"18":{"start":{"line":25,"column":2},"end":{"line":25,"column":23}},"19":{"start":{"line":27,"column":15},"end":{"line":45,"column":4}},"20":{"start":{"line":47,"column":2},"end":{"line":49,"column":3}},"21":{"start":{"line":48,"column":4},"end":{"line":48,"column":39}},"22":{"start":{"line":51,"column":16},"end":{"line":51,"column":76}},"23":{"start":{"line":52,"column":2},"end":{"line":54,"column":3}},"24":{"start":{"line":53,"column":4},"end":{"line":53,"column":47}},"25":{"start":{"line":56,"column":22},"end":{"line":60,"column":3}},"26":{"start":{"line":61,"column":23},"end":{"line":65,"column":3}},"27":{"start":{"line":67,"column":2},"end":{"line":67,"column":34}},"28":{"start":{"line":68,"column":2},"end":{"line":68,"column":55}},"29":{"start":{"line":69,"column":2},"end":{"line":69,"column":68}},"30":{"start":{"line":71,"column":2},"end":{"line":76,"column":3}},"31":{"start":{"line":78,"column":21},"end":{"line":87,"column":1}},"32":{"start":{"line":79,"column":23},"end":{"line":81,"column":4}},"33":{"start":{"line":83,"column":2},"end":{"line":86,"column":3}},"34":{"start":{"line":89,"column":20},"end":{"line":99,"column":1}},"35":{"start":{"line":90,"column":14},"end":{"line":90,"column":40}},"36":{"start":{"line":91,"column":13},"end":{"line":91,"column":44}},"37":{"start":{"line":93,"column":16},"end":{"line":97,"column":4}},"38":{"start":{"line":98,"column":4},"end":{"line":98,"column":18}},"39":{"start":{"line":102,"column":19},"end":{"line":105,"column":1}},"40":{"start":{"line":103,"column":2},"end":{"line":103,"column":48}},"41":{"start":{"line":104,"column":2},"end":{"line":104,"column":9}},"42":{"start":{"line":107,"column":26},"end":{"line":160,"column":1}},"43":{"start":{"line":108,"column":21},"end":{"line":108,"column":41}},"44":{"start":{"line":109,"column":19},"end":{"line":109,"column":43}},"45":{"start":{"line":110,"column":18},"end":{"line":110,"column":36}},"46":{"start":{"line":111,"column":21},"end":{"line":111,"column":42}},"47":{"start":{"line":113,"column":2},"end":{"line":159,"column":3}},"48":{"start":{"line":114,"column":22},"end":{"line":119,"column":6}},"49":{"start":{"line":120,"column":4},"end":{"line":122,"column":5}},"50":{"start":{"line":121,"column":6},"end":{"line":121,"column":40}},"51":{"start":{"line":124,"column":6},"end":{"line":124,"column":48}},"52":{"start":{"line":126,"column":7},"end":{"line":159,"column":3}},"53":{"start":{"line":127,"column":22},"end":{"line":132,"column":6}},"54":{"start":{"line":134,"column":4},"end":{"line":136,"column":5}},"55":{"start":{"line":135,"column":6},"end":{"line":135,"column":40}},"56":{"start":{"line":138,"column":22},"end":{"line":138,"column":65}},"57":{"start":{"line":138,"column":50},"end":{"line":138,"column":64}},"58":{"start":{"line":139,"column":21},"end":{"line":139,"column":78}},"59":{"start":{"line":140,"column":26},"end":{"line":140,"column":44}},"60":{"start":{"line":141,"column":4},"end":{"line":143,"column":5}},"61":{"start":{"line":142,"column":6},"end":{"line":142,"column":53}},"62":{"start":{"line":145,"column":4},"end":{"line":145,"column":49}},"63":{"start":{"line":148,"column":7},"end":{"line":159,"column":3}},"64":{"start":{"line":149,"column":25},"end":{"line":149,"column":58}},"65":{"start":{"line":150,"column":4},"end":{"line":152,"column":5}},"66":{"start":{"line":151,"column":6},"end":{"line":151,"column":44}},"67":{"start":{"line":153,"column":22},"end":{"line":153,"column":79}},"68":{"start":{"line":154,"column":4},"end":{"line":156,"column":5}},"69":{"start":{"line":155,"column":6},"end":{"line":155,"column":40}},"70":{"start":{"line":157,"column":4},"end":{"line":157,"column":38}},"71":{"start":{"line":158,"column":4},"end":{"line":158,"column":52}},"72":{"start":{"line":162,"column":19},"end":{"line":192,"column":1}},"73":{"start":{"line":163,"column":16},"end":{"line":163,"column":30}},"74":{"start":{"line":164,"column":17},"end":{"line":164,"column":47}},"75":{"start":{"line":166,"column":2},"end":{"line":191,"column":3}},"76":{"start":{"line":167,"column":4},"end":{"line":167,"column":30}},"77":{"start":{"line":170,"column":21},"end":{"line":188,"column":6}},"78":{"start":{"line":189,"column":4},"end":{"line":189,"column":61}},"79":{"start":{"line":190,"column":4},"end":{"line":190,"column":20}},"80":{"start":{"line":194,"column":23},"end":{"line":220,"column":1}},"81":{"start":{"line":196,"column":20},"end":{"line":196,"column":27}},"82":{"start":{"line":197,"column":15},"end":{"line":201,"column":4}},"83":{"start":{"line":203,"column":2},"end":{"line":205,"column":3}},"84":{"start":{"line":204,"column":4},"end":{"line":204,"column":39}},"85":{"start":{"line":206,"column":20},"end":{"line":206,"column":56}},"86":{"start":{"line":207,"column":15},"end":{"line":207,"column":33}},"87":{"start":{"line":208,"column":16},"end":{"line":208,"column":36}},"88":{"start":{"line":209,"column":27},"end":{"line":209,"column":78}},"89":{"start":{"line":211,"column":2},"end":{"line":211,"column":48}},"90":{"start":{"line":213,"column":18},"end":{"line":213,"column":23}},"91":{"start":{"line":214,"column":16},"end":{"line":214,"column":37}},"92":{"start":{"line":215,"column":13},"end":{"line":215,"column":58}},"93":{"start":{"line":217,"column":2},"end":{"line":217,"column":50}},"94":{"start":{"line":218,"column":2},"end":{"line":218,"column":49}},"95":{"start":{"line":222,"column":23},"end":{"line":253,"column":1}},"96":{"start":{"line":224,"column":19},"end":{"line":224,"column":26}},"97":{"start":{"line":225,"column":16},"end":{"line":225,"column":22}},"98":{"start":{"line":226,"column":15},"end":{"line":235,"column":4}},"99":{"start":{"line":237,"column":2},"end":{"line":239,"column":3}},"100":{"start":{"line":238,"column":4},"end":{"line":238,"column":37}},"101":{"start":{"line":241,"column":3},"end":{"line":243,"column":3}},"102":{"start":{"line":242,"column":5},"end":{"line":242,"column":37}},"103":{"start":{"line":245,"column":3},"end":{"line":249,"column":5}},"104":{"start":{"line":251,"column":2},"end":{"line":251,"column":33}},"105":{"start":{"line":252,"column":2},"end":{"line":252,"column":27}},"106":{"start":{"line":255,"column":19},"end":{"line":270,"column":1}},"107":{"start":{"line":256,"column":19},"end":{"line":256,"column":26}},"108":{"start":{"line":258,"column":20},"end":{"line":262,"column":4}},"109":{"start":{"line":264,"column":2},"end":{"line":268,"column":3}},"110":{"start":{"line":265,"column":4},"end":{"line":265,"column":27}},"111":{"start":{"line":267,"column":4},"end":{"line":267,"column":38}},"112":{"start":{"line":272,"column":19},"end":{"line":334,"column":1}},"113":{"start":{"line":273,"column":22},"end":{"line":273,"column":57}},"114":{"start":{"line":274,"column":2},"end":{"line":274,"column":34}},"115":{"start":{"line":275,"column":2},"end":{"line":275,"column":68}},"116":{"start":{"line":276,"column":16},"end":{"line":276,"column":45}},"117":{"start":{"line":277,"column":2},"end":{"line":333,"column":3}},"118":{"start":{"line":278,"column":25},"end":{"line":280,"column":6}},"119":{"start":{"line":281,"column":4},"end":{"line":283,"column":5}},"120":{"start":{"line":282,"column":6},"end":{"line":282,"column":45}},"121":{"start":{"line":284,"column":17},"end":{"line":286,"column":5}},"122":{"start":{"line":288,"column":19},"end":{"line":288,"column":37}},"123":{"start":{"line":289,"column":4},"end":{"line":308,"column":5}},"124":{"start":{"line":290,"column":26},"end":{"line":296,"column":7}},"125":{"start":{"line":297,"column":6},"end":{"line":299,"column":7}},"126":{"start":{"line":298,"column":8},"end":{"line":298,"column":47}},"127":{"start":{"line":301,"column":8},"end":{"line":306,"column":9}},"128":{"start":{"line":309,"column":4},"end":{"line":327,"column":5}},"129":{"start":{"line":310,"column":19},"end":{"line":316,"column":7}},"130":{"start":{"line":318,"column":6},"end":{"line":320,"column":7}},"131":{"start":{"line":319,"column":8},"end":{"line":319,"column":40}},"132":{"start":{"line":321,"column":32},"end":{"line":326,"column":7}},"133":{"start":{"line":328,"column":4},"end":{"line":328,"column":25}},"134":{"start":{"line":329,"column":4},"end":{"line":329,"column":36}},"135":{"start":{"line":331,"column":4},"end":{"line":331,"column":27}},"136":{"start":{"line":332,"column":4},"end":{"line":332,"column":40}},"137":{"start":{"line":336,"column":21},"end":{"line":363,"column":1}},"138":{"start":{"line":337,"column":2},"end":{"line":337,"column":31}},"139":{"start":{"line":338,"column":2},"end":{"line":338,"column":27}},"140":{"start":{"line":339,"column":2},"end":{"line":339,"column":61}},"141":{"start":{"line":340,"column":23},"end":{"line":342,"column":4}},"142":{"start":{"line":343,"column":2},"end":{"line":345,"column":3}},"143":{"start":{"line":344,"column":4},"end":{"line":344,"column":43}},"144":{"start":{"line":346,"column":15},"end":{"line":346,"column":48}},"145":{"start":{"line":347,"column":17},"end":{"line":347,"column":35}},"146":{"start":{"line":348,"column":15},"end":{"line":352,"column":4}},"147":{"start":{"line":353,"column":2},"end":{"line":356,"column":5}},"148":{"start":{"line":358,"column":2},"end":{"line":358,"column":34}},"149":{"start":{"line":359,"column":2},"end":{"line":359,"column":36}},"150":{"start":{"line":360,"column":2},"end":{"line":360,"column":36}},"151":{"start":{"line":361,"column":2},"end":{"line":361,"column":36}},"152":{"start":{"line":362,"column":2},"end":{"line":362,"column":14}},"153":{"start":{"line":366,"column":0},"end":{"line":378,"column":2}}},"fnMap":{"0":{"name":"(anonymous_0)","decl":{"start":{"line":12,"column":22},"end":{"line":12,"column":23}},"loc":{"start":{"line":12,"column":55},"end":{"line":18,"column":1}},"line":12},"1":{"name":"(anonymous_1)","decl":{"start":{"line":22,"column":18},"end":{"line":22,"column":19}},"loc":{"start":{"line":22,"column":37},"end":{"line":77,"column":1}},"line":22},"2":{"name":"(anonymous_2)","decl":{"start":{"line":78,"column":21},"end":{"line":78,"column":22}},"loc":{"start":{"line":78,"column":53},"end":{"line":87,"column":1}},"line":78},"3":{"name":"(anonymous_3)","decl":{"start":{"line":89,"column":20},"end":{"line":89,"column":21}},"loc":{"start":{"line":89,"column":37},"end":{"line":99,"column":1}},"line":89},"4":{"name":"(anonymous_4)","decl":{"start":{"line":102,"column":19},"end":{"line":102,"column":20}},"loc":{"start":{"line":102,"column":43},"end":{"line":105,"column":1}},"line":102},"5":{"name":"(anonymous_5)","decl":{"start":{"line":107,"column":26},"end":{"line":107,"column":27}},"loc":{"start":{"line":107,"column":69},"end":{"line":160,"column":1}},"line":107},"6":{"name":"(anonymous_6)","decl":{"start":{"line":138,"column":42},"end":{"line":138,"column":43}},"loc":{"start":{"line":138,"column":50},"end":{"line":138,"column":64}},"line":138},"7":{"name":"(anonymous_7)","decl":{"start":{"line":162,"column":19},"end":{"line":162,"column":20}},"loc":{"start":{"line":162,"column":38},"end":{"line":192,"column":1}},"line":162},"8":{"name":"(anonymous_8)","decl":{"start":{"line":194,"column":23},"end":{"line":194,"column":24}},"loc":{"start":{"line":194,"column":42},"end":{"line":220,"column":1}},"line":194},"9":{"name":"(anonymous_9)","decl":{"start":{"line":222,"column":23},"end":{"line":222,"column":24}},"loc":{"start":{"line":222,"column":42},"end":{"line":253,"column":1}},"line":222},"10":{"name":"(anonymous_10)","decl":{"start":{"line":255,"column":19},"end":{"line":255,"column":20}},"loc":{"start":{"line":255,"column":38},"end":{"line":270,"column":1}},"line":255},"11":{"name":"(anonymous_11)","decl":{"start":{"line":272,"column":19},"end":{"line":272,"column":20}},"loc":{"start":{"line":272,"column":38},"end":{"line":334,"column":1}},"line":272},"12":{"name":"(anonymous_12)","decl":{"start":{"line":336,"column":21},"end":{"line":336,"column":22}},"loc":{"start":{"line":336,"column":40},"end":{"line":363,"column":1}},"line":336}},"branchMap":{"0":{"loc":{"start":{"line":47,"column":2},"end":{"line":49,"column":3}},"type":"if","locations":[{"start":{"line":47,"column":2},"end":{"line":49,"column":3}},{"start":{},"end":{}}],"line":47},"1":{"loc":{"start":{"line":52,"column":2},"end":{"line":54,"column":3}},"type":"if","locations":[{"start":{"line":52,"column":2},"end":{"line":54,"column":3}},{"start":{},"end":{}}],"line":52},"2":{"loc":{"start":{"line":90,"column":14},"end":{"line":90,"column":40}},"type":"cond-expr","locations":[{"start":{"line":90,"column":32},"end":{"line":90,"column":36}},{"start":{"line":90,"column":39},"end":{"line":90,"column":40}}],"line":90},"3":{"loc":{"start":{"line":91,"column":13},"end":{"line":91,"column":44}},"type":"cond-expr","locations":[{"start":{"line":91,"column":30},"end":{"line":91,"column":31}},{"start":{"line":91,"column":34},"end":{"line":91,"column":44}}],"line":91},"4":{"loc":{"start":{"line":107,"column":42},"end":{"line":107,"column":51}},"type":"default-arg","locations":[{"start":{"line":107,"column":49},"end":{"line":107,"column":51}}],"line":107},"5":{"loc":{"start":{"line":107,"column":53},"end":{"line":107,"column":64}},"type":"default-arg","locations":[{"start":{"line":107,"column":62},"end":{"line":107,"column":64}}],"line":107},"6":{"loc":{"start":{"line":108,"column":21},"end":{"line":108,"column":41}},"type":"binary-expr","locations":[{"start":{"line":108,"column":21},"end":{"line":108,"column":33}},{"start":{"line":108,"column":37},"end":{"line":108,"column":41}}],"line":108},"7":{"loc":{"start":{"line":109,"column":19},"end":{"line":109,"column":43}},"type":"binary-expr","locations":[{"start":{"line":109,"column":19},"end":{"line":109,"column":35}},{"start":{"line":109,"column":39},"end":{"line":109,"column":43}}],"line":109},"8":{"loc":{"start":{"line":110,"column":18},"end":{"line":110,"column":36}},"type":"binary-expr","locations":[{"start":{"line":110,"column":18},"end":{"line":110,"column":28}},{"start":{"line":110,"column":32},"end":{"line":110,"column":36}}],"line":110},"9":{"loc":{"start":{"line":111,"column":21},"end":{"line":111,"column":42}},"type":"binary-expr","locations":[{"start":{"line":111,"column":21},"end":{"line":111,"column":34}},{"start":{"line":111,"column":38},"end":{"line":111,"column":42}}],"line":111},"10":{"loc":{"start":{"line":113,"column":2},"end":{"line":159,"column":3}},"type":"if","locations":[{"start":{"line":113,"column":2},"end":{"line":159,"column":3}},{"start":{"line":126,"column":7},"end":{"line":159,"column":3}}],"line":113},"11":{"loc":{"start":{"line":113,"column":6},"end":{"line":113,"column":32}},"type":"binary-expr","locations":[{"start":{"line":113,"column":6},"end":{"line":113,"column":15}},{"start":{"line":113,"column":19},"end":{"line":113,"column":32}}],"line":113},"12":{"loc":{"start":{"line":120,"column":4},"end":{"line":122,"column":5}},"type":"if","locations":[{"start":{"line":120,"column":4},"end":{"line":122,"column":5}},{"start":{},"end":{}}],"line":120},"13":{"loc":{"start":{"line":126,"column":7},"end":{"line":159,"column":3}},"type":"if","locations":[{"start":{"line":126,"column":7},"end":{"line":159,"column":3}},{"start":{"line":148,"column":7},"end":{"line":159,"column":3}}],"line":126},"14":{"loc":{"start":{"line":126,"column":11},"end":{"line":126,"column":36}},"type":"binary-expr","locations":[{"start":{"line":126,"column":11},"end":{"line":126,"column":23}},{"start":{"line":126,"column":27},"end":{"line":126,"column":36}}],"line":126},"15":{"loc":{"start":{"line":134,"column":4},"end":{"line":136,"column":5}},"type":"if","locations":[{"start":{"line":134,"column":4},"end":{"line":136,"column":5}},{"start":{},"end":{}}],"line":134},"16":{"loc":{"start":{"line":141,"column":4},"end":{"line":143,"column":5}},"type":"if","locations":[{"start":{"line":141,"column":4},"end":{"line":143,"column":5}},{"start":{},"end":{}}],"line":141},"17":{"loc":{"start":{"line":148,"column":7},"end":{"line":159,"column":3}},"type":"if","locations":[{"start":{"line":148,"column":7},"end":{"line":159,"column":3}},{"start":{},"end":{}}],"line":148},"18":{"loc":{"start":{"line":150,"column":4},"end":{"line":152,"column":5}},"type":"if","locations":[{"start":{"line":150,"column":4},"end":{"line":152,"column":5}},{"start":{},"end":{}}],"line":150},"19":{"loc":{"start":{"line":154,"column":4},"end":{"line":156,"column":5}},"type":"if","locations":[{"start":{"line":154,"column":4},"end":{"line":156,"column":5}},{"start":{},"end":{}}],"line":154},"20":{"loc":{"start":{"line":166,"column":2},"end":{"line":191,"column":3}},"type":"if","locations":[{"start":{"line":166,"column":2},"end":{"line":191,"column":3}},{"start":{"line":169,"column":7},"end":{"line":191,"column":3}}],"line":166},"21":{"loc":{"start":{"line":203,"column":2},"end":{"line":205,"column":3}},"type":"if","locations":[{"start":{"line":203,"column":2},"end":{"line":205,"column":3}},{"start":{},"end":{}}],"line":203},"22":{"loc":{"start":{"line":237,"column":2},"end":{"line":239,"column":3}},"type":"if","locations":[{"start":{"line":237,"column":2},"end":{"line":239,"column":3}},{"start":{},"end":{}}],"line":237},"23":{"loc":{"start":{"line":241,"column":3},"end":{"line":243,"column":3}},"type":"if","locations":[{"start":{"line":241,"column":3},"end":{"line":243,"column":3}},{"start":{},"end":{}}],"line":241},"24":{"loc":{"start":{"line":264,"column":2},"end":{"line":268,"column":3}},"type":"if","locations":[{"start":{"line":264,"column":2},"end":{"line":268,"column":3}},{"start":{"line":266,"column":9},"end":{"line":268,"column":3}}],"line":264},"25":{"loc":{"start":{"line":281,"column":4},"end":{"line":283,"column":5}},"type":"if","locations":[{"start":{"line":281,"column":4},"end":{"line":283,"column":5}},{"start":{},"end":{}}],"line":281},"26":{"loc":{"start":{"line":289,"column":4},"end":{"line":308,"column":5}},"type":"if","locations":[{"start":{"line":289,"column":4},"end":{"line":308,"column":5}},{"start":{},"end":{}}],"line":289},"27":{"loc":{"start":{"line":297,"column":6},"end":{"line":299,"column":7}},"type":"if","locations":[{"start":{"line":297,"column":6},"end":{"line":299,"column":7}},{"start":{},"end":{}}],"line":297},"28":{"loc":{"start":{"line":309,"column":4},"end":{"line":327,"column":5}},"type":"if","locations":[{"start":{"line":309,"column":4},"end":{"line":327,"column":5}},{"start":{},"end":{}}],"line":309},"29":{"loc":{"start":{"line":318,"column":6},"end":{"line":320,"column":7}},"type":"if","locations":[{"start":{"line":318,"column":6},"end":{"line":320,"column":7}},{"start":{},"end":{}}],"line":318},"30":{"loc":{"start":{"line":343,"column":2},"end":{"line":345,"column":3}},"type":"if","locations":[{"start":{"line":343,"column":2},"end":{"l
[...]
,"/Users/apple/code/node/node-training-project/utility/faker.js": {"path":"/Users/apple/code/node/node-training-project/utility/faker.js","statementMap":{"0":{"start":{"line":1,"column":18},"end":{"line":1,"column":44}},"1":{"start":{"line":5,"column":19},"end":{"line":13,"column":3}},"2":{"start":{"line":14,"column":2},"end":{"line":14,"column":42}},"3":{"start":{"line":15,"column":2},"end":{"line":15,"column":38}},"4":{"start":{"line":16,"column":2},"end":{"line":16,"column":18}},"5":{"start":{"line":19,"column":0},"end":{"line":21,"column":1}}},"fnMap":{"0":{"name":"createRandomUser","decl":{"start":{"line":3,"column":9},"end":{"line":3,"column":25}},"loc":{"start":{"line":3,"column":44},"end":{"line":17,"column":1}},"line":3}},"branchMap":{"0":{"loc":{"start":{"line":11,"column":14},"end":{"line":11,"column":64}},"type":"binary-expr","locations":[{"start":{"line":11,"column":14},"end":{"line":11,"column":18}},{"start":{"line":11,"column":22},"end":{"line":11,"column":64}}],"line":11},"1":{"loc":{"start":{"line":12,"column":22},"end":{"line":12,"column":93}},"type":"binary-expr","locations":[{"start":{"line":12,"column":22},"end":{"line":12,"column":33}},{"start":{"line":12,"column":37},"end":{"line":12,"column":93}}],"line":12}},"s":{"0":1,"1":9,"2":9,"3":9,"4":9,"5":1},"f":{"0":9},"b":{"0":[9,1],"1":[9,5]},"_coverageSchema":"1a1c01bbd47fc00a2c39e90264f33305004495a9","hash":"feef26ef4359e5adbd7f26f8a82bcdc7cd88a6aa"}
,"/Users/apple/code/node/node-training-project/utility/logger.js": {"path":"/Users/apple/code/node/node-training-project/utility/logger.js","statementMap":{"0":{"start":{"line":1,"column":15},"end":{"line":1,"column":32}},"1":{"start":{"line":2,"column":15},"end":{"line":2,"column":30}},"2":{"start":{"line":3,"column":20},"end":{"line":3,"column":44}},"3":{"start":{"line":6,"column":13},"end":{"line":11,"column":1}},"4":{"start":{"line":7,"column":2},"end":{"line":10,"column":5}},"5":{"start":{"line":13,"column":20},"end":{"line":23,"column":1}},"6":{"start":{"line":14,"column":2},"end":{"line":16,"column":3}},"7":{"start":{"line":15,"column":4},"end":{"line":15,"column":30}},"8":{"start":{"line":17,"column":21},"end":{"line":20,"column":3}},"9":{"start":{"line":22,"column":2},"end":{"line":22,"column":34}},"10":{"start":{"line":25,"column":0},"end":{"line":28,"column":2}}},"fnMap":{"0":{"name":"(anonymous_0)","decl":{"start":{"line":6,"column":13},"end":{"line":6,"column":14}},"loc":{"start":{"line":6,"column":34},"end":{"line":11,"column":1}},"line":6},"1":{"name":"(anonymous_1)","decl":{"start":{"line":13,"column":20},"end":{"line":13,"column":21}},"loc":{"start":{"line":13,"column":36},"end":{"line":23,"column":1}},"line":13}},"branchMap":{"0":{"loc":{"start":{"line":6,"column":14},"end":{"line":6,"column":29}},"type":"default-arg","locations":[{"start":{"line":6,"column":21},"end":{"line":6,"column":29}}],"line":6},"1":{"loc":{"start":{"line":13,"column":21},"end":{"line":13,"column":31}},"type":"default-arg","locations":[{"start":{"line":13,"column":29},"end":{"line":13,"column":31}}],"line":13},"2":{"loc":{"start":{"line":14,"column":2},"end":{"line":16,"column":3}},"type":"if","locations":[{"start":{"line":14,"column":2},"end":{"line":16,"column":3}},{"start":{},"end":{}}],"line":14}},"s":{"0":1,"1":1,"2":1,"3":1,"4":1,"5":1,"6":72,"7":0,"8":72,"9":72,"10":1},"f":{"0":1,"1":72},"b":{"0":[1],"1":[0],"2":[0,72]},"_coverageSchema":"1a1c01bbd47fc00a2c39e90264f33305004495a9","hash":"ff3a89ee672a3d40f3fea6344e63481a6619ce73"}
,"/Users/apple/code/node/node-training-project/utility/redis.js": {"path":"/Users/apple/code/node/node-training-project/utility/redis.js","statementMap":{"0":{"start":{"line":1,"column":14},"end":{"line":1,"column":30}},"1":{"start":{"line":2,"column":0},"end":{"line":2,"column":27}},"2":{"start":{"line":4,"column":18},"end":{"line":6,"column":1}},"3":{"start":{"line":5,"column":4},"end":{"line":5,"column":78}},"4":{"start":{"line":8,"column":13},"end":{"line":8,"column":24}},"5":{"start":{"line":9,"column":16},"end":{"line":11,"column":1}},"6":{"start":{"line":10,"column":4},"end":{"line":10,"column":21}},"7":{"start":{"line":13,"column":12},"end":{"line":17,"column":1}},"8":{"start":{"line":14,"column":17},"end":{"line":14,"column":38}},"9":{"start":{"line":15,"column":4},"end":{"line":15,"column":22}},"10":{"start":{"line":16,"column":4},"end":{"line":16,"column":16}},"11":{"start":{"line":19,"column":12},"end":{"line":23,"column":1}},"12":{"start":{"line":20,"column":2},"end":{"line":21,"column":25}},"13":{"start":{"line":21,"column":4},"end":{"line":21,"column":25}},"14":{"start":{"line":22,"column":4},"end":{"line":22,"column":78}},"15":{"start":{"line":25,"column":14},"end":{"line":27,"column":1}},"16":{"start":{"line":26,"column":2},"end":{"line":26,"column":30}},"17":{"start":{"line":29,"column":12},"end":{"line":31,"column":1}},"18":{"start":{"line":30,"column":2},"end":{"line":30,"column":31}},"19":{"start":{"line":33,"column":0},"end":{"line":39,"column":2}}},"fnMap":{"0":{"name":"(anonymous_0)","decl":{"start":{"line":4,"column":18},"end":{"line":4,"column":19}},"loc":{"start":{"line":4,"column":24},"end":{"line":6,"column":1}},"line":4},"1":{"name":"(anonymous_1)","decl":{"start":{"line":9,"column":16},"end":{"line":9,"column":17}},"loc":{"start":{"line":9,"column":22},"end":{"line":11,"column":1}},"line":9},"2":{"name":"(anonymous_2)","decl":{"start":{"line":13,"column":12},"end":{"line":13,"column":13}},"loc":{"start":{"line":13,"column":27},"end":{"line":17,"column":1}},"line":13},"3":{"name":"(anonymous_3)","decl":{"start":{"line":19,"column":12},"end":{"line":19,"column":13}},"loc":{"start":{"line":19,"column":44},"end":{"line":23,"column":1}},"line":19},"4":{"name":"(anonymous_4)","decl":{"start":{"line":25,"column":14},"end":{"line":25,"column":15}},"loc":{"start":{"line":25,"column":26},"end":{"line":27,"column":1}},"line":25},"5":{"name":"(anonymous_5)","decl":{"start":{"line":29,"column":12},"end":{"line":29,"column":13}},"loc":{"start":{"line":29,"column":27},"end":{"line":31,"column":1}},"line":29}},"branchMap":{"0":{"loc":{"start":{"line":19,"column":31},"end":{"line":19,"column":39}},"type":"default-arg","locations":[{"start":{"line":19,"column":38},"end":{"line":19,"column":39}}],"line":19},"1":{"loc":{"start":{"line":20,"column":2},"end":{"line":21,"column":25}},"type":"if","locations":[{"start":{"line":20,"column":2},"end":{"line":21,"column":25}},{"start":{},"end":{}}],"line":20}},"s":{"0":1,"1":1,"2":1,"3":1,"4":1,"5":1,"6":1,"7":1,"8":3,"9":3,"10":3,"11":1,"12":6,"13":0,"14":6,"15":1,"16":0,"17":1,"18":0,"19":1},"f":{"0":1,"1":1,"2":3,"3":6,"4":0,"5":0},"b":{"0":[3],"1":[0,6]},"_coverageSchema":"1a1c01bbd47fc00a2c39e90264f33305004495a9","hash":"2b8ed668aa543eff70bf4e8b3ddd388e8dfa8cd1"}
,"/Users/apple/code/node/node-training-project/utility/serializers.js": {"path":"/Users/apple/code/node/node-training-project/utility/serializers.js","statementMap":{"0":{"start":{"line":1,"column":15},"end":{"line":1,"column":32}},"1":{"start":{"line":4,"column":27},"end":{"line":4,"column":57}},"2":{"start":{"line":5,"column":15},"end":{"line":5,"column":21}},"3":{"start":{"line":7,"column":2},"end":{"line":9,"column":3}},"4":{"start":{"line":8,"column":4},"end":{"line":8,"column":16}},"5":{"start":{"line":10,"column":2},"end":{"line":21,"column":3}},"6":{"start":{"line":11,"column":26},"end":{"line":11,"column":58}},"7":{"start":{"line":12,"column":4},"end":{"line":17,"column":7}},"8":{"start":{"line":13,"column":6},"end":{"line":15,"column":7}},"9":{"start":{"line":14,"column":8},"end":{"line":14,"column":15}},"10":{"start":{"line":16,"column":6},"end":{"line":16,"column":34}},"11":{"start":{"line":18,"column":4},"end":{"line":18,"column":25}},"12":{"start":{"line":20,"column":4},"end":{"line":20,"column":16}},"13":{"start":{"line":25,"column":2},"end":{"line":27,"column":3}},"14":{"start":{"line":26,"column":4},"end":{"line":26,"column":33}},"15":{"start":{"line":28,"column":2},"end":{"line":28,"column":23}},"16":{"start":{"line":31,"column":0},"end":{"line":62,"column":2}},"17":{"start":{"line":33,"column":4},"end":{"line":35,"column":5}},"18":{"start":{"line":34,"column":6},"end":{"line":34,"column":17}},"19":{"start":{"line":37,"column":15},"end":{"line":37,"column":42}},"20":{"start":{"line":38,"column":16},"end":{"line":38,"column":44}},"21":{"start":{"line":40,"column":4},"end":{"line":50,"column":6}},"22":{"start":{"line":53,"column":4},"end":{"line":55,"column":5}},"23":{"start":{"line":54,"column":6},"end":{"line":54,"column":17}},"24":{"start":{"line":57,"column":4},"end":{"line":59,"column":6}}},"fnMap":{"0":{"name":"maskSensitiveData","decl":{"start":{"line":3,"column":9},"end":{"line":3,"column":26}},"loc":{"start":{"line":3,"column":33},"end":{"line":22,"column":1}},"line":3},"1":{"name":"(anonymous_1)","decl":{"start":{"line":12,"column":29},"end":{"line":12,"column":30}},"loc":{"start":{"line":12,"column":38},"end":{"line":17,"column":5}},"line":12},"2":{"name":"stringify","decl":{"start":{"line":24,"column":9},"end":{"line":24,"column":18}},"loc":{"start":{"line":24,"column":26},"end":{"line":29,"column":1}},"line":24},"3":{"name":"reqSerializer","decl":{"start":{"line":32,"column":16},"end":{"line":32,"column":29}},"loc":{"start":{"line":32,"column":35},"end":{"line":51,"column":3}},"line":32},"4":{"name":"resSerializer","decl":{"start":{"line":52,"column":16},"end":{"line":52,"column":29}},"loc":{"start":{"line":52,"column":35},"end":{"line":60,"column":3}},"line":52}},"branchMap":{"0":{"loc":{"start":{"line":7,"column":2},"end":{"line":9,"column":3}},"type":"if","locations":[{"start":{"line":7,"column":2},"end":{"line":9,"column":3}},{"start":{},"end":{}}],"line":7},"1":{"loc":{"start":{"line":13,"column":6},"end":{"line":15,"column":7}},"type":"if","locations":[{"start":{"line":13,"column":6},"end":{"line":15,"column":7}},{"start":{},"end":{}}],"line":13},"2":{"loc":{"start":{"line":25,"column":2},"end":{"line":27,"column":3}},"type":"if","locations":[{"start":{"line":25,"column":2},"end":{"line":27,"column":3}},{"start":{},"end":{}}],"line":25},"3":{"loc":{"start":{"line":33,"column":4},"end":{"line":35,"column":5}},"type":"if","locations":[{"start":{"line":33,"column":4},"end":{"line":35,"column":5}},{"start":{},"end":{}}],"line":33},"4":{"loc":{"start":{"line":53,"column":4},"end":{"line":55,"column":5}},"type":"if","locations":[{"start":{"line":53,"column":4},"end":{"line":55,"column":5}},{"start":{},"end":{}}],"line":53}},"s":{"0":1,"1":288,"2":288,"3":288,"4":0,"5":288,"6":288,"7":288,"8":864,"9":628,"10":236,"11":288,"12":0,"13":288,"14":288,"15":0,"16":1,"17":144,"18":0,"19":144,"20":144,"21":144,"22":72,"23":0,"24":72},"f":{"0":288,"1":864,"2":288,"3":144,"4":72},"b":{"0":[0,288],"1":[628,236],"2":[288,0],"3":[0,144],"4":[0,72]},"_coverageSchema":"1a1c01bbd47fc00a2c39e90264f33305004495a9","hash":"ac0fb2d2058312e196aaf79d7941e1df65cc8b1c"}
,"/Users/apple/code/node/node-training-project/validators/designation.validator.js": {"path":"/Users/apple/code/node/node-training-project/validators/designation.validator.js","statementMap":{"0":{"start":{"line":1,"column":12},"end":{"line":1,"column":26}},"1":{"start":{"line":2,"column":28},"end":{"line":2,"column":71}},"2":{"start":{"line":4,"column":0},"end":{"line":13,"column":1}},"3":{"start":{"line":6,"column":23},"end":{"line":9,"column":10}},"4":{"start":{"line":11,"column":8},"end":{"line":11,"column":56}}},"fnMap":{"0":{"name":"(anonymous_0)","decl":{"start":{"line":5,"column":23},"end":{"line":5,"column":24}},"loc":{"start":{"line":5,"column":49},"end":{"line":12,"column":5}},"line":5}},"branchMap":{},"s":{"0":1,"1":1,"2":1,"3":0,"4":0},"f":{"0":0},"b":{},"_coverageSchema":"1a1c01bbd47fc00a2c39e90264f33305004495a9","hash":"1ddd13192a065316958ea26bc75f699c1d29369c"}
,"/Users/apple/code/node/node-training-project/validators/index.js": {"path":"/Users/apple/code/node/node-training-project/validators/index.js","statementMap":{"0":{"start":{"line":1,"column":22},"end":{"line":1,"column":49}},"1":{"start":{"line":2,"column":26},"end":{"line":2,"column":61}},"2":{"start":{"line":3,"column":29},"end":{"line":3,"column":63}},"3":{"start":{"line":4,"column":0},"end":{"line":8,"column":1}}},"fnMap":{},"branchMap":{},"s":{"0":1,"1":1,"2":1,"3":1},"f":{},"b":{},"_coverageSchema":"1a1c01bbd47fc00a2c39e90264f33305004495a9","hash":"ef637dcf11395e103faf58a2b931bcea4b7cf0c3"}
,"/Users/apple/code/node/node-training-project/validators/user.validator.js": {"path":"/Users/apple/code/node/node-training-project/validators/user.validator.js","statementMap":{"0":{"start":{"line":1,"column":12},"end":{"line":1,"column":26}},"1":{"start":{"line":2,"column":27},"end":{"line":2,"column":61}},"2":{"start":{"line":3,"column":26},"end":{"line":3,"column":69}},"3":{"start":{"line":5,"column":26},"end":{"line":12,"column":1}},"4":{"start":{"line":14,"column":0},"end":{"line":108,"column":2}},"5":{"start":{"line":17,"column":23},"end":{"line":20,"column":10}},"6":{"start":{"line":21,"column":8},"end":{"line":21,"column":56}},"7":{"start":{"line":25,"column":23},"end":{"line":35,"column":10}},"8":{"start":{"line":36,"column":8},"end":{"line":36,"column":56}},"9":{"start":{"line":40,"column":23},"end":{"line":48,"column":10}},"10":{"start":{"line":49,"column":8},"end":{"line":49,"column":56}},"11":{"start":{"line":53,"column":23},"end":{"line":55,"column":10}},"12":{"start":{"line":56,"column":8},"end":{"line":56,"column":56}},"13":{"start":{"line":60,"column":23},"end":{"line":62,"column":10}},"14":{"start":{"line":63,"column":8},"end":{"line":63,"column":56}},"15":{"start":{"line":67,"column":23},"end":{"line":69,"column":10}},"16":{"start":{"line":70,"column":8},"end":{"line":70,"column":58}},"17":{"start":{"line":74,"column":23},"end":{"line":77,"column":10}},"18":{"start":{"line":78,"column":8},"end":{"line":78,"column":56}},"19":{"start":{"line":82,"column":22},"end":{"line":84,"column":10}},"20":{"start":{"line":85,"column":8},"end":{"line":85,"column":56}},"21":{"start":{"line":89,"column":23},"end":{"line":91,"column":10}},"22":{"start":{"line":92,"column":8},"end":{"line":92,"column":56}},"23":{"start":{"line":96,"column":23},"end":{"line":98,"column":10}},"24":{"start":{"line":99,"column":8},"end":{"line":99,"column":56}},"25":{"start":{"line":103,"column":23},"end":{"line":105,"column":10}},"26":{"start":{"line":106,"column":8},"end":{"line":106,"column":58}}},"fnMap":{"0":{"name":"(anonymous_0)","decl":{"start":{"line":16,"column":17},"end":{"line":16,"column":18}},"loc":{"start":{"line":16,"column":43},"end":{"line":22,"column":5}},"line":16},"1":{"name":"(anonymous_1)","decl":{"start":{"line":24,"column":22},"end":{"line":24,"column":23}},"loc":{"start":{"line":24,"column":48},"end":{"line":37,"column":5}},"line":24},"2":{"name":"(anonymous_2)","decl":{"start":{"line":39,"column":24},"end":{"line":39,"column":25}},"loc":{"start":{"line":39,"column":50},"end":{"line":50,"column":5}},"line":39},"3":{"name":"(anonymous_3)","decl":{"start":{"line":52,"column":24},"end":{"line":52,"column":25}},"loc":{"start":{"line":52,"column":50},"end":{"line":57,"column":5}},"line":52},"4":{"name":"(anonymous_4)","decl":{"start":{"line":59,"column":25},"end":{"line":59,"column":26}},"loc":{"start":{"line":59,"column":51},"end":{"line":64,"column":5}},"line":59},"5":{"name":"(anonymous_5)","decl":{"start":{"line":66,"column":31},"end":{"line":66,"column":32}},"loc":{"start":{"line":66,"column":57},"end":{"line":71,"column":5}},"line":66},"6":{"name":"(anonymous_6)","decl":{"start":{"line":73,"column":30},"end":{"line":73,"column":31}},"loc":{"start":{"line":73,"column":56},"end":{"line":79,"column":5}},"line":73},"7":{"name":"(anonymous_7)","decl":{"start":{"line":81,"column":20},"end":{"line":81,"column":21}},"loc":{"start":{"line":81,"column":46},"end":{"line":86,"column":5}},"line":81},"8":{"name":"(anonymous_8)","decl":{"start":{"line":88,"column":22},"end":{"line":88,"column":23}},"loc":{"start":{"line":88,"column":48},"end":{"line":93,"column":5}},"line":88},"9":{"name":"(anonymous_9)","decl":{"start":{"line":95,"column":26},"end":{"line":95,"column":27}},"loc":{"start":{"line":95,"column":52},"end":{"line":100,"column":5}},"line":95},"10":{"name":"(anonymous_10)","decl":{"start":{"line":102,"column":23},"end":{"line":102,"column":24}},"loc":{"start":{"line":102,"column":49},"end":{"line":107,"column":5}},"line":102}},"branchMap":{},"s":{"0":1,"1":1,"2":1,"3":1,"4":1,"5":7,"6":7,"7":32,"8":32,"9":25,"10":25,"11":0,"12":0,"13":0,"14":0,"15":0,"16":0,"17":0,"18":0,"19":0,"20":0,"21":0,"22":0,"23":0,"24":0,"25":0,"26":0},"f":{"0":7,"1":32,"2":25,"3":0,"4":0,"5":0,"6":0,"7":0,"8":0,"9":0,"10":0},"b":{},"_coverageSchema":"1a1c01bbd47fc00a2c39e90264f33305004495a9","hash":"3d4609b5905b8ebf0463a717695b25ed5cc5cf0c"}
,"/Users/apple/code/node/node-training-project/validators/userReportee.validator.js": {"path":"/Users/apple/code/node/node-training-project/validators/userReportee.validator.js","statementMap":{"0":{"start":{"line":1,"column":12},"end":{"line":1,"column":26}},"1":{"start":{"line":2,"column":28},"end":{"line":2,"column":71}},"2":{"start":{"line":5,"column":0},"end":{"line":21,"column":2}},"3":{"start":{"line":7,"column":23},"end":{"line":9,"column":10}},"4":{"start":{"line":10,"column":8},"end":{"line":10,"column":56}},"5":{"start":{"line":14,"column":23},"end":{"line":17,"column":10}},"6":{"start":{"line":18,"column":8},"end":{"line":18,"column":56}}},"fnMap":{"0":{"name":"(anonymous_0)","decl":{"start":{"line":6,"column":24},"end":{"line":6,"column":25}},"loc":{"start":{"line":6,"column":50},"end":{"line":11,"column":5}},"line":6},"1":{"name":"(anonymous_1)","decl":{"start":{"line":13,"column":25},"end":{"line":13,"column":26}},"loc":{"start":{"line":13,"column":51},"end":{"line":19,"column":5}},"line":13}},"branchMap":{},"s":{"0":1,"1":1,"2":1,"3":0,"4":0,"5":0,"6":0},"f":{"0":0,"1":0},"b":{},"_coverageSchema":"1a1c01bbd47fc00a2c39e90264f33305004495a9","hash":"60b47b840e78efac0747a29967b3fe12da9796f0"}
}
