TN:
SF:app.js
FN:27,(anonymous_0)
FN:35,(anonymous_1)
FNF:2
FNH:0
FNDA:0,(anonymous_0)
FNDA:0,(anonymous_1)
DA:1,1
DA:2,1
DA:3,1
DA:4,1
DA:5,1
DA:6,1
DA:7,1
DA:9,1
DA:10,1
DA:13,1
DA:16,1
DA:19,1
DA:22,1
DA:25,1
DA:27,1
DA:28,0
DA:32,1
DA:35,1
DA:36,0
DA:37,0
DA:41,1
LF:21
LH:18
BRF:0
BRH:0
end_of_record
TN:
SF:config/config.js
FNF:0
FNH:0
DA:1,1
DA:2,1
LF:2
LH:2
BRF:0
BRH:0
end_of_record
TN:
SF:controllers/designation.controller.js
FN:5,(anonymous_0)
FN:17,(anonymous_1)
FNF:2
FNH:0
FNDA:0,(anonymous_0)
FNDA:0,(anonymous_1)
DA:2,1
DA:3,1
DA:5,1
DA:6,0
DA:7,0
DA:8,0
DA:9,0
DA:10,0
DA:11,0
DA:13,0
DA:17,1
DA:18,0
DA:19,0
DA:20,0
DA:21,0
DA:22,0
DA:24,0
DA:28,1
LF:18
LH:5
BRF:0
BRH:0
end_of_record
TN:
SF:controllers/index.js
FNF:0
FNH:0
DA:1,1
DA:2,1
DA:3,1
DA:4,1
LF:4
LH:4
BRF:0
BRH:0
end_of_record
TN:
SF:controllers/user.controller.js
FN:5,(anonymous_0)
FN:17,(anonymous_1)
FN:32,(anonymous_2)
FN:44,(anonymous_3)
FN:57,(anonymous_4)
FN:69,(anonymous_5)
FN:82,(anonymous_6)
FN:93,(anonymous_7)
FN:107,(anonymous_8)
FN:122,(anonymous_9)
FN:133,(anonymous_10)
FN:146,(anonymous_11)
FN:159,(anonymous_12)
FN:173,(anonymous_13)
FNF:14
FNH:2
FNDA:3,(anonymous_0)
FNDA:0,(anonymous_1)
FNDA:0,(anonymous_2)
FNDA:0,(anonymous_3)
FNDA:0,(anonymous_4)
FNDA:0,(anonymous_5)
FNDA:0,(anonymous_6)
FNDA:0,(anonymous_7)
FNDA:0,(anonymous_8)
FNDA:0,(anonymous_9)
FNDA:0,(anonymous_10)
FNDA:0,(anonymous_11)
FNDA:4,(anonymous_12)
FNDA:0,(anonymous_13)
DA:1,1
DA:2,1
DA:5,1
DA:6,3
DA:7,3
DA:8,3
DA:9,3
DA:10,1
DA:11,1
DA:13,2
DA:17,1
DA:18,0
DA:19,0
DA:20,0
DA:22,0
DA:23,0
DA:24,0
DA:26,0
DA:27,0
DA:28,0
DA:32,1
DA:33,0
DA:34,0
DA:35,0
DA:36,0
DA:37,0
DA:40,0
DA:44,1
DA:45,0
DA:46,0
DA:47,0
DA:48,0
DA:49,0
DA:50,0
DA:52,0
DA:53,0
DA:54,0
DA:57,1
DA:58,0
DA:59,0
DA:60,0
DA:61,0
DA:62,0
DA:64,0
DA:69,1
DA:70,0
DA:71,0
DA:72,0
DA:73,0
DA:74,0
DA:76,0
DA:82,1
DA:83,0
DA:84,0
DA:85,0
DA:86,0
DA:87,0
DA:89,0
DA:93,1
DA:94,0
DA:95,0
DA:98,0
DA:99,0
DA:100,0
DA:102,0
DA:107,1
DA:108,0
DA:109,0
DA:110,0
DA:114,0
DA:115,0
DA:116,0
DA:118,0
DA:122,1
DA:123,0
DA:124,0
DA:125,0
DA:126,0
DA:127,0
DA:130,0
DA:133,1
DA:134,0
DA:136,0
DA:137,0
DA:138,0
DA:139,0
DA:142,0
DA:146,1
DA:147,0
DA:149,0
DA:150,0
DA:151,0
DA:152,0
DA:155,0
DA:159,1
DA:160,4
DA:161,4
DA:162,4
DA:163,4
DA:164,3
DA:166,1
DA:167,1
DA:169,3
DA:173,1
DA:174,0
DA:175,0
DA:176,0
DA:177,0
DA:178,0
DA:180,0
DA:184,1
LF:111
LH:32
BRDA:47,0,0,0
BRDA:47,0,1,0
BRDA:163,1,0,3
BRDA:163,1,1,1
BRF:4
BRH:2
end_of_record
TN:
SF:controllers/userReportee.controller.js
FN:5,(anonymous_0)
FN:17,(anonymous_1)
FN:28,(anonymous_2)
FN:40,(anonymous_3)
FNF:4
FNH:0
FNDA:0,(anonymous_0)
FNDA:0,(anonymous_1)
FNDA:0,(anonymous_2)
FNDA:0,(anonymous_3)
DA:1,1
DA:2,1
DA:5,1
DA:6,0
DA:7,0
DA:8,0
DA:9,0
DA:10,0
DA:11,0
DA:13,0
DA:17,1
DA:18,0
DA:19,0
DA:20,0
DA:21,0
DA:22,0
DA:24,0
DA:28,1
DA:29,0
DA:30,0
DA:31,0
DA:32,0
DA:33,0
DA:34,0
DA:36,0
DA:40,1
DA:41,0
DA:42,0
DA:43,0
DA:44,0
DA:45,0
DA:47,0
DA:51,1
LF:33
LH:7
BRF:0
BRH:0
end_of_record
TN:
SF:helper/commonFunctions.helper.js
FN:4,(anonymous_0)
FN:30,(anonymous_1)
FN:34,(anonymous_2)
FNF:3
FNH:3
FNDA:39,(anonymous_0)
FNDA:32,(anonymous_1)
FNDA:41,(anonymous_2)
DA:1,1
DA:4,1
DA:6,39
DA:7,39
DA:8,39
DA:9,0
DA:10,0
DA:12,0
DA:15,39
DA:17,39
DA:18,7
DA:19,7
DA:20,0
DA:21,0
DA:23,0
DA:25,7
DA:26,7
DA:29,32
DA:30,32
DA:31,32
DA:34,1
DA:35,41
DA:94,41
DA:95,41
DA:96,0
DA:98,41
DA:102,1
LF:27
LH:20
BRDA:7,0,0,39
BRDA:7,0,1,0
BRDA:9,1,0,0
BRDA:9,1,1,0
BRDA:17,2,0,7
BRDA:17,2,1,32
BRDA:18,3,0,7
BRDA:18,3,1,0
BRDA:20,4,0,0
BRDA:20,4,1,0
BRDA:95,5,0,0
BRDA:95,5,1,41
BRF:12
BRH:5
end_of_record
TN:
SF:helper/errorHandler.js
FN:3,(anonymous_0)
FNF:1
FNH:1
FNDA:37,(anonymous_0)
DA:1,1
DA:3,1
DA:4,37
DA:5,37
DA:6,37
DA:9,37
DA:10,5
DA:12,37
DA:14,37
DA:20,37
DA:24,1
LF:11
LH:11
BRDA:3,0,0,0
BRDA:3,1,0,32
BRDA:5,2,0,37
BRDA:5,2,1,0
BRDA:9,3,0,5
BRDA:9,3,1,32
BRDA:9,4,0,37
BRDA:9,4,1,5
BRF:8
BRH:6
end_of_record
TN:
SF:helper/generic-response.js
FN:2,(anonymous_0)
FNF:1
FNH:1
FNDA:2,(anonymous_0)
DA:1,1
DA:3,2
DA:8,2
LF:3
LH:3
BRDA:5,0,0,2
BRDA:5,0,1,0
BRF:2
BRH:1
end_of_record
TN:
SF:helper/sendmail.js
FN:18,sendMail
FNF:1
FNH:0
FNDA:0,sendMail
DA:1,1
DA:2,1
DA:3,1
DA:6,1
DA:7,1
DA:8,1
DA:9,1
DA:11,1
DA:16,1
DA:19,0
DA:20,0
DA:22,0
DA:34,0
DA:41,0
DA:43,0
DA:45,0
DA:50,1
LF:17
LH:10
BRF:0
BRH:0
end_of_record
TN:
SF:middlewares/auth.js
FN:4,(anonymous_0)
FN:31,(anonymous_1)
FNF:2
FNH:1
FNDA:34,(anonymous_0)
FNDA:0,(anonymous_1)
DA:1,1
DA:2,1
DA:3,1
DA:4,1
DA:5,34
DA:6,34
DA:7,34
DA:8,34
DA:9,1
DA:12,33
DA:13,33
DA:14,33
DA:20,33
DA:21,0
DA:23,33
DA:25,33
DA:27,1
DA:31,1
DA:32,0
DA:33,0
DA:34,0
DA:35,0
DA:36,0
DA:38,0
DA:39,0
DA:40,0
DA:42,0
DA:43,0
DA:45,0
DA:49,1
LF:30
LH:18
BRDA:7,0,0,33
BRDA:7,0,1,1
BRDA:8,1,0,1
BRDA:8,1,1,33
BRDA:20,2,0,0
BRDA:20,2,1,33
BRDA:34,3,0,0
BRDA:34,3,1,0
BRDA:35,4,0,0
BRDA:35,4,1,0
BRDA:39,5,0,0
BRDA:39,5,1,0
BRF:12
BRH:5
end_of_record
TN:
SF:middlewares/req-res-logger.js
FN:4,logRequest
FN:17,logResponse
FN:49,(anonymous_2)
FNF:3
FNH:3
FNDA:41,logRequest
FNDA:41,logResponse
FNDA:41,(anonymous_2)
DA:1,1
DA:2,1
DA:5,41
DA:11,41
DA:12,41
DA:13,41
DA:18,41
DA:19,41
DA:21,41
DA:22,41
DA:24,41
DA:31,41
DA:32,33
DA:35,41
DA:36,5
DA:37,5
DA:38,5
DA:42,41
DA:43,41
DA:44,41
DA:45,41
DA:49,1
DA:50,41
DA:55,41
DA:56,0
DA:59,41
DA:62,41
DA:63,0
DA:67,41
DA:69,41
DA:71,41
LF:31
LH:29
BRDA:12,0,0,41
BRDA:12,0,1,0
BRDA:31,1,0,33
BRDA:31,1,1,8
BRDA:35,2,0,5
BRDA:35,2,1,36
BRDA:37,3,0,5
BRDA:37,3,1,0
BRDA:44,4,0,41
BRDA:44,4,1,0
BRDA:55,5,0,0
BRDA:55,5,1,41
BRDA:62,6,0,0
BRDA:62,6,1,41
BRF:14
BRH:9
end_of_record
TN:
SF:middlewares/user-verification.js
FN:1,(anonymous_0)
FNF:1
FNH:1
FNDA:33,(anonymous_0)
DA:1,1
DA:2,33
DA:3,33
DA:4,32
DA:6,1
DA:9,0
DA:13,1
LF:7
LH:6
BRDA:3,0,0,32
BRDA:3,0,1,1
BRF:2
BRH:2
end_of_record
TN:
SF:models/designation.model.js
FN:3,(anonymous_0)
FN:5,(anonymous_1)
FNF:2
FNH:2
FNDA:1,(anonymous_0)
FNDA:1,(anonymous_1)
DA:2,1
DA:3,1
DA:6,1
DA:12,1
DA:30,1
LF:5
LH:5
BRF:0
BRH:0
end_of_record
TN:
SF:models/index.js
FN:21,(anonymous_0)
FN:24,(anonymous_1)
FN:29,(anonymous_2)
FNF:3
FNH:3
FNDA:7,(anonymous_0)
FNDA:6,(anonymous_1)
FNDA:6,(anonymous_2)
DA:3,1
DA:4,1
DA:5,1
DA:6,1
DA:7,1
DA:8,1
DA:9,1
DA:10,1
DA:13,1
DA:14,0
DA:16,1
DA:19,1
DA:22,7
DA:25,6
DA:26,6
DA:29,1
DA:30,6
DA:31,6
DA:35,1
DA:36,1
DA:38,1
LF:21
LH:20
BRDA:8,0,0,1
BRDA:8,0,1,0
BRDA:13,1,0,0
BRDA:13,1,1,1
BRDA:22,2,0,7
BRDA:22,2,1,7
BRDA:22,2,2,6
BRDA:30,3,0,6
BRDA:30,3,1,0
BRF:9
BRH:6
end_of_record
TN:
SF:models/role.model.js
FN:3,(anonymous_0)
FN:5,(anonymous_1)
FNF:2
FNH:2
FNDA:1,(anonymous_0)
FNDA:1,(anonymous_1)
DA:2,1
DA:3,1
DA:6,1
DA:12,1
DA:34,1
LF:5
LH:5
BRF:0
BRH:0
end_of_record
TN:
SF:models/user.model.js
FN:3,(anonymous_0)
FN:5,(anonymous_1)
FNF:2
FNH:2
FNDA:1,(anonymous_0)
FNDA:1,(anonymous_1)
DA:2,1
DA:3,1
DA:6,1
DA:11,1
DA:16,1
DA:22,1
DA:30,1
DA:89,1
LF:8
LH:8
BRF:0
BRH:0
end_of_record
TN:
SF:models/userDesignationMapping.model.js
FN:3,(anonymous_0)
FN:5,(anonymous_1)
FNF:2
FNH:2
FNDA:1,(anonymous_0)
FNDA:1,(anonymous_1)
DA:2,1
DA:3,1
DA:6,1
DA:9,1
DA:14,1
DA:39,1
LF:6
LH:6
BRF:0
BRH:0
end_of_record
TN:
SF:models/userReporteeMapping.model.js
FN:3,(anonymous_0)
FN:5,(anonymous_1)
FNF:2
FNH:2
FNDA:1,(anonymous_0)
FNDA:1,(anonymous_1)
DA:2,1
DA:3,1
DA:6,1
DA:10,1
DA:16,1
DA:41,1
LF:6
LH:6
BRF:0
BRH:0
end_of_record
TN:
SF:models/userRoleMapping.model.js
FN:3,(anonymous_0)
FN:5,(anonymous_1)
FNF:2
FNH:2
FNDA:1,(anonymous_0)
FNDA:1,(anonymous_1)
DA:2,1
DA:3,1
DA:6,1
DA:9,1
DA:14,1
DA:40,1
LF:6
LH:6
BRF:0
BRH:0
end_of_record
TN:
SF:routes/admin.route.js
FNF:0
FNH:0
DA:1,1
DA:3,1
DA:4,1
DA:5,1
DA:6,1
DA:7,1
DA:9,1
DA:11,1
DA:20,1
DA:28,1
DA:37,1
DA:46,1
DA:56,1
DA:63,1
DA:71,1
DA:80,1
DA:88,1
DA:96,1
LF:18
LH:18
BRF:0
BRH:0
end_of_record
TN:
SF:routes/index.js
FN:5,camelCaseToDash
FN:10,(anonymous_1)
FN:13,(anonymous_2)
FN:26,(anonymous_3)
FNF:4
FNH:4
FNDA:2,camelCaseToDash
FNDA:1,(anonymous_1)
FNDA:3,(anonymous_2)
FNDA:1,(anonymous_3)
DA:1,1
DA:2,1
DA:3,1
DA:6,2
DA:10,1
DA:11,1
DA:13,1
DA:14,3
DA:15,3
DA:16,2
DA:22,1
DA:26,1
DA:27,1
DA:29,1
DA:30,2
DA:31,2
DA:35,1
LF:17
LH:17
BRDA:15,0,0,2
BRDA:15,0,1,1
BRDA:15,1,0,3
BRDA:15,1,1,3
BRF:4
BRH:4
end_of_record
TN:
SF:routes/user.route.js
FNF:0
FNH:0
DA:1,1
DA:3,1
DA:4,1
DA:5,1
DA:6,1
DA:8,1
DA:11,1
DA:17,1
DA:23,1
DA:29,1
DA:36,1
DA:43,1
DA:50,1
DA:58,1
DA:66,1
DA:73,1
DA:82,1
LF:17
LH:17
BRF:0
BRH:0
end_of_record
TN:
SF:services/designation.service.js
FN:3,(anonymous_0)
FN:34,(anonymous_1)
FNF:2
FNH:0
FNDA:0,(anonymous_0)
FNDA:0,(anonymous_1)
DA:1,1
DA:3,1
DA:4,0
DA:6,0
DA:12,0
DA:13,0
DA:16,0
DA:18,0
DA:23,0
DA:24,0
DA:27,0
DA:31,0
DA:34,1
DA:35,0
DA:36,0
DA:37,0
DA:43,0
DA:44,0
DA:47,0
DA:52,0
DA:53,0
DA:56,0
DA:63,0
DA:65,0
DA:72,0
DA:75,1
LF:26
LH:4
BRDA:12,0,0,0
BRDA:12,0,1,0
BRDA:23,1,0,0
BRDA:23,1,1,0
BRDA:43,2,0,0
BRDA:43,2,1,0
BRDA:52,3,0,0
BRDA:52,3,1,0
BRDA:63,4,0,0
BRDA:63,4,1,0
BRF:10
BRH:0
end_of_record
TN:
SF:services/user.service.js
FN:12,(anonymous_0)
FN:22,(anonymous_1)
FN:78,(anonymous_2)
FN:90,(anonymous_3)
FN:103,(anonymous_4)
FN:108,(anonymous_5)
FN:139,(anonymous_6)
FN:163,(anonymous_7)
FN:199,(anonymous_8)
FN:227,(anonymous_9)
FN:260,(anonymous_10)
FN:277,(anonymous_11)
FN:352,(anonymous_12)
FNF:13
FNH:2
FNDA:0,(anonymous_0)
FNDA:3,(anonymous_1)
FNDA:0,(anonymous_2)
FNDA:0,(anonymous_3)
FNDA:0,(anonymous_4)
FNDA:0,(anonymous_5)
FNDA:0,(anonymous_6)
FNDA:0,(anonymous_7)
FNDA:0,(anonymous_8)
FNDA:0,(anonymous_9)
FNDA:0,(anonymous_10)
FNDA:8,(anonymous_11)
FNDA:0,(anonymous_12)
DA:1,1
DA:2,1
DA:3,1
DA:4,1
DA:5,1
DA:6,1
DA:7,1
DA:8,1
DA:9,1
DA:10,1
DA:12,1
DA:13,0
DA:14,0
DA:15,0
DA:16,0
DA:17,0
DA:22,1
DA:23,3
DA:25,3
DA:27,3
DA:47,3
DA:48,1
DA:51,2
DA:52,2
DA:53,1
DA:56,1
DA:61,1
DA:67,1
DA:68,1
DA:69,1
DA:71,1
DA:78,1
DA:80,0
DA:84,0
DA:90,1
DA:91,0
DA:92,0
DA:94,0
DA:99,0
DA:103,1
DA:104,0
DA:105,0
DA:108,1
DA:109,0
DA:110,0
DA:111,0
DA:112,0
DA:114,0
DA:115,0
DA:121,0
DA:122,0
DA:125,0
DA:127,0
DA:128,0
DA:135,0
DA:136,0
DA:139,0
DA:140,0
DA:141,0
DA:142,0
DA:143,0
DA:146,0
DA:149,0
DA:150,0
DA:151,0
DA:152,0
DA:154,0
DA:155,0
DA:156,0
DA:158,0
DA:159,0
DA:163,1
DA:164,0
DA:165,0
DA:167,0
DA:168,0
DA:171,0
DA:191,0
DA:192,0
DA:194,0
DA:195,0
DA:199,1
DA:201,0
DA:202,0
DA:208,0
DA:209,0
DA:211,0
DA:212,0
DA:213,0
DA:214,0
DA:216,0
DA:218,0
DA:219,0
DA:220,0
DA:222,0
DA:223,0
DA:227,1
DA:229,0
DA:230,0
DA:231,0
DA:242,0
DA:243,0
DA:246,0
DA:247,0
DA:250,0
DA:256,0
DA:257,0
DA:260,1
DA:261,0
DA:263,0
DA:269,0
DA:270,0
DA:272,0
DA:277,1
DA:278,8
DA:279,8
DA:280,8
DA:281,8
DA:282,8
DA:283,8
DA:286,8
DA:287,1
DA:289,7
DA:296,7
DA:297,7
DA:298,7
DA:305,7
DA:307,1
DA:310,6
DA:321,6
DA:322,6
DA:330,6
DA:331,1
DA:333,5
DA:344,5
DA:345,5
DA:347,3
DA:348,3
DA:352,1
DA:353,0
DA:354,0
DA:355,0
DA:356,0
DA:359,0
DA:360,0
DA:362,0
DA:363,0
DA:364,0
DA:369,0
DA:374,0
DA:375,0
DA:376,0
DA:377,0
DA:378,0
DA:382,1
LF:155
LH:61
BRDA:47,0,0,1
BRDA:47,0,1,2
BRDA:52,1,0,1
BRDA:52,1,1,1
BRDA:91,2,0,0
BRDA:91,2,1,0
BRDA:92,3,0,0
BRDA:92,3,1,0
BRDA:108,4,0,0
BRDA:108,5,0,0
BRDA:109,6,0,0
BRDA:109,6,1,0
BRDA:110,7,0,0
BRDA:110,7,1,0
BRDA:111,8,0,0
BRDA:111,8,1,0
BRDA:112,9,0,0
BRDA:112,9,1,0
BRDA:114,10,0,0
BRDA:114,10,1,0
BRDA:114,11,0,0
BRDA:114,11,1,0
BRDA:121,12,0,0
BRDA:121,12,1,0
BRDA:127,13,0,0
BRDA:127,13,1,0
BRDA:127,14,0,0
BRDA:127,14,1,0
BRDA:135,15,0,0
BRDA:135,15,1,0
BRDA:142,16,0,0
BRDA:142,16,1,0
BRDA:149,17,0,0
BRDA:149,17,1,0
BRDA:151,18,0,0
BRDA:151,18,1,0
BRDA:155,19,0,0
BRDA:155,19,1,0
BRDA:167,20,0,0
BRDA:167,20,1,0
BRDA:191,21,0,0
BRDA:191,21,1,0
BRDA:208,22,0,0
BRDA:208,22,1,0
BRDA:242,23,0,0
BRDA:242,23,1,0
BRDA:246,24,0,0
BRDA:246,24,1,0
BRDA:269,25,0,0
BRDA:269,25,1,0
BRDA:286,26,0,1
BRDA:286,26,1,7
BRDA:297,27,0,7
BRDA:297,27,1,0
BRDA:305,28,0,1
BRDA:305,28,1,6
BRDA:321,29,0,6
BRDA:321,29,1,0
BRDA:330,30,0,1
BRDA:330,30,1,5
BRDA:359,31,0,0
BRDA:359,31,1,0
BRF:62
BRH:12
end_of_record
TN:
SF:services/userReportee.service.js
FN:4,(anonymous_0)
FN:37,(anonymous_1)
FN:71,(anonymous_2)
FN:78,(anonymous_3)
FN:85,(anonymous_4)
FN:91,(anonymous_5)
FNF:6
FNH:0
FNDA:0,(anonymous_0)
FNDA:0,(anonymous_1)
FNDA:0,(anonymous_2)
FNDA:0,(anonymous_3)
FNDA:0,(anonymous_4)
FNDA:0,(anonymous_5)
DA:1,1
DA:4,1
DA:6,0
DA:7,0
DA:9,0
DA:10,0
DA:12,0
DA:16,0
DA:22,0
DA:23,0
DA:24,0
DA:28,0
DA:33,0
DA:37,1
DA:39,0
DA:40,0
DA:42,0
DA:43,0
DA:45,0
DA:46,0
DA:52,0
DA:53,0
DA:59,0
DA:63,0
DA:71,1
DA:72,0
DA:73,0
DA:74,0
DA:75,0
DA:78,1
DA:79,0
DA:81,0
DA:82,0
DA:85,1
DA:86,0
DA:87,0
DA:89,0
DA:91,1
DA:92,0
DA:94,0
DA:97,1
LF:41
LH:8
BRDA:7,0,0,0
BRDA:7,0,1,0
BRDA:10,1,0,0
BRDA:10,1,1,0
BRDA:12,2,0,0
BRDA:12,2,1,0
BRDA:22,3,0,0
BRDA:22,3,1,0
BRDA:40,4,0,0
BRDA:40,4,1,0
BRDA:43,5,0,0
BRDA:43,5,1,0
BRDA:45,6,0,0
BRDA:45,6,1,0
BRDA:52,7,0,0
BRDA:52,7,1,0
BRF:16
BRH:0
end_of_record
TN:
SF:utility/faker.js
FN:3,createRandomUser
FNF:1
FNH:1
FNDA:6,createRandomUser
DA:1,1
DA:5,6
DA:14,6
DA:15,6
DA:16,6
DA:19,1
LF:6
LH:6
BRDA:11,0,0,6
BRDA:11,0,1,0
BRDA:12,1,0,6
BRDA:12,1,1,4
BRF:4
BRH:3
end_of_record
TN:
SF:utility/logger.js
FN:6,(anonymous_0)
FN:13,(anonymous_1)
FNF:2
FNH:2
FNDA:1,(anonymous_0)
FNDA:41,(anonymous_1)
DA:1,1
DA:2,1
DA:3,1
DA:6,1
DA:7,1
DA:13,1
DA:14,41
DA:15,0
DA:17,41
DA:22,41
DA:25,1
LF:11
LH:10
BRDA:6,0,0,1
BRDA:13,1,0,0
BRDA:14,2,0,0
BRDA:14,2,1,41
BRF:4
BRH:2
end_of_record
TN:
SF:utility/redis.js
FN:4,(anonymous_0)
FN:9,(anonymous_1)
FN:13,(anonymous_2)
FN:19,(anonymous_3)
FN:25,(anonymous_4)
FN:29,(anonymous_5)
FNF:6
FNH:3
FNDA:1,(anonymous_0)
FNDA:1,(anonymous_1)
FNDA:0,(anonymous_2)
FNDA:2,(anonymous_3)
FNDA:0,(anonymous_4)
FNDA:0,(anonymous_5)
DA:1,1
DA:2,1
DA:4,1
DA:5,1
DA:8,1
DA:9,1
DA:10,1
DA:13,1
DA:14,0
DA:15,0
DA:16,0
DA:19,1
DA:20,2
DA:21,0
DA:22,2
DA:25,1
DA:26,0
DA:29,1
DA:30,0
DA:33,1
LF:20
LH:14
BRDA:19,0,0,1
BRDA:20,1,0,0
BRDA:20,1,1,2
BRF:3
BRH:2
end_of_record
TN:
SF:utility/serializers.js
FN:3,maskSensitiveData
FN:12,(anonymous_1)
FN:24,stringify
FN:32,reqSerializer
FN:52,resSerializer
FNF:5
FNH:5
FNDA:164,maskSensitiveData
FNDA:492,(anonymous_1)
FNDA:164,stringify
FNDA:82,reqSerializer
FNDA:41,resSerializer
DA:1,1
DA:4,164
DA:5,164
DA:7,164
DA:8,0
DA:10,164
DA:11,164
DA:12,164
DA:13,492
DA:14,346
DA:16,146
DA:18,164
DA:20,0
DA:25,164
DA:26,164
DA:28,0
DA:31,1
DA:33,82
DA:34,0
DA:37,82
DA:38,82
DA:40,82
DA:53,41
DA:54,0
DA:57,41
LF:25
LH:20
BRDA:7,0,0,0
BRDA:7,0,1,164
BRDA:13,1,0,346
BRDA:13,1,1,146
BRDA:25,2,0,164
BRDA:25,2,1,0
BRDA:33,3,0,0
BRDA:33,3,1,82
BRDA:53,4,0,0
BRDA:53,4,1,41
BRF:10
BRH:6
end_of_record
TN:
SF:validators/designation.validator.js
FN:5,(anonymous_0)
FNF:1
FNH:0
FNDA:0,(anonymous_0)
DA:1,1
DA:2,1
DA:4,1
DA:6,0
DA:11,0
LF:5
LH:3
BRF:0
BRH:0
end_of_record
TN:
SF:validators/index.js
FNF:0
FNH:0
DA:1,1
DA:2,1
DA:3,1
DA:4,1
LF:4
LH:4
BRF:0
BRH:0
end_of_record
TN:
SF:validators/user.validator.js
FN:16,(anonymous_0)
FN:24,(anonymous_1)
FN:39,(anonymous_2)
FN:52,(anonymous_3)
FN:59,(anonymous_4)
FN:66,(anonymous_5)
FN:73,(anonymous_6)
FN:81,(anonymous_7)
FN:88,(anonymous_8)
FN:95,(anonymous_9)
FN:102,(anonymous_10)
FNF:11
FNH:2
FNDA:7,(anonymous_0)
FNDA:32,(anonymous_1)
FNDA:0,(anonymous_2)
FNDA:0,(anonymous_3)
FNDA:0,(anonymous_4)
FNDA:0,(anonymous_5)
FNDA:0,(anonymous_6)
FNDA:0,(anonymous_7)
FNDA:0,(anonymous_8)
FNDA:0,(anonymous_9)
FNDA:0,(anonymous_10)
DA:1,1
DA:2,1
DA:3,1
DA:5,1
DA:14,1
DA:17,7
DA:21,7
DA:25,32
DA:36,32
DA:40,0
DA:49,0
DA:53,0
DA:56,0
DA:60,0
DA:63,0
DA:67,0
DA:70,0
DA:74,0
DA:78,0
DA:82,0
DA:85,0
DA:89,0
DA:92,0
DA:96,0
DA:99,0
DA:103,0
DA:106,0
LF:27
LH:9
BRF:0
BRH:0
end_of_record
TN:
SF:validators/userReportee.validator.js
FN:6,(anonymous_0)
FN:13,(anonymous_1)
FNF:2
FNH:0
FNDA:0,(anonymous_0)
FNDA:0,(anonymous_1)
DA:1,1
DA:2,1
DA:5,1
DA:7,0
DA:10,0
DA:14,0
DA:18,0
LF:7
LH:3
BRF:0
BRH:0
end_of_record
