TN:
SF:app.js
FN:27,(anonymous_0)
FN:35,(anonymous_1)
FNF:2
FNH:1
FNDA:0,(anonymous_0)
FNDA:1,(anonymous_1)
DA:1,3
DA:2,3
DA:3,3
DA:4,3
DA:5,3
DA:6,3
DA:7,3
DA:9,3
DA:10,3
DA:13,3
DA:16,3
DA:19,3
DA:22,3
DA:25,3
DA:27,3
DA:28,0
DA:32,3
DA:35,3
DA:36,1
DA:37,1
DA:41,3
LF:21
LH:20
BRF:0
BRH:0
end_of_record
TN:
SF:config/config.js
FNF:0
FNH:0
DA:1,3
DA:2,3
LF:2
LH:2
BRF:0
BRH:0
end_of_record
TN:
SF:controllers/designation.controller.js
FN:5,(anonymous_0)
FN:16,(anonymous_1)
FNF:2
FNH:2
FNDA:4,(anonymous_0)
FNDA:4,(anonymous_1)
DA:2,3
DA:3,3
DA:5,3
DA:6,4
DA:7,4
DA:8,4
DA:9,1
DA:10,1
DA:12,3
DA:16,3
DA:17,4
DA:18,4
DA:19,4
DA:20,1
DA:21,1
DA:23,3
DA:27,3
LF:17
LH:17
BRF:0
BRH:0
end_of_record
TN:
SF:controllers/index.js
FNF:0
FNH:0
DA:1,3
DA:2,3
DA:3,3
DA:4,3
LF:4
LH:4
BRF:0
BRH:0
end_of_record
TN:
SF:controllers/user.controller.js
FN:5,(anonymous_0)
FN:17,(anonymous_1)
FN:29,(anonymous_2)
FN:41,(anonymous_3)
FN:52,(anonymous_4)
FN:64,(anonymous_5)
FN:77,(anonymous_6)
FN:88,(anonymous_7)
FN:102,(anonymous_8)
FN:117,(anonymous_9)
FN:128,(anonymous_10)
FN:141,(anonymous_11)
FN:154,(anonymous_12)
FN:168,(anonymous_13)
FNF:14
FNH:13
FNDA:3,(anonymous_0)
FNDA:1,(anonymous_1)
FNDA:2,(anonymous_2)
FNDA:0,(anonymous_3)
FNDA:1,(anonymous_4)
FNDA:2,(anonymous_5)
FNDA:2,(anonymous_6)
FNDA:1,(anonymous_7)
FNDA:2,(anonymous_8)
FNDA:2,(anonymous_9)
FNDA:3,(anonymous_10)
FNDA:2,(anonymous_11)
FNDA:4,(anonymous_12)
FNDA:2,(anonymous_13)
DA:1,3
DA:2,3
DA:5,3
DA:6,3
DA:7,3
DA:8,3
DA:9,3
DA:10,1
DA:11,1
DA:13,2
DA:17,3
DA:18,1
DA:19,1
DA:20,1
DA:21,1
DA:22,1
DA:23,1
DA:25,0
DA:29,3
DA:30,2
DA:31,2
DA:32,2
DA:33,1
DA:34,1
DA:37,1
DA:41,3
DA:42,0
DA:43,0
DA:44,0
DA:45,0
DA:46,0
DA:47,0
DA:49,0
DA:52,3
DA:53,1
DA:54,1
DA:55,1
DA:56,1
DA:57,1
DA:59,0
DA:64,3
DA:65,2
DA:66,2
DA:67,2
DA:68,1
DA:69,1
DA:71,1
DA:77,3
DA:78,2
DA:79,2
DA:80,2
DA:81,1
DA:82,1
DA:84,1
DA:88,3
DA:89,1
DA:90,1
DA:93,1
DA:94,1
DA:95,1
DA:97,0
DA:102,3
DA:103,2
DA:104,2
DA:105,2
DA:109,2
DA:110,1
DA:111,1
DA:113,1
DA:117,3
DA:118,2
DA:119,2
DA:120,2
DA:121,1
DA:122,1
DA:125,1
DA:128,3
DA:129,3
DA:131,3
DA:132,3
DA:133,1
DA:134,1
DA:137,2
DA:141,3
DA:142,2
DA:144,2
DA:145,2
DA:146,1
DA:147,1
DA:150,1
DA:154,3
DA:155,4
DA:156,4
DA:157,4
DA:158,4
DA:159,3
DA:161,1
DA:162,1
DA:164,3
DA:168,3
DA:169,2
DA:170,2
DA:171,2
DA:172,1
DA:173,1
DA:175,1
DA:179,3
LF:107
LH:97
BRDA:44,0,0,0
BRDA:44,0,1,0
BRDA:158,1,0,3
BRDA:158,1,1,1
BRF:4
BRH:2
end_of_record
TN:
SF:controllers/userReportee.controller.js
FN:5,(anonymous_0)
FN:17,(anonymous_1)
FN:28,(anonymous_2)
FN:39,(anonymous_3)
FNF:4
FNH:4
FNDA:2,(anonymous_0)
FNDA:5,(anonymous_1)
FNDA:2,(anonymous_2)
FNDA:5,(anonymous_3)
DA:1,3
DA:2,3
DA:5,3
DA:6,2
DA:7,2
DA:8,2
DA:9,2
DA:10,1
DA:11,1
DA:13,1
DA:17,3
DA:18,5
DA:19,5
DA:20,5
DA:21,1
DA:22,1
DA:24,4
DA:28,3
DA:29,2
DA:30,2
DA:31,2
DA:32,1
DA:33,1
DA:35,1
DA:39,3
DA:40,5
DA:41,5
DA:42,5
DA:43,1
DA:44,1
DA:46,4
DA:50,3
LF:32
LH:32
BRF:0
BRH:0
end_of_record
TN:
SF:helper/commonFunctions.helper.js
FN:4,(anonymous_0)
FN:30,(anonymous_1)
FN:34,(anonymous_2)
FNF:3
FNH:3
FNDA:123,(anonymous_0)
FNDA:74,(anonymous_1)
FNDA:148,(anonymous_2)
DA:1,3
DA:4,3
DA:6,123
DA:7,123
DA:8,116
DA:9,7
DA:10,0
DA:12,7
DA:15,123
DA:17,123
DA:18,49
DA:19,43
DA:20,6
DA:21,0
DA:23,6
DA:25,49
DA:26,49
DA:29,74
DA:30,74
DA:31,74
DA:34,3
DA:35,148
DA:94,148
DA:95,148
DA:96,0
DA:98,148
DA:102,3
LF:27
LH:24
BRDA:7,0,0,116
BRDA:7,0,1,7
BRDA:9,1,0,0
BRDA:9,1,1,7
BRDA:17,2,0,49
BRDA:17,2,1,74
BRDA:18,3,0,43
BRDA:18,3,1,6
BRDA:20,4,0,0
BRDA:20,4,1,6
BRDA:95,5,0,0
BRDA:95,5,1,148
BRF:12
BRH:9
end_of_record
TN:
SF:helper/errorHandler.js
FN:3,(anonymous_0)
FNF:1
FNH:1
FNDA:105,(anonymous_0)
DA:1,3
DA:3,3
DA:4,105
DA:5,105
DA:6,105
DA:9,105
DA:10,30
DA:12,105
DA:14,105
DA:20,105
DA:24,3
LF:11
LH:11
BRDA:3,0,0,0
BRDA:3,1,0,75
BRDA:5,2,0,105
BRDA:5,2,1,0
BRDA:9,3,0,30
BRDA:9,3,1,75
BRDA:9,4,0,105
BRDA:9,4,1,30
BRF:8
BRH:6
end_of_record
TN:
SF:helper/generic-response.js
FN:2,(anonymous_0)
FNF:1
FNH:1
FNDA:19,(anonymous_0)
DA:1,3
DA:3,19
DA:8,19
LF:3
LH:3
BRDA:5,0,0,19
BRDA:5,0,1,0
BRF:2
BRH:1
end_of_record
TN:
SF:helper/sendmail.js
FN:18,sendMail
FNF:1
FNH:1
FNDA:5,sendMail
DA:1,3
DA:2,3
DA:3,3
DA:6,3
DA:7,3
DA:8,3
DA:9,3
DA:11,3
DA:16,3
DA:19,5
DA:20,5
DA:22,5
DA:34,5
DA:41,5
DA:43,5
DA:45,0
DA:50,3
LF:17
LH:16
BRF:0
BRH:0
end_of_record
TN:
SF:middlewares/auth.js
FN:4,(anonymous_0)
FN:30,(anonymous_1)
FNF:2
FNH:2
FNDA:104,(anonymous_0)
FNDA:3,(anonymous_1)
DA:1,3
DA:2,3
DA:3,3
DA:4,3
DA:5,104
DA:6,104
DA:7,104
DA:8,104
DA:9,14
DA:12,90
DA:13,89
DA:19,89
DA:20,0
DA:22,89
DA:24,89
DA:26,15
DA:30,3
DA:31,3
DA:32,3
DA:33,3
DA:34,3
DA:35,1
DA:37,2
DA:38,2
DA:39,1
DA:41,1
DA:42,1
DA:43,1
DA:45,2
DA:49,3
LF:30
LH:29
BRDA:7,0,0,95
BRDA:7,0,1,9
BRDA:8,1,0,14
BRDA:8,1,1,90
BRDA:19,2,0,0
BRDA:19,2,1,89
BRDA:33,3,0,2
BRDA:33,3,1,1
BRDA:34,4,0,1
BRDA:34,4,1,2
BRDA:38,5,0,1
BRDA:38,5,1,1
BRF:12
BRH:11
end_of_record
TN:
SF:middlewares/req-res-logger.js
FN:4,logRequest
FN:17,logResponse
FN:49,(anonymous_2)
FNF:3
FNH:3
FNDA:148,logRequest
FNDA:148,logResponse
FNDA:148,(anonymous_2)
DA:1,3
DA:2,3
DA:5,148
DA:11,148
DA:12,148
DA:13,148
DA:18,148
DA:19,148
DA:21,148
DA:22,148
DA:24,148
DA:31,148
DA:32,89
DA:35,148
DA:36,30
DA:37,30
DA:38,30
DA:42,148
DA:43,148
DA:44,148
DA:45,148
DA:49,3
DA:50,148
DA:55,148
DA:56,0
DA:59,148
DA:62,148
DA:63,0
DA:67,148
DA:69,148
DA:71,148
LF:31
LH:29
BRDA:12,0,0,148
BRDA:12,0,1,0
BRDA:31,1,0,89
BRDA:31,1,1,59
BRDA:35,2,0,30
BRDA:35,2,1,118
BRDA:37,3,0,30
BRDA:37,3,1,0
BRDA:44,4,0,148
BRDA:44,4,1,0
BRDA:55,5,0,0
BRDA:55,5,1,148
BRDA:62,6,0,0
BRDA:62,6,1,148
BRF:14
BRH:9
end_of_record
TN:
SF:middlewares/user-verification.js
FN:1,(anonymous_0)
FNF:1
FNH:1
FNDA:81,(anonymous_0)
DA:1,3
DA:2,81
DA:3,81
DA:4,74
DA:6,7
DA:9,0
DA:13,3
LF:7
LH:6
BRDA:3,0,0,74
BRDA:3,0,1,7
BRF:2
BRH:2
end_of_record
TN:
SF:models/designation.model.js
FN:3,(anonymous_0)
FN:5,(anonymous_1)
FNF:2
FNH:2
FNDA:3,(anonymous_0)
FNDA:3,(anonymous_1)
DA:2,3
DA:3,3
DA:6,3
DA:12,3
DA:30,3
LF:5
LH:5
BRF:0
BRH:0
end_of_record
TN:
SF:models/index.js
FN:21,(anonymous_0)
FN:24,(anonymous_1)
FN:29,(anonymous_2)
FNF:3
FNH:3
FNDA:21,(anonymous_0)
FNDA:18,(anonymous_1)
FNDA:18,(anonymous_2)
DA:3,3
DA:4,3
DA:5,3
DA:6,3
DA:7,3
DA:8,3
DA:9,3
DA:10,3
DA:13,3
DA:14,0
DA:16,3
DA:19,3
DA:22,21
DA:25,18
DA:26,18
DA:29,3
DA:30,18
DA:31,18
DA:35,3
DA:36,3
DA:38,3
LF:21
LH:20
BRDA:8,0,0,3
BRDA:8,0,1,0
BRDA:13,1,0,0
BRDA:13,1,1,3
BRDA:22,2,0,21
BRDA:22,2,1,21
BRDA:22,2,2,18
BRDA:30,3,0,18
BRDA:30,3,1,0
BRF:9
BRH:6
end_of_record
TN:
SF:models/role.model.js
FN:3,(anonymous_0)
FN:5,(anonymous_1)
FNF:2
FNH:2
FNDA:3,(anonymous_0)
FNDA:3,(anonymous_1)
DA:2,3
DA:3,3
DA:6,3
DA:12,3
DA:34,3
LF:5
LH:5
BRF:0
BRH:0
end_of_record
TN:
SF:models/user.model.js
FN:3,(anonymous_0)
FN:5,(anonymous_1)
FNF:2
FNH:2
FNDA:3,(anonymous_0)
FNDA:3,(anonymous_1)
DA:2,3
DA:3,3
DA:6,3
DA:11,3
DA:16,3
DA:22,3
DA:30,3
DA:89,3
LF:8
LH:8
BRF:0
BRH:0
end_of_record
TN:
SF:models/userDesignationMapping.model.js
FN:3,(anonymous_0)
FN:5,(anonymous_1)
FNF:2
FNH:2
FNDA:3,(anonymous_0)
FNDA:3,(anonymous_1)
DA:2,3
DA:3,3
DA:6,3
DA:9,3
DA:14,3
DA:39,3
LF:6
LH:6
BRF:0
BRH:0
end_of_record
TN:
SF:models/userReporteeMapping.model.js
FN:3,(anonymous_0)
FN:5,(anonymous_1)
FNF:2
FNH:2
FNDA:3,(anonymous_0)
FNDA:3,(anonymous_1)
DA:2,3
DA:3,3
DA:6,3
DA:10,3
DA:16,3
DA:41,3
LF:6
LH:6
BRF:0
BRH:0
end_of_record
TN:
SF:models/userRoleMapping.model.js
FN:3,(anonymous_0)
FN:5,(anonymous_1)
FNF:2
FNH:2
FNDA:3,(anonymous_0)
FNDA:3,(anonymous_1)
DA:2,3
DA:3,3
DA:6,3
DA:9,3
DA:14,3
DA:40,3
LF:6
LH:6
BRF:0
BRH:0
end_of_record
TN:
SF:routes/admin.route.js
FNF:0
FNH:0
DA:1,3
DA:3,3
DA:4,3
DA:5,3
DA:6,3
DA:7,3
DA:9,3
DA:11,3
DA:20,3
DA:28,3
DA:37,3
DA:46,3
DA:56,3
DA:63,3
DA:71,3
DA:80,3
DA:88,3
DA:96,3
LF:18
LH:18
BRF:0
BRH:0
end_of_record
TN:
SF:routes/index.js
FN:5,camelCaseToDash
FN:10,(anonymous_1)
FN:13,(anonymous_2)
FN:26,(anonymous_3)
FNF:4
FNH:4
FNDA:6,camelCaseToDash
FNDA:3,(anonymous_1)
FNDA:9,(anonymous_2)
FNDA:3,(anonymous_3)
DA:1,3
DA:2,3
DA:3,3
DA:6,6
DA:10,3
DA:11,3
DA:13,3
DA:14,9
DA:15,9
DA:16,6
DA:22,3
DA:26,3
DA:27,3
DA:29,3
DA:30,6
DA:31,6
DA:35,3
LF:17
LH:17
BRDA:15,0,0,6
BRDA:15,0,1,3
BRDA:15,1,0,9
BRDA:15,1,1,9
BRF:4
BRH:4
end_of_record
TN:
SF:routes/user.route.js
FNF:0
FNH:0
DA:1,3
DA:3,3
DA:4,3
DA:5,3
DA:6,3
DA:8,3
DA:11,3
DA:17,3
DA:23,3
DA:29,3
DA:36,3
DA:43,3
DA:50,3
DA:58,3
DA:66,3
DA:73,3
DA:82,3
LF:17
LH:17
BRF:0
BRH:0
end_of_record
TN:
SF:services/designation.service.js
FN:3,(anonymous_0)
FN:42,(anonymous_1)
FNF:2
FNH:2
FNDA:4,(anonymous_0)
FNDA:4,(anonymous_1)
DA:1,3
DA:3,3
DA:4,4
DA:5,4
DA:7,4
DA:13,4
DA:14,1
DA:17,3
DA:19,3
DA:28,3
DA:29,1
DA:31,2
DA:32,1
DA:35,1
DA:39,1
DA:42,3
DA:43,4
DA:44,4
DA:50,4
DA:51,1
DA:54,3
DA:63,3
DA:64,1
DA:67,2
DA:69,2
DA:70,1
DA:73,1
DA:80,1
DA:82,1
DA:89,1
DA:92,3
LF:31
LH:31
BRDA:13,0,0,1
BRDA:13,0,1,3
BRDA:28,1,0,1
BRDA:28,1,1,2
BRDA:31,2,0,1
BRDA:31,2,1,1
BRDA:50,3,0,1
BRDA:50,3,1,3
BRDA:63,4,0,1
BRDA:63,4,1,2
BRDA:69,5,0,1
BRDA:69,5,1,1
BRDA:80,6,0,0
BRDA:80,6,1,1
BRF:14
BRH:13
end_of_record
TN:
SF:services/user.service.js
FN:12,(anonymous_0)
FN:22,(anonymous_1)
FN:78,(anonymous_2)
FN:89,(anonymous_3)
FN:102,(anonymous_4)
FN:107,(anonymous_5)
FN:134,(anonymous_6)
FN:158,(anonymous_7)
FN:195,(anonymous_8)
FN:225,(anonymous_9)
FN:258,(anonymous_10)
FN:275,(anonymous_11)
FN:339,(anonymous_12)
FNF:13
FNH:12
FNDA:3,(anonymous_0)
FNDA:5,(anonymous_1)
FNDA:1,(anonymous_2)
FNDA:2,(anonymous_3)
FNDA:0,(anonymous_4)
FNDA:5,(anonymous_5)
FNDA:2,(anonymous_6)
FNDA:3,(anonymous_7)
FNDA:3,(anonymous_8)
FNDA:4,(anonymous_9)
FNDA:2,(anonymous_10)
FNDA:48,(anonymous_11)
FNDA:2,(anonymous_12)
DA:1,3
DA:2,3
DA:3,3
DA:4,3
DA:5,3
DA:6,3
DA:7,3
DA:8,3
DA:9,3
DA:10,3
DA:12,3
DA:13,3
DA:14,3
DA:15,3
DA:16,3
DA:17,3
DA:22,3
DA:23,5
DA:25,5
DA:27,5
DA:47,5
DA:48,1
DA:51,4
DA:52,4
DA:53,1
DA:56,3
DA:61,3
DA:67,3
DA:68,3
DA:69,3
DA:71,3
DA:78,3
DA:79,1
DA:83,1
DA:89,3
DA:90,2
DA:91,2
DA:93,2
DA:98,1
DA:102,3
DA:103,0
DA:104,0
DA:107,3
DA:108,5
DA:109,5
DA:110,5
DA:111,5
DA:113,5
DA:114,1
DA:120,1
DA:122,4
DA:123,2
DA:130,2
DA:131,0
DA:134,2
DA:135,2
DA:136,2
DA:137,2
DA:138,1
DA:141,1
DA:144,2
DA:145,2
DA:146,2
DA:147,1
DA:149,1
DA:150,1
DA:151,0
DA:153,1
DA:154,1
DA:158,3
DA:159,3
DA:160,3
DA:162,3
DA:163,1
DA:166,2
DA:186,2
DA:187,1
DA:190,1
DA:191,1
DA:195,3
DA:197,3
DA:198,3
DA:204,3
DA:205,1
DA:207,2
DA:208,2
DA:209,2
DA:210,2
DA:212,2
DA:214,2
DA:215,2
DA:216,2
DA:218,2
DA:220,2
DA:221,0
DA:225,3
DA:227,4
DA:228,4
DA:229,4
DA:240,4
DA:241,1
DA:244,3
DA:245,1
DA:248,2
DA:254,2
DA:255,2
DA:258,3
DA:259,2
DA:261,2
DA:267,2
DA:268,1
DA:270,1
DA:275,3
DA:276,48
DA:277,48
DA:278,48
DA:279,48
DA:280,48
DA:281,48
DA:284,48
DA:285,1
DA:287,47
DA:291,47
DA:292,47
DA:293,47
DA:300,47
DA:301,1
DA:304,46
DA:312,46
DA:313,46
DA:321,46
DA:322,1
DA:324,45
DA:331,45
DA:332,45
DA:334,3
DA:335,3
DA:339,3
DA:340,2
DA:341,2
DA:342,2
DA:343,2
DA:346,2
DA:347,1
DA:349,1
DA:350,1
DA:351,1
DA:356,1
DA:361,1
DA:362,1
DA:363,1
DA:364,1
DA:365,1
DA:369,3
LF:154
LH:149
BRDA:47,0,0,1
BRDA:47,0,1,4
BRDA:52,1,0,1
BRDA:52,1,1,3
BRDA:90,2,0,0
BRDA:90,2,1,2
BRDA:91,3,0,1
BRDA:91,3,1,1
BRDA:107,4,0,0
BRDA:107,5,0,3
BRDA:108,6,0,5
BRDA:108,6,1,3
BRDA:109,7,0,5
BRDA:109,7,1,0
BRDA:110,8,0,5
BRDA:110,8,1,2
BRDA:111,9,0,5
BRDA:111,9,1,3
BRDA:113,10,0,1
BRDA:113,10,1,4
BRDA:113,11,0,5
BRDA:113,11,1,3
BRDA:122,12,0,2
BRDA:122,12,1,2
BRDA:122,13,0,4
BRDA:122,13,1,2
BRDA:130,14,0,0
BRDA:130,14,1,2
BRDA:137,15,0,1
BRDA:137,15,1,1
BRDA:144,16,0,2
BRDA:144,16,1,0
BRDA:146,17,0,1
BRDA:146,17,1,1
BRDA:150,18,0,0
BRDA:150,18,1,1
BRDA:162,19,0,1
BRDA:162,19,1,2
BRDA:186,20,0,1
BRDA:186,20,1,1
BRDA:204,21,0,1
BRDA:204,21,1,2
BRDA:220,22,0,2
BRDA:220,22,1,0
BRDA:240,23,0,1
BRDA:240,23,1,3
BRDA:244,24,0,1
BRDA:244,24,1,2
BRDA:267,25,0,1
BRDA:267,25,1,1
BRDA:284,26,0,1
BRDA:284,26,1,47
BRDA:292,27,0,47
BRDA:292,27,1,0
BRDA:300,28,0,1
BRDA:300,28,1,46
BRDA:312,29,0,46
BRDA:312,29,1,0
BRDA:321,30,0,1
BRDA:321,30,1,45
BRDA:346,31,0,1
BRDA:346,31,1,1
BRF:62
BRH:53
end_of_record
TN:
SF:services/userReportee.service.js
FN:111,(anonymous_0)
FN:144,(anonymous_1)
FN:178,(anonymous_2)
FN:185,(anonymous_3)
FN:191,(anonymous_4)
FN:197,(anonymous_5)
FNF:6
FNH:6
FNDA:9,(anonymous_0)
FNDA:7,(anonymous_1)
FNDA:2,(anonymous_2)
FNDA:5,(anonymous_3)
FNDA:2,(anonymous_4)
FNDA:5,(anonymous_5)
DA:108,3
DA:111,3
DA:113,9
DA:114,9
DA:116,8
DA:117,8
DA:119,6
DA:123,5
DA:129,5
DA:130,1
DA:131,4
DA:135,4
DA:140,1
DA:144,3
DA:146,7
DA:147,7
DA:149,6
DA:150,6
DA:152,4
DA:153,3
DA:159,3
DA:160,2
DA:166,2
DA:170,1
DA:178,3
DA:179,2
DA:180,2
DA:182,2
DA:185,3
DA:186,5
DA:188,5
DA:191,3
DA:192,2
DA:193,2
DA:195,2
DA:197,3
DA:198,5
DA:200,5
DA:203,3
LF:39
LH:39
BRDA:114,0,0,1
BRDA:114,0,1,8
BRDA:117,1,0,2
BRDA:117,1,1,6
BRDA:119,2,0,5
BRDA:119,2,1,1
BRDA:129,3,0,1
BRDA:129,3,1,4
BRDA:147,4,0,1
BRDA:147,4,1,6
BRDA:150,5,0,2
BRDA:150,5,1,4
BRDA:152,6,0,3
BRDA:152,6,1,1
BRDA:159,7,0,1
BRDA:159,7,1,2
BRF:16
BRH:16
end_of_record
TN:
SF:utility/faker.js
FN:3,createRandomUser
FNF:1
FNH:1
FNDA:48,createRandomUser
DA:1,3
DA:5,48
DA:14,48
DA:15,48
DA:16,48
DA:19,3
LF:6
LH:6
BRDA:11,0,0,48
BRDA:11,0,1,1
BRDA:12,1,0,48
BRDA:12,1,1,18
BRF:4
BRH:4
end_of_record
TN:
SF:utility/logger.js
FN:6,(anonymous_0)
FN:13,(anonymous_1)
FNF:2
FNH:2
FNDA:3,(anonymous_0)
FNDA:148,(anonymous_1)
DA:1,3
DA:2,3
DA:3,3
DA:6,3
DA:7,3
DA:13,3
DA:14,148
DA:15,0
DA:17,148
DA:22,148
DA:25,3
LF:11
LH:10
BRDA:6,0,0,3
BRDA:13,1,0,0
BRDA:14,2,0,0
BRDA:14,2,1,148
BRF:4
BRH:2
end_of_record
TN:
SF:utility/redis.js
FN:4,(anonymous_0)
FN:9,(anonymous_1)
FN:13,(anonymous_2)
FN:19,(anonymous_3)
FN:25,(anonymous_4)
FN:29,(anonymous_5)
FNF:6
FNH:5
FNDA:3,(anonymous_0)
FNDA:3,(anonymous_1)
FNDA:7,(anonymous_2)
FNDA:9,(anonymous_3)
FNDA:0,(anonymous_4)
FNDA:3,(anonymous_5)
DA:1,3
DA:2,3
DA:4,3
DA:5,3
DA:8,3
DA:9,3
DA:10,3
DA:13,3
DA:14,7
DA:15,7
DA:16,7
DA:19,3
DA:20,9
DA:21,0
DA:22,9
DA:25,3
DA:26,0
DA:29,3
DA:30,3
DA:33,3
LF:20
LH:18
BRDA:19,0,0,4
BRDA:20,1,0,0
BRDA:20,1,1,9
BRF:3
BRH:2
end_of_record
TN:
SF:utility/serializers.js
FN:3,maskSensitiveData
FN:12,(anonymous_1)
FN:24,stringify
FN:32,reqSerializer
FN:52,resSerializer
FNF:5
FNH:5
FNDA:592,maskSensitiveData
FNDA:1776,(anonymous_1)
FNDA:592,stringify
FNDA:296,reqSerializer
FNDA:148,resSerializer
DA:1,3
DA:4,592
DA:5,592
DA:7,592
DA:8,0
DA:10,592
DA:11,592
DA:12,592
DA:13,1776
DA:14,1504
DA:16,272
DA:18,592
DA:20,0
DA:25,592
DA:26,592
DA:28,0
DA:31,3
DA:33,296
DA:34,0
DA:37,296
DA:38,296
DA:40,296
DA:53,148
DA:54,0
DA:57,148
LF:25
LH:20
BRDA:7,0,0,0
BRDA:7,0,1,592
BRDA:13,1,0,1504
BRDA:13,1,1,272
BRDA:25,2,0,592
BRDA:25,2,1,0
BRDA:33,3,0,0
BRDA:33,3,1,296
BRDA:53,4,0,0
BRDA:53,4,1,148
BRF:10
BRH:6
end_of_record
TN:
SF:validators/designation.validator.js
FN:5,(anonymous_0)
FNF:1
FNH:1
FNDA:12,(anonymous_0)
DA:1,3
DA:2,3
DA:4,3
DA:6,12
DA:11,12
LF:5
LH:5
BRF:0
BRH:0
end_of_record
TN:
SF:validators/index.js
FNF:0
FNH:0
DA:1,3
DA:2,3
DA:3,3
DA:4,3
LF:4
LH:4
BRF:0
BRH:0
end_of_record
TN:
SF:validators/user.validator.js
FN:16,(anonymous_0)
FN:24,(anonymous_1)
FN:39,(anonymous_2)
FN:52,(anonymous_3)
FN:59,(anonymous_4)
FN:66,(anonymous_5)
FN:73,(anonymous_6)
FN:81,(anonymous_7)
FN:88,(anonymous_8)
FN:95,(anonymous_9)
FN:102,(anonymous_10)
FNF:11
FNH:10
FNDA:7,(anonymous_0)
FNDA:32,(anonymous_1)
FNDA:25,(anonymous_2)
FNDA:0,(anonymous_3)
FNDA:5,(anonymous_4)
FNDA:4,(anonymous_5)
FNDA:4,(anonymous_6)
FNDA:4,(anonymous_7)
FNDA:4,(anonymous_8)
FNDA:5,(anonymous_9)
FNDA:3,(anonymous_10)
DA:1,3
DA:2,3
DA:3,3
DA:5,3
DA:14,3
DA:17,7
DA:21,7
DA:25,32
DA:36,32
DA:40,25
DA:49,25
DA:53,0
DA:56,0
DA:60,5
DA:63,5
DA:67,4
DA:70,4
DA:74,4
DA:78,4
DA:82,4
DA:85,4
DA:89,4
DA:92,4
DA:96,5
DA:99,5
DA:103,3
DA:106,3
LF:27
LH:25
BRF:0
BRH:0
end_of_record
TN:
SF:validators/userReportee.validator.js
FN:6,(anonymous_0)
FN:13,(anonymous_1)
FNF:2
FNH:2
FNDA:6,(anonymous_0)
FNDA:12,(anonymous_1)
DA:1,3
DA:2,3
DA:5,3
DA:7,6
DA:10,6
DA:14,12
DA:18,12
LF:7
LH:7
BRF:0
BRH:0
end_of_record
